#
# There is insufficient memory for the Java Runtime Environment to continue.
# Native memory allocation (malloc) failed to allocate 1836016 bytes for Chunk::new
# Possible reasons:
#   The system is out of physical RAM or swap space
#   The process is running with CompressedOops enabled, and the Java Heap may be blocking the growth of the native heap
# Possible solutions:
#   Reduce memory load on the system
#   Increase physical memory or swap space
#   Check if swap backing store is full
#   Decrease Java heap size (-Xmx/-Xms)
#   Decrease number of Java threads
#   Decrease Java thread stack sizes (-Xss)
#   Set larger code cache with -XX:ReservedCodeCacheSize=
#   JVM is running with Zero Based Compressed Oops mode in which the Java heap is
#     placed in the first 32GB address space. The Java Heap base address is the
#     maximum limit for the native heap growth. Please use -XX:HeapBaseMinAddress
#     to set the Java Heap base and to place the Java Heap above 32GB virtual address.
# This output file may be truncated or incomplete.
#
#  Out of Memory Error (arena.cpp:168), pid=39200, tid=11664
#
# JRE version: Java(TM) SE Runtime Environment (21.0.6+8) (build 21.0.6+8-LTS-188)
# Java VM: Java HotSpot(TM) 64-Bit Server VM (21.0.6+8-LTS-188, mixed mode, sharing, tiered, compressed oops, compressed class ptrs, g1 gc, windows-amd64)
# No core dump will be written. Minidumps are not enabled by default on client versions of Windows
#

---------------  S U M M A R Y ------------

Command Line: -javaagent:C:\Users\pc\AppData\Local\JetBrains\IntelliJ IDEA Community Edition 2024.1.3\lib\idea_rt.jar=46945:C:\Users\pc\AppData\Local\JetBrains\IntelliJ IDEA Community Edition 2024.1.3\bin -Dfile.encoding=UTF-8 com.TodayTask.Admin.Panel.AdminPanelApplication

Host: Intel(R) Core(TM) i7-8650U CPU @ 1.90GHz, 8 cores, 15G,  Windows 11 , 64 bit Build 26100 (10.0.26100.3912)
Time: Sun May 11 00:20:20 2025 India Standard Time elapsed time: 37.364020 seconds (0d 0h 0m 37s)

---------------  T H R E A D  ---------------

Current thread (0x000001ae9fc4c990):  JavaThread "C2 CompilerThread0" daemon [_thread_in_native, id=11664, stack(0x0000004315800000,0x0000004315900000) (1024K)]


Current CompileTask:
C2:  37364 8412       4       org.springframework.transaction.interceptor.AbstractFallbackTransactionAttributeSource::getTransactionAttribute (176 bytes)

Stack: [0x0000004315800000,0x0000004315900000]
Native frames: (J=compiled Java code, j=interpreted, Vv=VM code, C=native code)
V  [jvm.dll+0x6ca6d9]
V  [jvm.dll+0x854f51]
V  [jvm.dll+0x85747e]
V  [jvm.dll+0x857b53]
V  [jvm.dll+0x27dcc6]
V  [jvm.dll+0xc4c2d]
V  [jvm.dll+0xc5163]
V  [jvm.dll+0x3b5122]
V  [jvm.dll+0x381855]
V  [jvm.dll+0x380cca]
V  [jvm.dll+0x246920]
V  [jvm.dll+0x245eff]
V  [jvm.dll+0x1c6d2e]
V  [jvm.dll+0x2554f9]
V  [jvm.dll+0x253a8a]
V  [jvm.dll+0x3ee576]
V  [jvm.dll+0x7ff2fb]
V  [jvm.dll+0x6c8dbd]
C  [ucrtbase.dll+0x37b0]
C  [KERNEL32.DLL+0x2e8d7]
C  [ntdll.dll+0x9c5dc]


---------------  P R O C E S S  ---------------

Threads class SMR info:
_java_thread_list=0x000001aee59e6490, length=32, elements={
0x000001ae9fc3c380, 0x000001ae9fc3f3e0, 0x000001ae9fc42430, 0x000001ae9fc45360,
0x000001ae9fc463c0, 0x000001ae9fc440f0, 0x000001ae9fc4c990, 0x000001ae9fc56440,
0x000001aee50b0950, 0x000001aee5599c20, 0x000001aee559a280, 0x000001aee7eb2410,
0x000001aee7eafcb0, 0x000001aee7eb0340, 0x000001aee7eb1060, 0x000001aee7eb09d0,
0x000001aee7eb16f0, 0x000001aee9041820, 0x000001aee903fde0, 0x000001aee903f0c0,
0x000001aee903f750, 0x000001aee9041eb0, 0x000001aee9040470, 0x000001aee903ea30,
0x000001aee9042540, 0x000001aee9042bd0, 0x000001aee90438f0, 0x000001aee9043260,
0x000001aee9043f80, 0x000001aee9040b00, 0x000001aee9044610, 0x000001aee7963020
}

Java Threads: ( => current thread )
  0x000001ae9fc3c380 JavaThread "Reference Handler"          daemon [_thread_blocked, id=16120, stack(0x0000004315200000,0x0000004315300000) (1024K)]
  0x000001ae9fc3f3e0 JavaThread "Finalizer"                  daemon [_thread_blocked, id=19256, stack(0x0000004315300000,0x0000004315400000) (1024K)]
  0x000001ae9fc42430 JavaThread "Signal Dispatcher"          daemon [_thread_blocked, id=27300, stack(0x0000004315400000,0x0000004315500000) (1024K)]
  0x000001ae9fc45360 JavaThread "Attach Listener"            daemon [_thread_blocked, id=3424, stack(0x0000004315500000,0x0000004315600000) (1024K)]
  0x000001ae9fc463c0 JavaThread "Service Thread"             daemon [_thread_blocked, id=24804, stack(0x0000004315600000,0x0000004315700000) (1024K)]
  0x000001ae9fc440f0 JavaThread "Monitor Deflation Thread"   daemon [_thread_blocked, id=26368, stack(0x0000004315700000,0x0000004315800000) (1024K)]
=>0x000001ae9fc4c990 JavaThread "C2 CompilerThread0"         daemon [_thread_in_native, id=11664, stack(0x0000004315800000,0x0000004315900000) (1024K)]
  0x000001ae9fc56440 JavaThread "C1 CompilerThread0"         daemon [_thread_blocked, id=37596, stack(0x0000004315900000,0x0000004315a00000) (1024K)]
  0x000001aee50b0950 JavaThread "Common-Cleaner"             daemon [_thread_blocked, id=28744, stack(0x0000004315a00000,0x0000004315b00000) (1024K)]
  0x000001aee5599c20 JavaThread "Monitor Ctrl-Break"         daemon [_thread_in_native, id=26400, stack(0x0000004315c00000,0x0000004315d00000) (1024K)]
  0x000001aee559a280 JavaThread "Notification Thread"        daemon [_thread_blocked, id=26444, stack(0x0000004315d00000,0x0000004315e00000) (1024K)]
  0x000001aee7eb2410 JavaThread "Catalina-utility-1"                [_thread_blocked, id=19744, stack(0x0000004316800000,0x0000004316900000) (1024K)]
  0x000001aee7eafcb0 JavaThread "Catalina-utility-2"                [_thread_blocked, id=32120, stack(0x0000004316a00000,0x0000004316b00000) (1024K)]
  0x000001aee7eb0340 JavaThread "container-0"                       [_thread_blocked, id=4568, stack(0x0000004316b00000,0x0000004316c00000) (1024K)]
  0x000001aee7eb1060 JavaThread "mysql-cj-abandoned-connection-cleanup" daemon [_thread_blocked, id=26664, stack(0x0000004316c00000,0x0000004316d00000) (1024K)]
  0x000001aee7eb09d0 JavaThread "HikariPool-1 housekeeper"   daemon [_thread_blocked, id=37012, stack(0x0000004316e00000,0x0000004316f00000) (1024K)]
  0x000001aee7eb16f0 JavaThread "File Watcher"               daemon [_thread_blocked, id=25820, stack(0x0000004316f00000,0x0000004317000000) (1024K)]
  0x000001aee9041820 JavaThread "Live Reload Server"         daemon [_thread_in_native, id=35184, stack(0x0000004317100000,0x0000004317200000) (1024K)]
  0x000001aee903fde0 JavaThread "http-nio-8088-exec-1"       daemon [_thread_blocked, id=25352, stack(0x0000004317000000,0x0000004317100000) (1024K)]
  0x000001aee903f0c0 JavaThread "http-nio-8088-exec-2"       daemon [_thread_blocked, id=26848, stack(0x0000004317200000,0x0000004317300000) (1024K)]
  0x000001aee903f750 JavaThread "http-nio-8088-exec-3"       daemon [_thread_blocked, id=25320, stack(0x0000004317300000,0x0000004317400000) (1024K)]
  0x000001aee9041eb0 JavaThread "http-nio-8088-exec-4"       daemon [_thread_blocked, id=22040, stack(0x0000004317400000,0x0000004317500000) (1024K)]
  0x000001aee9040470 JavaThread "http-nio-8088-exec-5"       daemon [_thread_blocked, id=30532, stack(0x0000004317500000,0x0000004317600000) (1024K)]
  0x000001aee903ea30 JavaThread "http-nio-8088-exec-6"       daemon [_thread_blocked, id=23548, stack(0x0000004317600000,0x0000004317700000) (1024K)]
  0x000001aee9042540 JavaThread "http-nio-8088-exec-7"       daemon [_thread_blocked, id=23464, stack(0x0000004317700000,0x0000004317800000) (1024K)]
  0x000001aee9042bd0 JavaThread "http-nio-8088-exec-8"       daemon [_thread_blocked, id=30588, stack(0x0000004317800000,0x0000004317900000) (1024K)]
  0x000001aee90438f0 JavaThread "http-nio-8088-exec-9"       daemon [_thread_blocked, id=30400, stack(0x0000004317900000,0x0000004317a00000) (1024K)]
  0x000001aee9043260 JavaThread "http-nio-8088-exec-10"      daemon [_thread_blocked, id=29488, stack(0x0000004317a00000,0x0000004317b00000) (1024K)]
  0x000001aee9043f80 JavaThread "http-nio-8088-Poller"       daemon [_thread_in_native, id=11368, stack(0x0000004317b00000,0x0000004317c00000) (1024K)]
  0x000001aee9040b00 JavaThread "http-nio-8088-Acceptor"     daemon [_thread_in_native, id=3860, stack(0x0000004317c00000,0x0000004317d00000) (1024K)]
  0x000001aee9044610 JavaThread "DestroyJavaVM"                     [_thread_blocked, id=28496, stack(0x0000004314a00000,0x0000004314b00000) (1024K)]
  0x000001aee7963020 JavaThread "C2 CompilerThread1"         daemon [_thread_in_native, id=25072, stack(0x0000004316300000,0x0000004316400000) (1024K)]
Total: 32

Other Threads:
  0x000001aefe8e72f0 VMThread "VM Thread"                           [id=26128, stack(0x0000004315100000,0x0000004315200000) (1024K)]
  0x000001ae9fc0acc0 WatcherThread "VM Periodic Task Thread"        [id=34108, stack(0x0000004315000000,0x0000004315100000) (1024K)]
  0x000001aefe8e7dd0 WorkerThread "GC Thread#0"                     [id=28956, stack(0x0000004314b00000,0x0000004314c00000) (1024K)]
  0x000001aefe8e8510 WorkerThread "GC Thread#1"                     [id=3264, stack(0x0000004315e00000,0x0000004315f00000) (1024K)]
  0x000001aefe8e6bb0 WorkerThread "GC Thread#2"                     [id=35824, stack(0x0000004315f00000,0x0000004316000000) (1024K)]
  0x000001aefe8e6f50 WorkerThread "GC Thread#3"                     [id=21472, stack(0x0000004316000000,0x0000004316100000) (1024K)]
  0x000001aee619f8b0 WorkerThread "GC Thread#4"                     [id=22888, stack(0x0000004316100000,0x0000004316200000) (1024K)]
  0x000001aee619f170 WorkerThread "GC Thread#5"                     [id=37116, stack(0x0000004316200000,0x0000004316300000) (1024K)]
  0x000001aee619e2f0 WorkerThread "GC Thread#6"                     [id=20636, stack(0x0000004316600000,0x0000004316700000) (1024K)]
  0x000001aee619fc50 WorkerThread "GC Thread#7"                     [id=8324, stack(0x0000004316700000,0x0000004316800000) (1024K)]
  0x000001aefeac1c60 ConcurrentGCThread "G1 Main Marker"            [id=8452, stack(0x0000004314c00000,0x0000004314d00000) (1024K)]
  0x000001aefe8e7a30 WorkerThread "G1 Conc#0"                       [id=33864, stack(0x0000004314d00000,0x0000004314e00000) (1024K)]
  0x000001aee619e690 WorkerThread "G1 Conc#1"                       [id=36272, stack(0x0000004316900000,0x0000004316a00000) (1024K)]
  0x000001ae9fad11f0 ConcurrentGCThread "G1 Refine#0"               [id=26132, stack(0x0000004314e00000,0x0000004314f00000) (1024K)]
  0x000001ae9fad1a10 ConcurrentGCThread "G1 Service"                [id=26496, stack(0x0000004314f00000,0x0000004315000000) (1024K)]
Total: 15

Threads with active compile tasks:
C2 CompilerThread0    38454 8412       4       org.springframework.transaction.interceptor.AbstractFallbackTransactionAttributeSource::getTransactionAttribute (176 bytes)
C2 CompilerThread1    38454 8448       4       org.springframework.core.ResolvableType::getGenerics (197 bytes)
Total: 2

VM state: not at safepoint (normal execution)

VM Mutex/Monitor currently owned by a thread: None

Heap address: 0x0000000702200000, size: 4062 MB, Compressed Oops mode: Zero based, Oop shift amount: 3

CDS archive(s) mapped at: [0x000001aea0000000-0x000001aea0c90000-0x000001aea0c90000), size 13172736, SharedBaseAddress: 0x000001aea0000000, ArchiveRelocationMode: 1.
Compressed class space mapped at: 0x000001aea1000000-0x000001aee1000000, reserved size: 1073741824
Narrow klass base: 0x000001aea0000000, Narrow klass shift: 0, Narrow klass range: 0x100000000

GC Precious Log:
 CardTable entry size: 512
 Card Set container configuration: InlinePtr #cards 4 size 8 Array Of Cards #cards 16 size 48 Howl #buckets 8 coarsen threshold 3686 Howl Bitmap #cards 512 size 80 coarsen threshold 460 Card regions per heap region 1 cards per card region 4096
 CPUs: 8 total, 8 available
 Memory: 16242M
 Large Page Support: Disabled
 NUMA Support: Disabled
 Compressed Oops: Enabled (Zero based)
 Heap Region Size: 2M
 Heap Min Capacity: 8M
 Heap Initial Capacity: 254M
 Heap Max Capacity: 4062M
 Pre-touch: Disabled
 Parallel Workers: 8
 Concurrent Workers: 2
 Concurrent Refinement Workers: 8
 Periodic GC: Disabled

Heap:
 garbage-first heap   total 319488K, used 177940K [0x0000000702200000, 0x0000000800000000)
  region size 2048K, 13 young (26624K), 5 survivors (10240K)
 Metaspace       used 85012K, committed 85824K, reserved 1179648K
  class space    used 11642K, committed 12032K, reserved 1048576K

Heap Regions: E=young(eden), S=young(survivor), O=old, HS=humongous(starts), HC=humongous(continues), CS=collection set, F=free, TAMS=top-at-mark-start, PB=parsable bottom
|   0|0x0000000702200000, 0x0000000702400000, 0x0000000702400000|100%| O|  |TAMS 0x0000000702200000| PB 0x0000000702200000| Untracked 
|   1|0x0000000702400000, 0x0000000702600000, 0x0000000702600000|100%| O|  |TAMS 0x0000000702400000| PB 0x0000000702400000| Untracked 
|   2|0x0000000702600000, 0x0000000702800000, 0x0000000702800000|100%| O|  |TAMS 0x0000000702600000| PB 0x0000000702600000| Untracked 
|   3|0x0000000702800000, 0x0000000702a00000, 0x0000000702a00000|100%| O|  |TAMS 0x0000000702800000| PB 0x0000000702800000| Untracked 
|   4|0x0000000702a00000, 0x0000000702c00000, 0x0000000702c00000|100%| O|  |TAMS 0x0000000702a00000| PB 0x0000000702a00000| Untracked 
|   5|0x0000000702c00000, 0x0000000702e00000, 0x0000000702e00000|100%| O|  |TAMS 0x0000000702c00000| PB 0x0000000702c00000| Untracked 
|   6|0x0000000702e00000, 0x0000000703000000, 0x0000000703000000|100%| O|  |TAMS 0x0000000702e00000| PB 0x0000000702e00000| Untracked 
|   7|0x0000000703000000, 0x0000000703200000, 0x0000000703200000|100%| O|  |TAMS 0x0000000703000000| PB 0x0000000703000000| Untracked 
|   8|0x0000000703200000, 0x0000000703400000, 0x0000000703400000|100%| O|  |TAMS 0x0000000703200000| PB 0x0000000703200000| Untracked 
|   9|0x0000000703400000, 0x0000000703600000, 0x0000000703600000|100%| O|  |TAMS 0x0000000703400000| PB 0x0000000703400000| Untracked 
|  10|0x0000000703600000, 0x0000000703800000, 0x0000000703800000|100%| O|  |TAMS 0x0000000703600000| PB 0x0000000703600000| Untracked 
|  11|0x0000000703800000, 0x0000000703a00000, 0x0000000703a00000|100%| O|  |TAMS 0x0000000703800000| PB 0x0000000703800000| Untracked 
|  12|0x0000000703a00000, 0x0000000703c00000, 0x0000000703c00000|100%| O|  |TAMS 0x0000000703a00000| PB 0x0000000703a00000| Untracked 
|  13|0x0000000703c00000, 0x0000000703e00000, 0x0000000703e00000|100%| O|  |TAMS 0x0000000703c00000| PB 0x0000000703c00000| Untracked 
|  14|0x0000000703e00000, 0x0000000704000000, 0x0000000704000000|100%| O|  |TAMS 0x0000000703e00000| PB 0x0000000703e00000| Untracked 
|  15|0x0000000704000000, 0x0000000704200000, 0x0000000704200000|100%| O|  |TAMS 0x0000000704000000| PB 0x0000000704000000| Untracked 
|  16|0x0000000704200000, 0x0000000704400000, 0x0000000704400000|100%| O|Cm|TAMS 0x0000000704200000| PB 0x0000000704200000| Complete 
|  17|0x0000000704400000, 0x0000000704600000, 0x0000000704600000|100%| O|Cm|TAMS 0x0000000704400000| PB 0x0000000704400000| Complete 
|  18|0x0000000704600000, 0x0000000704800000, 0x0000000704800000|100%| O|Cm|TAMS 0x0000000704600000| PB 0x0000000704600000| Complete 
|  19|0x0000000704800000, 0x0000000704a00000, 0x0000000704a00000|100%| O|Cm|TAMS 0x0000000704800000| PB 0x0000000704800000| Complete 
|  20|0x0000000704a00000, 0x0000000704c00000, 0x0000000704c00000|100%| O|Cm|TAMS 0x0000000704a00000| PB 0x0000000704a00000| Complete 
|  21|0x0000000704c00000, 0x0000000704e00000, 0x0000000704e00000|100%| O|  |TAMS 0x0000000704c00000| PB 0x0000000704c00000| Untracked 
|  22|0x0000000704e00000, 0x0000000705000000, 0x0000000705000000|100%| O|Cm|TAMS 0x0000000704e00000| PB 0x0000000704e00000| Complete 
|  23|0x0000000705000000, 0x0000000705200000, 0x0000000705200000|100%| O|Cm|TAMS 0x0000000705000000| PB 0x0000000705000000| Complete 
|  24|0x0000000705200000, 0x0000000705400000, 0x0000000705400000|100%| O|  |TAMS 0x0000000705200000| PB 0x0000000705200000| Untracked 
|  25|0x0000000705400000, 0x0000000705600000, 0x0000000705600000|100%| O|Cm|TAMS 0x0000000705400000| PB 0x0000000705400000| Complete 
|  26|0x0000000705600000, 0x0000000705800000, 0x0000000705800000|100%| O|Cm|TAMS 0x0000000705600000| PB 0x0000000705600000| Complete 
|  27|0x0000000705800000, 0x0000000705a00000, 0x0000000705a00000|100%| O|Cm|TAMS 0x0000000705800000| PB 0x0000000705800000| Complete 
|  28|0x0000000705a00000, 0x0000000705c00000, 0x0000000705c00000|100%| O|Cm|TAMS 0x0000000705a00000| PB 0x0000000705a00000| Complete 
|  29|0x0000000705c00000, 0x0000000705e00000, 0x0000000705e00000|100%| O|  |TAMS 0x0000000705c00000| PB 0x0000000705c00000| Untracked 
|  30|0x0000000705e00000, 0x0000000705e00000, 0x0000000706000000|  0%| F|  |TAMS 0x0000000705e00000| PB 0x0000000705e00000| Untracked 
|  31|0x0000000706000000, 0x0000000706200000, 0x0000000706200000|100%| O|  |TAMS 0x0000000706000000| PB 0x0000000706000000| Untracked 
|  32|0x0000000706200000, 0x0000000706400000, 0x0000000706400000|100%| O|  |TAMS 0x0000000706200000| PB 0x0000000706200000| Untracked 
|  33|0x0000000706400000, 0x0000000706600000, 0x0000000706600000|100%| O|  |TAMS 0x0000000706400000| PB 0x0000000706400000| Untracked 
|  34|0x0000000706600000, 0x0000000706800000, 0x0000000706800000|100%| O|  |TAMS 0x0000000706600000| PB 0x0000000706600000| Untracked 
|  35|0x0000000706800000, 0x0000000706a00000, 0x0000000706a00000|100%| O|  |TAMS 0x0000000706800000| PB 0x0000000706800000| Untracked 
|  36|0x0000000706a00000, 0x0000000706c00000, 0x0000000706c00000|100%| O|  |TAMS 0x0000000706a00000| PB 0x0000000706a00000| Untracked 
|  37|0x0000000706c00000, 0x0000000706e00000, 0x0000000706e00000|100%|HS|  |TAMS 0x0000000706c00000| PB 0x0000000706c00000| Complete 
|  38|0x0000000706e00000, 0x0000000707000000, 0x0000000707000000|100%|HC|  |TAMS 0x0000000706e00000| PB 0x0000000706e00000| Complete 
|  39|0x0000000707000000, 0x0000000707000000, 0x0000000707200000|  0%| F|  |TAMS 0x0000000707000000| PB 0x0000000707000000| Untracked 
|  40|0x0000000707200000, 0x0000000707400000, 0x0000000707400000|100%| O|  |TAMS 0x0000000707200000| PB 0x0000000707200000| Untracked 
|  41|0x0000000707400000, 0x0000000707600000, 0x0000000707600000|100%| O|  |TAMS 0x0000000707400000| PB 0x0000000707400000| Untracked 
|  42|0x0000000707600000, 0x0000000707800000, 0x0000000707800000|100%| O|  |TAMS 0x0000000707600000| PB 0x0000000707600000| Untracked 
|  43|0x0000000707800000, 0x0000000707a00000, 0x0000000707a00000|100%| O|  |TAMS 0x0000000707800000| PB 0x0000000707800000| Untracked 
|  44|0x0000000707a00000, 0x0000000707c00000, 0x0000000707c00000|100%| O|  |TAMS 0x0000000707a00000| PB 0x0000000707a00000| Untracked 
|  45|0x0000000707c00000, 0x0000000707e00000, 0x0000000707e00000|100%| O|  |TAMS 0x0000000707c00000| PB 0x0000000707c00000| Untracked 
|  46|0x0000000707e00000, 0x0000000708000000, 0x0000000708000000|100%| O|  |TAMS 0x0000000707e00000| PB 0x0000000707e00000| Untracked 
|  47|0x0000000708000000, 0x0000000708200000, 0x0000000708200000|100%| O|  |TAMS 0x0000000708000000| PB 0x0000000708000000| Untracked 
|  48|0x0000000708200000, 0x0000000708400000, 0x0000000708400000|100%| O|  |TAMS 0x0000000708200000| PB 0x0000000708200000| Untracked 
|  49|0x0000000708400000, 0x0000000708600000, 0x0000000708600000|100%| O|  |TAMS 0x0000000708400000| PB 0x0000000708400000| Untracked 
|  50|0x0000000708600000, 0x0000000708800000, 0x0000000708800000|100%| O|  |TAMS 0x0000000708600000| PB 0x0000000708600000| Untracked 
|  51|0x0000000708800000, 0x0000000708a00000, 0x0000000708a00000|100%| O|  |TAMS 0x0000000708800000| PB 0x0000000708800000| Untracked 
|  52|0x0000000708a00000, 0x0000000708c00000, 0x0000000708c00000|100%| O|  |TAMS 0x0000000708a00000| PB 0x0000000708a00000| Untracked 
|  53|0x0000000708c00000, 0x0000000708e00000, 0x0000000708e00000|100%| O|  |TAMS 0x0000000708c00000| PB 0x0000000708c00000| Untracked 
|  54|0x0000000708e00000, 0x0000000709000000, 0x0000000709000000|100%| O|  |TAMS 0x0000000708e00000| PB 0x0000000708e00000| Untracked 
|  55|0x0000000709000000, 0x0000000709200000, 0x0000000709200000|100%| O|  |TAMS 0x0000000709000000| PB 0x0000000709000000| Untracked 
|  56|0x0000000709200000, 0x0000000709400000, 0x0000000709400000|100%| O|  |TAMS 0x0000000709200000| PB 0x0000000709200000| Untracked 
|  57|0x0000000709400000, 0x0000000709600000, 0x0000000709600000|100%| O|  |TAMS 0x0000000709400000| PB 0x0000000709400000| Untracked 
|  58|0x0000000709600000, 0x0000000709800000, 0x0000000709800000|100%| O|  |TAMS 0x0000000709600000| PB 0x0000000709600000| Untracked 
|  59|0x0000000709800000, 0x0000000709a00000, 0x0000000709a00000|100%| O|  |TAMS 0x0000000709800000| PB 0x0000000709800000| Untracked 
|  60|0x0000000709a00000, 0x0000000709c00000, 0x0000000709c00000|100%| O|  |TAMS 0x0000000709a00000| PB 0x0000000709a00000| Untracked 
|  61|0x0000000709c00000, 0x0000000709e00000, 0x0000000709e00000|100%| O|  |TAMS 0x0000000709c00000| PB 0x0000000709c00000| Untracked 
|  62|0x0000000709e00000, 0x000000070a000000, 0x000000070a000000|100%| O|  |TAMS 0x0000000709e00000| PB 0x0000000709e00000| Untracked 
|  63|0x000000070a000000, 0x000000070a200000, 0x000000070a200000|100%| O|  |TAMS 0x000000070a000000| PB 0x000000070a000000| Untracked 
|  64|0x000000070a200000, 0x000000070a400000, 0x000000070a400000|100%| O|  |TAMS 0x000000070a200000| PB 0x000000070a200000| Untracked 
|  65|0x000000070a400000, 0x000000070a600000, 0x000000070a600000|100%| O|  |TAMS 0x000000070a400000| PB 0x000000070a400000| Untracked 
|  66|0x000000070a600000, 0x000000070a800000, 0x000000070a800000|100%| O|  |TAMS 0x000000070a600000| PB 0x000000070a600000| Untracked 
|  67|0x000000070a800000, 0x000000070aa00000, 0x000000070aa00000|100%| O|  |TAMS 0x000000070a800000| PB 0x000000070a800000| Untracked 
|  68|0x000000070aa00000, 0x000000070ac00000, 0x000000070ac00000|100%| O|  |TAMS 0x000000070aa00000| PB 0x000000070aa00000| Untracked 
|  69|0x000000070ac00000, 0x000000070ad23d60, 0x000000070ae00000| 56%| O|  |TAMS 0x000000070ac00000| PB 0x000000070ac00000| Untracked 
|  70|0x000000070ae00000, 0x000000070b000000, 0x000000070b000000|100%|HS|  |TAMS 0x000000070ae00000| PB 0x000000070ae00000| Complete 
|  71|0x000000070b000000, 0x000000070b200000, 0x000000070b200000|100%|HC|  |TAMS 0x000000070b000000| PB 0x000000070b000000| Complete 
|  72|0x000000070b200000, 0x000000070b400000, 0x000000070b400000|100%|HS|  |TAMS 0x000000070b200000| PB 0x000000070b200000| Complete 
|  73|0x000000070b400000, 0x000000070b600000, 0x000000070b600000|100%|HC|  |TAMS 0x000000070b400000| PB 0x000000070b400000| Complete 
|  74|0x000000070b600000, 0x000000070b600000, 0x000000070b800000|  0%| F|  |TAMS 0x000000070b600000| PB 0x000000070b600000| Untracked 
|  75|0x000000070b800000, 0x000000070b800000, 0x000000070ba00000|  0%| F|  |TAMS 0x000000070b800000| PB 0x000000070b800000| Untracked 
|  76|0x000000070ba00000, 0x000000070ba00000, 0x000000070bc00000|  0%| F|  |TAMS 0x000000070ba00000| PB 0x000000070ba00000| Untracked 
|  77|0x000000070bc00000, 0x000000070bc00000, 0x000000070be00000|  0%| F|  |TAMS 0x000000070bc00000| PB 0x000000070bc00000| Untracked 
|  78|0x000000070be00000, 0x000000070be00000, 0x000000070c000000|  0%| F|  |TAMS 0x000000070be00000| PB 0x000000070be00000| Untracked 
|  79|0x000000070c000000, 0x000000070c000000, 0x000000070c200000|  0%| F|  |TAMS 0x000000070c000000| PB 0x000000070c000000| Untracked 
|  80|0x000000070c200000, 0x000000070c200000, 0x000000070c400000|  0%| F|  |TAMS 0x000000070c200000| PB 0x000000070c200000| Untracked 
|  81|0x000000070c400000, 0x000000070c400000, 0x000000070c600000|  0%| F|  |TAMS 0x000000070c400000| PB 0x000000070c400000| Untracked 
|  82|0x000000070c600000, 0x000000070c600000, 0x000000070c800000|  0%| F|  |TAMS 0x000000070c600000| PB 0x000000070c600000| Untracked 
|  83|0x000000070c800000, 0x000000070c800000, 0x000000070ca00000|  0%| F|  |TAMS 0x000000070c800000| PB 0x000000070c800000| Untracked 
|  84|0x000000070ca00000, 0x000000070ca00000, 0x000000070cc00000|  0%| F|  |TAMS 0x000000070ca00000| PB 0x000000070ca00000| Untracked 
|  85|0x000000070cc00000, 0x000000070cc00000, 0x000000070ce00000|  0%| F|  |TAMS 0x000000070cc00000| PB 0x000000070cc00000| Untracked 
|  86|0x000000070ce00000, 0x000000070ce00000, 0x000000070d000000|  0%| F|  |TAMS 0x000000070ce00000| PB 0x000000070ce00000| Untracked 
|  87|0x000000070d000000, 0x000000070d000000, 0x000000070d200000|  0%| F|  |TAMS 0x000000070d000000| PB 0x000000070d000000| Untracked 
|  88|0x000000070d200000, 0x000000070d200000, 0x000000070d400000|  0%| F|  |TAMS 0x000000070d200000| PB 0x000000070d200000| Untracked 
|  89|0x000000070d400000, 0x000000070d400000, 0x000000070d600000|  0%| F|  |TAMS 0x000000070d400000| PB 0x000000070d400000| Untracked 
|  90|0x000000070d600000, 0x000000070d600000, 0x000000070d800000|  0%| F|  |TAMS 0x000000070d600000| PB 0x000000070d600000| Untracked 
|  91|0x000000070d800000, 0x000000070d800000, 0x000000070da00000|  0%| F|  |TAMS 0x000000070d800000| PB 0x000000070d800000| Untracked 
|  92|0x000000070da00000, 0x000000070da00000, 0x000000070dc00000|  0%| F|  |TAMS 0x000000070da00000| PB 0x000000070da00000| Untracked 
|  93|0x000000070dc00000, 0x000000070dc00000, 0x000000070de00000|  0%| F|  |TAMS 0x000000070dc00000| PB 0x000000070dc00000| Untracked 
|  94|0x000000070de00000, 0x000000070de00000, 0x000000070e000000|  0%| F|  |TAMS 0x000000070de00000| PB 0x000000070de00000| Untracked 
|  95|0x000000070e000000, 0x000000070e000000, 0x000000070e200000|  0%| F|  |TAMS 0x000000070e000000| PB 0x000000070e000000| Untracked 
|  96|0x000000070e200000, 0x000000070e200000, 0x000000070e400000|  0%| F|  |TAMS 0x000000070e200000| PB 0x000000070e200000| Untracked 
|  97|0x000000070e400000, 0x000000070e400000, 0x000000070e600000|  0%| F|  |TAMS 0x000000070e400000| PB 0x000000070e400000| Untracked 
|  98|0x000000070e600000, 0x000000070e600000, 0x000000070e800000|  0%| F|  |TAMS 0x000000070e600000| PB 0x000000070e600000| Untracked 
|  99|0x000000070e800000, 0x000000070e800000, 0x000000070ea00000|  0%| F|  |TAMS 0x000000070e800000| PB 0x000000070e800000| Untracked 
| 100|0x000000070ea00000, 0x000000070ea00000, 0x000000070ec00000|  0%| F|  |TAMS 0x000000070ea00000| PB 0x000000070ea00000| Untracked 
| 101|0x000000070ec00000, 0x000000070ec00000, 0x000000070ee00000|  0%| F|  |TAMS 0x000000070ec00000| PB 0x000000070ec00000| Untracked 
| 102|0x000000070ee00000, 0x000000070eea1490, 0x000000070f000000| 31%| S|CS|TAMS 0x000000070ee00000| PB 0x000000070ee00000| Complete 
| 103|0x000000070f000000, 0x000000070f200000, 0x000000070f200000|100%| S|CS|TAMS 0x000000070f000000| PB 0x000000070f000000| Complete 
| 104|0x000000070f200000, 0x000000070f400000, 0x000000070f400000|100%| S|CS|TAMS 0x000000070f200000| PB 0x000000070f200000| Complete 
| 105|0x000000070f400000, 0x000000070f600000, 0x000000070f600000|100%| S|CS|TAMS 0x000000070f400000| PB 0x000000070f400000| Complete 
| 106|0x000000070f600000, 0x000000070f800000, 0x000000070f800000|100%| S|CS|TAMS 0x000000070f600000| PB 0x000000070f600000| Complete 
| 107|0x000000070f800000, 0x000000070f800000, 0x000000070fa00000|  0%| F|  |TAMS 0x000000070f800000| PB 0x000000070f800000| Untracked 
| 108|0x000000070fa00000, 0x000000070fa00000, 0x000000070fc00000|  0%| F|  |TAMS 0x000000070fa00000| PB 0x000000070fa00000| Untracked 
| 109|0x000000070fc00000, 0x000000070fc00000, 0x000000070fe00000|  0%| F|  |TAMS 0x000000070fc00000| PB 0x000000070fc00000| Untracked 
| 110|0x000000070fe00000, 0x000000070fe00000, 0x0000000710000000|  0%| F|  |TAMS 0x000000070fe00000| PB 0x000000070fe00000| Untracked 
| 111|0x0000000710000000, 0x0000000710000000, 0x0000000710200000|  0%| F|  |TAMS 0x0000000710000000| PB 0x0000000710000000| Untracked 
| 112|0x0000000710200000, 0x0000000710200000, 0x0000000710400000|  0%| F|  |TAMS 0x0000000710200000| PB 0x0000000710200000| Untracked 
| 113|0x0000000710400000, 0x0000000710400000, 0x0000000710600000|  0%| F|  |TAMS 0x0000000710400000| PB 0x0000000710400000| Untracked 
| 114|0x0000000710600000, 0x0000000710600000, 0x0000000710800000|  0%| F|  |TAMS 0x0000000710600000| PB 0x0000000710600000| Untracked 
| 115|0x0000000710800000, 0x0000000710800000, 0x0000000710a00000|  0%| F|  |TAMS 0x0000000710800000| PB 0x0000000710800000| Untracked 
| 116|0x0000000710a00000, 0x0000000710a00000, 0x0000000710c00000|  0%| F|  |TAMS 0x0000000710a00000| PB 0x0000000710a00000| Untracked 
| 117|0x0000000710c00000, 0x0000000710c00000, 0x0000000710e00000|  0%| F|  |TAMS 0x0000000710c00000| PB 0x0000000710c00000| Untracked 
| 118|0x0000000710e00000, 0x0000000710e00000, 0x0000000711000000|  0%| F|  |TAMS 0x0000000710e00000| PB 0x0000000710e00000| Untracked 
| 119|0x0000000711000000, 0x0000000711000000, 0x0000000711200000|  0%| F|  |TAMS 0x0000000711000000| PB 0x0000000711000000| Untracked 
| 120|0x0000000711200000, 0x0000000711200000, 0x0000000711400000|  0%| F|  |TAMS 0x0000000711200000| PB 0x0000000711200000| Untracked 
| 121|0x0000000711400000, 0x0000000711400000, 0x0000000711600000|  0%| F|  |TAMS 0x0000000711400000| PB 0x0000000711400000| Untracked 
| 122|0x0000000711600000, 0x0000000711600000, 0x0000000711800000|  0%| F|  |TAMS 0x0000000711600000| PB 0x0000000711600000| Untracked 
| 123|0x0000000711800000, 0x0000000711800000, 0x0000000711a00000|  0%| F|  |TAMS 0x0000000711800000| PB 0x0000000711800000| Untracked 
| 124|0x0000000711a00000, 0x0000000711a00000, 0x0000000711c00000|  0%| F|  |TAMS 0x0000000711a00000| PB 0x0000000711a00000| Untracked 
| 125|0x0000000711c00000, 0x0000000711c00000, 0x0000000711e00000|  0%| F|  |TAMS 0x0000000711c00000| PB 0x0000000711c00000| Untracked 
| 126|0x0000000711e00000, 0x0000000711e00000, 0x0000000712000000|  0%| F|  |TAMS 0x0000000711e00000| PB 0x0000000711e00000| Untracked 
| 127|0x0000000712000000, 0x0000000712000000, 0x0000000712200000|  0%| F|  |TAMS 0x0000000712000000| PB 0x0000000712000000| Untracked 
| 128|0x0000000712200000, 0x0000000712200000, 0x0000000712400000|  0%| F|  |TAMS 0x0000000712200000| PB 0x0000000712200000| Untracked 
| 129|0x0000000712400000, 0x0000000712400000, 0x0000000712600000|  0%| F|  |TAMS 0x0000000712400000| PB 0x0000000712400000| Untracked 
| 130|0x0000000712600000, 0x0000000712600000, 0x0000000712800000|  0%| F|  |TAMS 0x0000000712600000| PB 0x0000000712600000| Untracked 
| 131|0x0000000712800000, 0x0000000712800000, 0x0000000712a00000|  0%| F|  |TAMS 0x0000000712800000| PB 0x0000000712800000| Untracked 
| 132|0x0000000712a00000, 0x0000000712a00000, 0x0000000712c00000|  0%| F|  |TAMS 0x0000000712a00000| PB 0x0000000712a00000| Untracked 
| 133|0x0000000712c00000, 0x0000000712c00000, 0x0000000712e00000|  0%| F|  |TAMS 0x0000000712c00000| PB 0x0000000712c00000| Untracked 
| 134|0x0000000712e00000, 0x0000000712e00000, 0x0000000713000000|  0%| F|  |TAMS 0x0000000712e00000| PB 0x0000000712e00000| Untracked 
| 135|0x0000000713000000, 0x0000000713000000, 0x0000000713200000|  0%| F|  |TAMS 0x0000000713000000| PB 0x0000000713000000| Untracked 
| 136|0x0000000713200000, 0x0000000713200000, 0x0000000713400000|  0%| F|  |TAMS 0x0000000713200000| PB 0x0000000713200000| Untracked 
| 137|0x0000000713400000, 0x0000000713400000, 0x0000000713600000|  0%| F|  |TAMS 0x0000000713400000| PB 0x0000000713400000| Untracked 
| 138|0x0000000713600000, 0x0000000713600000, 0x0000000713800000|  0%| F|  |TAMS 0x0000000713600000| PB 0x0000000713600000| Untracked 
| 139|0x0000000713800000, 0x0000000713800000, 0x0000000713a00000|  0%| F|  |TAMS 0x0000000713800000| PB 0x0000000713800000| Untracked 
| 140|0x0000000713a00000, 0x0000000713a00000, 0x0000000713c00000|  0%| F|  |TAMS 0x0000000713a00000| PB 0x0000000713a00000| Untracked 
| 141|0x0000000713c00000, 0x0000000713c00000, 0x0000000713e00000|  0%| F|  |TAMS 0x0000000713c00000| PB 0x0000000713c00000| Untracked 
| 142|0x0000000713e00000, 0x0000000713e00000, 0x0000000714000000|  0%| F|  |TAMS 0x0000000713e00000| PB 0x0000000713e00000| Untracked 
| 143|0x0000000714000000, 0x0000000714000000, 0x0000000714200000|  0%| F|  |TAMS 0x0000000714000000| PB 0x0000000714000000| Untracked 
| 144|0x0000000714200000, 0x00000007142f02d0, 0x0000000714400000| 46%| E|  |TAMS 0x0000000714200000| PB 0x0000000714200000| Complete 
| 145|0x0000000714400000, 0x0000000714600000, 0x0000000714600000|100%| E|CS|TAMS 0x0000000714400000| PB 0x0000000714400000| Complete 
| 146|0x0000000714600000, 0x0000000714800000, 0x0000000714800000|100%| E|CS|TAMS 0x0000000714600000| PB 0x0000000714600000| Complete 
| 147|0x0000000714800000, 0x0000000714a00000, 0x0000000714a00000|100%| E|CS|TAMS 0x0000000714800000| PB 0x0000000714800000| Complete 
| 148|0x0000000714a00000, 0x0000000714c00000, 0x0000000714c00000|100%| E|CS|TAMS 0x0000000714a00000| PB 0x0000000714a00000| Complete 
| 149|0x0000000714c00000, 0x0000000714e00000, 0x0000000714e00000|100%| E|CS|TAMS 0x0000000714c00000| PB 0x0000000714c00000| Complete 
| 150|0x0000000714e00000, 0x0000000715000000, 0x0000000715000000|100%| E|CS|TAMS 0x0000000714e00000| PB 0x0000000714e00000| Complete 
|2026|0x00000007ff600000, 0x00000007ff800000, 0x00000007ff800000|100%| O|  |TAMS 0x00000007ff600000| PB 0x00000007ff600000| Untracked 
|2027|0x00000007ff800000, 0x00000007ffa00000, 0x00000007ffa00000|100%| O|  |TAMS 0x00000007ff800000| PB 0x00000007ff800000| Untracked 
|2028|0x00000007ffa00000, 0x00000007ffc00000, 0x00000007ffc00000|100%| O|  |TAMS 0x00000007ffa00000| PB 0x00000007ffa00000| Untracked 
|2029|0x00000007ffc00000, 0x00000007ffe00000, 0x00000007ffe00000|100%| O|Cm|TAMS 0x00000007ffc00000| PB 0x00000007ffc00000| Complete 
|2030|0x00000007ffe00000, 0x0000000800000000, 0x0000000800000000|100%| E|CS|TAMS 0x00000007ffe00000| PB 0x00000007ffe00000| Complete 

Card table byte_map: [0x000001ae98fc0000,0x000001ae997b0000] _byte_map_base: 0x000001ae957af000

Marking Bits: (CMBitMap*) 0x000001aefeaaf320
 Bits: [0x000001ae997b0000, 0x000001ae9d728000)

Polling page: 0x000001aefeb00000

Metaspace:

Usage:
  Non-class:     71.65 MB used.
      Class:     11.37 MB used.
       Both:     83.02 MB used.

Virtual space:
  Non-class space:      128.00 MB reserved,      72.06 MB ( 56%) committed,  2 nodes.
      Class space:        1.00 GB reserved,      11.75 MB (  1%) committed,  1 nodes.
             Both:        1.12 GB reserved,      83.81 MB (  7%) committed. 

Chunk freelists:
   Non-Class:  7.83 MB
       Class:  4.28 MB
        Both:  12.11 MB

MaxMetaspaceSize: unlimited
CompressedClassSpaceSize: 1.00 GB
Initial GC threshold: 21.00 MB
Current GC threshold: 138.56 MB
CDS: on
 - commit_granule_bytes: 65536.
 - commit_granule_words: 8192.
 - virtual_space_node_default_size: 8388608.
 - enlarge_chunks_in_place: 1.
 - use_allocation_guard: 0.


Internal statistics:

num_allocs_failed_limit: 11.
num_arena_births: 1108.
num_arena_deaths: 0.
num_vsnodes_births: 3.
num_vsnodes_deaths: 0.
num_space_committed: 1341.
num_space_uncommitted: 0.
num_chunks_returned_to_freelist: 11.
num_chunks_taken_from_freelist: 4124.
num_chunk_merges: 9.
num_chunk_splits: 3011.
num_chunks_enlarged: 2326.
num_inconsistent_stats: 0.

CodeHeap 'non-profiled nmethods': size=120000Kb used=5269Kb max_used=5269Kb free=114731Kb
 bounds [0x000001ae912a0000, 0x000001ae917d0000, 0x000001ae987d0000]
CodeHeap 'profiled nmethods': size=120000Kb used=14077Kb max_used=14077Kb free=105922Kb
 bounds [0x000001ae897d0000, 0x000001ae8a590000, 0x000001ae90d00000]
CodeHeap 'non-nmethods': size=5760Kb used=1738Kb max_used=1842Kb free=4021Kb
 bounds [0x000001ae90d00000, 0x000001ae90f70000, 0x000001ae912a0000]
 total_blobs=8097 nmethods=7344 adapters=656
 compilation: enabled
              stopped_count=0, restarted_count=0
 full_count=0

Compilation events (20 events):
Event: 35.259 Thread 0x000001ae9fc56440 8549       3       java.lang.Integer::toHexString (6 bytes)
Event: 35.259 Thread 0x000001ae9fc56440 nmethod 8549 0x000001ae8a589790 code [0x000001ae8a589940, 0x000001ae8a589a60]
Event: 35.259 Thread 0x000001ae9fc56440 8546       3       com.fasterxml.jackson.databind.ObjectMapper::_findRootDeserializer (69 bytes)
Event: 35.260 Thread 0x000001ae9fc56440 nmethod 8546 0x000001ae8a589b10 code [0x000001ae8a589dc0, 0x000001ae8a58a9d0]
Event: 35.260 Thread 0x000001ae9fc56440 8552       3       org.springframework.web.util.RfcUriParser$InternalParser::advanceTo (54 bytes)
Event: 35.260 Thread 0x000001ae9fc56440 nmethod 8552 0x000001ae8a58ae90 code [0x000001ae8a58b0a0, 0x000001ae8a58b7c8]
Event: 35.260 Thread 0x000001ae9fc56440 8554       3       jakarta.servlet.http.HttpServletResponseWrapper::getStatus (10 bytes)
Event: 35.260 Thread 0x000001ae9fc56440 nmethod 8554 0x000001ae8a58ba90 code [0x000001ae8a58bc60, 0x000001ae8a58bfb8]
Event: 35.260 Thread 0x000001ae9fc56440 8547       3       java.lang.invoke.VarHandleReferences$Array::getAndSet (61 bytes)
Event: 35.261 Thread 0x000001ae9fc56440 nmethod 8547 0x000001ae8a58c090 code [0x000001ae8a58c340, 0x000001ae8a58d0b8]
Event: 35.261 Thread 0x000001ae9fc56440 8553       1       org.springframework.http.converter.AbstractHttpMessageConverter::getSupportedMediaTypes (5 bytes)
Event: 35.261 Thread 0x000001ae9fc56440 nmethod 8553 0x000001ae917c4a10 code [0x000001ae917c4ba0, 0x000001ae917c4c70]
Event: 35.261 Thread 0x000001ae9fc56440 8555       3       java.lang.Class::getSimpleName (36 bytes)
Event: 35.262 Thread 0x000001ae9fc56440 nmethod 8555 0x000001ae8a58d610 code [0x000001ae8a58d7e0, 0x000001ae8a58dab8]
Event: 35.262 Thread 0x000001ae9fc56440 8556       1       org.springframework.web.context.request.AbstractRequestAttributes::isRequestActive (5 bytes)
Event: 35.262 Thread 0x000001ae9fc56440 nmethod 8556 0x000001ae917c4d10 code [0x000001ae917c4ea0, 0x000001ae917c4f70]
Event: 35.262 Thread 0x000001ae9fc56440 8557       3       jdk.internal.misc.Unsafe::bool2byte (10 bytes)
Event: 35.262 Thread 0x000001ae9fc56440 nmethod 8557 0x000001ae8a58dc10 code [0x000001ae8a58dda0, 0x000001ae8a58df08]
Event: 35.484 Thread 0x000001ae9fc56440 8558       3       java.util.concurrent.locks.AbstractQueuedSynchronizer$ConditionNode::isReleasable (23 bytes)
Event: 36.338 Thread 0x000001ae9fc56440 nmethod 8558 0x000001ae8a58df90 code [0x000001ae8a58e140, 0x000001ae8a58e398]

GC Heap History (20 events):
Event: 14.798 GC heap before
{Heap before GC invocations=13 (full 0):
 garbage-first heap   total 88064K, used 71526K [0x0000000702200000, 0x0000000800000000)
  region size 2048K, 18 young (36864K), 3 survivors (6144K)
 Metaspace       used 68453K, committed 69120K, reserved 1114112K
  class space    used 9271K, committed 9600K, reserved 1048576K
}
Event: 14.810 GC heap after
{Heap after GC invocations=14 (full 0):
 garbage-first heap   total 116736K, used 51200K [0x0000000702200000, 0x0000000800000000)
  region size 2048K, 3 young (6144K), 3 survivors (6144K)
 Metaspace       used 68453K, committed 69120K, reserved 1114112K
  class space    used 9271K, committed 9600K, reserved 1048576K
}
Event: 14.918 GC heap before
{Heap before GC invocations=14 (full 0):
 garbage-first heap   total 116736K, used 90112K [0x0000000702200000, 0x0000000800000000)
  region size 2048K, 22 young (45056K), 3 survivors (6144K)
 Metaspace       used 68456K, committed 69120K, reserved 1114112K
  class space    used 9271K, committed 9600K, reserved 1048576K
}
Event: 14.932 GC heap after
{Heap after GC invocations=15 (full 0):
 garbage-first heap   total 116736K, used 66645K [0x0000000702200000, 0x0000000800000000)
  region size 2048K, 3 young (6144K), 3 survivors (6144K)
 Metaspace       used 68456K, committed 69120K, reserved 1114112K
  class space    used 9271K, committed 9600K, reserved 1048576K
}
Event: 14.992 GC heap before
{Heap before GC invocations=15 (full 0):
 garbage-first heap   total 116736K, used 93269K [0x0000000702200000, 0x0000000800000000)
  region size 2048K, 16 young (32768K), 3 survivors (6144K)
 Metaspace       used 68472K, committed 69184K, reserved 1114112K
  class space    used 9271K, committed 9600K, reserved 1048576K
}
Event: 15.001 GC heap after
{Heap after GC invocations=16 (full 0):
 garbage-first heap   total 116736K, used 69259K [0x0000000702200000, 0x0000000800000000)
  region size 2048K, 1 young (2048K), 1 survivors (2048K)
 Metaspace       used 68472K, committed 69184K, reserved 1114112K
  class space    used 9271K, committed 9600K, reserved 1048576K
}
Event: 15.498 GC heap before
{Heap before GC invocations=17 (full 0):
 garbage-first heap   total 153600K, used 95883K [0x0000000702200000, 0x0000000800000000)
  region size 2048K, 15 young (30720K), 1 survivors (2048K)
 Metaspace       used 70145K, committed 70912K, reserved 1114112K
  class space    used 9646K, committed 9984K, reserved 1048576K
}
Event: 15.501 GC heap after
{Heap after GC invocations=18 (full 0):
 garbage-first heap   total 153600K, used 69888K [0x0000000702200000, 0x0000000800000000)
  region size 2048K, 2 young (4096K), 2 survivors (4096K)
 Metaspace       used 70145K, committed 70912K, reserved 1114112K
  class space    used 9646K, committed 9984K, reserved 1048576K
}
Event: 15.644 GC heap before
{Heap before GC invocations=18 (full 0):
 garbage-first heap   total 153600K, used 125184K [0x0000000702200000, 0x0000000800000000)
  region size 2048K, 29 young (59392K), 2 survivors (4096K)
 Metaspace       used 70168K, committed 70912K, reserved 1114112K
  class space    used 9646K, committed 9984K, reserved 1048576K
}
Event: 15.647 GC heap after
{Heap after GC invocations=19 (full 0):
 garbage-first heap   total 153600K, used 69290K [0x0000000702200000, 0x0000000800000000)
  region size 2048K, 2 young (4096K), 2 survivors (4096K)
 Metaspace       used 70168K, committed 70912K, reserved 1114112K
  class space    used 9646K, committed 9984K, reserved 1048576K
}
Event: 15.753 GC heap before
{Heap before GC invocations=19 (full 0):
 garbage-first heap   total 153600K, used 130730K [0x0000000702200000, 0x0000000800000000)
  region size 2048K, 32 young (65536K), 2 survivors (4096K)
 Metaspace       used 70168K, committed 70912K, reserved 1114112K
  class space    used 9646K, committed 9984K, reserved 1048576K
}
Event: 15.772 GC heap after
{Heap after GC invocations=20 (full 0):
 garbage-first heap   total 159744K, used 93717K [0x0000000702200000, 0x0000000800000000)
  region size 2048K, 4 young (8192K), 4 survivors (8192K)
 Metaspace       used 70168K, committed 70912K, reserved 1114112K
  class space    used 9646K, committed 9984K, reserved 1048576K
}
Event: 15.814 GC heap before
{Heap before GC invocations=20 (full 0):
 garbage-first heap   total 159744K, used 118293K [0x0000000702200000, 0x0000000800000000)
  region size 2048K, 17 young (34816K), 4 survivors (8192K)
 Metaspace       used 70168K, committed 70912K, reserved 1114112K
  class space    used 9646K, committed 9984K, reserved 1048576K
}
Event: 15.829 GC heap after
{Heap after GC invocations=21 (full 0):
 garbage-first heap   total 319488K, used 105474K [0x0000000702200000, 0x0000000800000000)
  region size 2048K, 3 young (6144K), 3 survivors (6144K)
 Metaspace       used 70168K, committed 70912K, reserved 1114112K
  class space    used 9646K, committed 9984K, reserved 1048576K
}
Event: 16.073 GC heap before
{Heap before GC invocations=22 (full 0):
 garbage-first heap   total 319488K, used 209922K [0x0000000702200000, 0x0000000800000000)
  region size 2048K, 51 young (104448K), 3 survivors (6144K)
 Metaspace       used 70168K, committed 70912K, reserved 1114112K
  class space    used 9646K, committed 9984K, reserved 1048576K
}
Event: 16.102 GC heap after
{Heap after GC invocations=23 (full 0):
 garbage-first heap   total 319488K, used 149363K [0x0000000702200000, 0x0000000800000000)
  region size 2048K, 7 young (14336K), 7 survivors (14336K)
 Metaspace       used 70168K, committed 70912K, reserved 1114112K
  class space    used 9646K, committed 9984K, reserved 1048576K
}
Event: 16.237 GC heap before
{Heap before GC invocations=23 (full 0):
 garbage-first heap   total 319488K, used 227187K [0x0000000702200000, 0x0000000800000000)
  region size 2048K, 45 young (92160K), 7 survivors (14336K)
 Metaspace       used 70177K, committed 70912K, reserved 1114112K
  class space    used 9646K, committed 9984K, reserved 1048576K
}
Event: 16.250 GC heap after
{Heap after GC invocations=24 (full 0):
 garbage-first heap   total 319488K, used 153333K [0x0000000702200000, 0x0000000800000000)
  region size 2048K, 2 young (4096K), 2 survivors (4096K)
 Metaspace       used 70177K, committed 70912K, reserved 1114112K
  class space    used 9646K, committed 9984K, reserved 1048576K
}
Event: 26.141 GC heap before
{Heap before GC invocations=24 (full 0):
 garbage-first heap   total 319488K, used 237301K [0x0000000702200000, 0x0000000800000000)
  region size 2048K, 44 young (90112K), 2 survivors (4096K)
 Metaspace       used 84133K, committed 84928K, reserved 1179648K
  class space    used 11597K, committed 11968K, reserved 1048576K
}
Event: 26.151 GC heap after
{Heap after GC invocations=25 (full 0):
 garbage-first heap   total 319488K, used 159508K [0x0000000702200000, 0x0000000800000000)
  region size 2048K, 5 young (10240K), 5 survivors (10240K)
 Metaspace       used 84133K, committed 84928K, reserved 1179648K
  class space    used 11597K, committed 11968K, reserved 1048576K
}

Dll operation events (14 events):
Event: 0.013 Loaded shared library C:\Program Files\Java\jdk-21\bin\java.dll
Event: 0.051 Loaded shared library C:\Program Files\Java\jdk-21\bin\jsvml.dll
Event: 0.155 Loaded shared library C:\Program Files\Java\jdk-21\bin\zip.dll
Event: 0.158 Loaded shared library C:\Program Files\Java\jdk-21\bin\instrument.dll
Event: 0.162 Loaded shared library C:\Program Files\Java\jdk-21\bin\net.dll
Event: 0.164 Loaded shared library C:\Program Files\Java\jdk-21\bin\nio.dll
Event: 0.168 Loaded shared library C:\Program Files\Java\jdk-21\bin\zip.dll
Event: 0.305 Loaded shared library C:\Users\pc\AppData\Local\JetBrains\IntelliJ IDEA Community Edition 2024.1.3\bin\breakgen64.dll
Event: 0.312 Loaded shared library C:\Program Files\Java\jdk-21\bin\extnet.dll
Event: 0.402 Loaded shared library C:\Program Files\Java\jdk-21\bin\jimage.dll
Event: 0.964 Loaded shared library C:\Program Files\Java\jdk-21\bin\management.dll
Event: 0.969 Loaded shared library C:\Program Files\Java\jdk-21\bin\management_ext.dll
Event: 3.450 Loaded shared library C:\Program Files\Java\jdk-21\bin\sunmscapi.dll
Event: 9.230 Loaded shared library C:\Program Files\Java\jdk-21\bin\verify.dll

Deoptimization events (20 events):
Event: 31.298 Thread 0x000001aee903f0c0 Uncommon trap: trap_request=0xffffffc6 fr.pc=0x000001ae91773914 relative=0x00000000000001b4
Event: 31.298 Thread 0x000001aee903ea30 Uncommon trap: trap_request=0xffffffc6 fr.pc=0x000001ae91773914 relative=0x00000000000001b4
Event: 31.298 Thread 0x000001aee903f0c0 Uncommon trap: reason=bimorphic_or_optimized_type_check action=maybe_recompile pc=0x000001ae91773914 method=java.util.regex.Pattern.lambda$negate$7(Ljava/util/regex/Pattern$CharPredicate;I)Z @ 2 c2
Event: 31.298 Thread 0x000001aee903ea30 Uncommon trap: reason=bimorphic_or_optimized_type_check action=maybe_recompile pc=0x000001ae91773914 method=java.util.regex.Pattern.lambda$negate$7(Ljava/util/regex/Pattern$CharPredicate;I)Z @ 2 c2
Event: 31.298 Thread 0x000001aee903f0c0 DEOPT PACKING pc=0x000001ae91773914 sp=0x00000043172fa350
Event: 31.298 Thread 0x000001aee903ea30 DEOPT PACKING pc=0x000001ae91773914 sp=0x00000043176fa2e0
Event: 31.298 Thread 0x000001aee903f0c0 DEOPT UNPACKING pc=0x000001ae90d546a2 sp=0x00000043172fa270 mode 2
Event: 31.298 Thread 0x000001aee903f0c0 Uncommon trap: trap_request=0xffffffc6 fr.pc=0x000001ae91773914 relative=0x00000000000001b4
Event: 31.298 Thread 0x000001aee903f0c0 Uncommon trap: reason=bimorphic_or_optimized_type_check action=maybe_recompile pc=0x000001ae91773914 method=java.util.regex.Pattern.lambda$negate$7(Ljava/util/regex/Pattern$CharPredicate;I)Z @ 2 c2
Event: 31.298 Thread 0x000001aee903f0c0 DEOPT PACKING pc=0x000001ae91773914 sp=0x00000043172fa350
Event: 31.298 Thread 0x000001aee903f0c0 DEOPT UNPACKING pc=0x000001ae90d546a2 sp=0x00000043172fa270 mode 2
Event: 31.298 Thread 0x000001aee903f0c0 Uncommon trap: trap_request=0xffffffc6 fr.pc=0x000001ae91773914 relative=0x00000000000001b4
Event: 31.299 Thread 0x000001aee903f0c0 Uncommon trap: reason=bimorphic_or_optimized_type_check action=maybe_recompile pc=0x000001ae91773914 method=java.util.regex.Pattern.lambda$negate$7(Ljava/util/regex/Pattern$CharPredicate;I)Z @ 2 c2
Event: 31.299 Thread 0x000001aee903ea30 DEOPT UNPACKING pc=0x000001ae90d546a2 sp=0x00000043176fa200 mode 2
Event: 31.299 Thread 0x000001aee903f0c0 DEOPT PACKING pc=0x000001ae91773914 sp=0x00000043172fa350
Event: 31.299 Thread 0x000001aee903f0c0 DEOPT UNPACKING pc=0x000001ae90d546a2 sp=0x00000043172fa270 mode 2
Event: 31.329 Thread 0x000001aee903f0c0 Uncommon trap: trap_request=0xffffff45 fr.pc=0x000001ae91787d1c relative=0x000000000000105c
Event: 31.329 Thread 0x000001aee903f0c0 Uncommon trap: reason=unstable_if action=reinterpret pc=0x000001ae91787d1c method=com.mysql.cj.util.StringInspector.indexOfNextChar(Ljava/util/Set;)I @ 243 c2
Event: 31.329 Thread 0x000001aee903f0c0 DEOPT PACKING pc=0x000001ae91787d1c sp=0x00000043172f9660
Event: 31.329 Thread 0x000001aee903f0c0 DEOPT UNPACKING pc=0x000001ae90d546a2 sp=0x00000043172f95e8 mode 2

Classes loaded (20 events):
Event: 25.223 Loading class java/util/zip/GZIPOutputStream
Event: 25.223 Loading class java/util/zip/GZIPOutputStream done
Event: 25.223 Loading class java/util/zip/GZIPInputStream
Event: 25.223 Loading class java/util/zip/GZIPInputStream done
Event: 25.337 Loading class sun/nio/cs/US_ASCII$Encoder
Event: 25.337 Loading class sun/nio/cs/US_ASCII$Encoder done
Event: 25.339 Loading class com/sun/crypto/provider/HmacCore$HmacSHA256
Event: 25.339 Loading class com/sun/crypto/provider/HmacCore$HmacSHA256 done
Event: 25.587 Loading class java/util/AbstractMap$SimpleEntry
Event: 25.587 Loading class java/util/AbstractMap$SimpleEntry done
Event: 25.841 Loading class java/util/function/LongSupplier
Event: 25.841 Loading class java/util/function/LongSupplier done
Event: 25.856 Loading class java/util/stream/LongStream
Event: 25.857 Loading class java/util/stream/LongStream done
Event: 25.857 Loading class java/util/stream/DoubleStream
Event: 25.857 Loading class java/util/stream/DoubleStream done
Event: 25.938 Loading class org/w3c/dom/Node
Event: 25.939 Loading class org/w3c/dom/Node done
Event: 25.939 Loading class org/w3c/dom/Document
Event: 25.939 Loading class org/w3c/dom/Document done

Classes unloaded (0 events):
No events

Classes redefined (0 events):
No events

Internal exceptions (20 events):
Event: 26.049 Thread 0x000001aee9041eb0 Exception <a 'java/lang/IncompatibleClassChangeError'{0x000000070fb51bb8}: Found class java.lang.Object, but interface was expected> (0x000000070fb51bb8) 
thrown [s\open\src\hotspot\share\interpreter\linkResolver.cpp, line 840]
Event: 26.204 Thread 0x000001aee903f750 Exception <a 'sun/nio/fs/WindowsException'{0x0000000714e2c2c8}> (0x0000000714e2c2c8) 
thrown [s\open\src\hotspot\share\prims\jni.cpp, line 520]
Event: 26.204 Thread 0x000001aee903f750 Implicit null exception at 0x000001ae91775561 to 0x000001ae91775f44
Event: 26.292 Thread 0x000001aee903ea30 Exception <a 'sun/nio/fs/WindowsException'{0x0000000714cbc280}> (0x0000000714cbc280) 
thrown [s\open\src\hotspot\share\prims\jni.cpp, line 520]
Event: 26.312 Thread 0x000001aee903f0c0 Exception <a 'sun/nio/fs/WindowsException'{0x0000000714d377a8}> (0x0000000714d377a8) 
thrown [s\open\src\hotspot\share\prims\jni.cpp, line 520]
Event: 26.355 Thread 0x000001aee903fde0 Exception <a 'sun/nio/fs/WindowsException'{0x0000000714db0f08}> (0x0000000714db0f08) 
thrown [s\open\src\hotspot\share\prims\jni.cpp, line 520]
Event: 26.378 Thread 0x000001aee90438f0 Exception <a 'sun/nio/fs/WindowsException'{0x00000007ffe2f188}> (0x00000007ffe2f188) 
thrown [s\open\src\hotspot\share\prims\jni.cpp, line 520]
Event: 26.404 Thread 0x000001aee9043260 Exception <a 'sun/nio/fs/WindowsException'{0x00000007ffebe8c8}> (0x00000007ffebe8c8) 
thrown [s\open\src\hotspot\share\prims\jni.cpp, line 520]
Event: 26.420 Thread 0x000001aee9041eb0 Exception <a 'sun/nio/fs/WindowsException'{0x00000007fffaa088}> (0x00000007fffaa088) 
thrown [s\open\src\hotspot\share\prims\jni.cpp, line 520]
Event: 26.437 Thread 0x000001aee9042bd0 Exception <a 'sun/nio/fs/WindowsException'{0x0000000714a457e8}> (0x0000000714a457e8) 
thrown [s\open\src\hotspot\share\prims\jni.cpp, line 520]
Event: 26.455 Thread 0x000001aee903f750 Exception <a 'sun/nio/fs/WindowsException'{0x0000000714a85da0}> (0x0000000714a85da0) 
thrown [s\open\src\hotspot\share\prims\jni.cpp, line 520]
Event: 35.134 Thread 0x000001aee9040470 Exception <a 'sun/nio/fs/WindowsException'{0x0000000714718840}> (0x0000000714718840) 
thrown [s\open\src\hotspot\share\prims\jni.cpp, line 520]
Event: 35.154 Thread 0x000001aee903fde0 Exception <a 'sun/nio/fs/WindowsException'{0x0000000714412db0}> (0x0000000714412db0) 
thrown [s\open\src\hotspot\share\prims\jni.cpp, line 520]
Event: 35.171 Thread 0x000001aee903ea30 Exception <a 'sun/nio/fs/WindowsException'{0x00000007144851c8}> (0x00000007144851c8) 
thrown [s\open\src\hotspot\share\prims\jni.cpp, line 520]
Event: 35.186 Thread 0x000001aee9043260 Exception <a 'sun/nio/fs/WindowsException'{0x0000000714510838}> (0x0000000714510838) 
thrown [s\open\src\hotspot\share\prims\jni.cpp, line 520]
Event: 35.199 Thread 0x000001aee9041eb0 Exception <a 'sun/nio/fs/WindowsException'{0x00000007145a4070}> (0x00000007145a4070) 
thrown [s\open\src\hotspot\share\prims\jni.cpp, line 520]
Event: 35.213 Thread 0x000001aee903f0c0 Exception <a 'sun/nio/fs/WindowsException'{0x0000000714649d80}> (0x0000000714649d80) 
thrown [s\open\src\hotspot\share\prims\jni.cpp, line 520]
Event: 35.228 Thread 0x000001aee90438f0 Exception <a 'sun/nio/fs/WindowsException'{0x00000007148df1d0}> (0x00000007148df1d0) 
thrown [s\open\src\hotspot\share\prims\jni.cpp, line 520]
Event: 35.246 Thread 0x000001aee9042bd0 Exception <a 'sun/nio/fs/WindowsException'{0x000000071422bc10}> (0x000000071422bc10) 
thrown [s\open\src\hotspot\share\prims\jni.cpp, line 520]
Event: 35.260 Thread 0x000001aee903f750 Exception <a 'sun/nio/fs/WindowsException'{0x00000007146bf360}> (0x00000007146bf360) 
thrown [s\open\src\hotspot\share\prims\jni.cpp, line 520]

ZGC Phase Switch (0 events):
No events

VM Operations (20 events):
Event: 26.018 Executing VM operation: HandshakeAllThreads (Deoptimize)
Event: 26.018 Executing VM operation: HandshakeAllThreads (Deoptimize) done
Event: 26.039 Executing VM operation: HandshakeAllThreads (Deoptimize)
Event: 26.039 Executing VM operation: HandshakeAllThreads (Deoptimize) done
Event: 26.141 Executing VM operation: G1TryInitiateConcMark (G1 Humongous Allocation)
Event: 26.157 Executing VM operation: G1TryInitiateConcMark (G1 Humongous Allocation) done
Event: 26.320 Executing VM operation: G1PauseRemark
Event: 26.331 Executing VM operation: G1PauseRemark done
Event: 26.390 Executing VM operation: G1PauseCleanup
Event: 26.391 Executing VM operation: G1PauseCleanup done
Event: 27.401 Executing VM operation: Cleanup
Event: 27.401 Executing VM operation: Cleanup done
Event: 28.413 Executing VM operation: Cleanup
Event: 28.413 Executing VM operation: Cleanup done
Event: 31.444 Executing VM operation: Cleanup
Event: 31.444 Executing VM operation: Cleanup done
Event: 33.456 Executing VM operation: Cleanup
Event: 33.456 Executing VM operation: Cleanup done
Event: 35.467 Executing VM operation: Cleanup
Event: 35.468 Executing VM operation: Cleanup done

Events (20 events):
Event: 26.325 Thread 0x000001aefe8e72f0 flushing nmethod 0x000001ae89be7c10
Event: 26.325 Thread 0x000001aefe8e72f0 flushing nmethod 0x000001ae89c82290
Event: 26.325 Thread 0x000001aefe8e72f0 flushing nmethod 0x000001ae89dd2c10
Event: 26.325 Thread 0x000001aefe8e72f0 flushing nmethod 0x000001ae89dd3210
Event: 26.325 Thread 0x000001aefe8e72f0 flushing nmethod 0x000001ae89ec0110
Event: 26.325 Thread 0x000001aefe8e72f0 flushing nmethod 0x000001ae8a23c090
Event: 26.325 Thread 0x000001aefe8e72f0 flushing nmethod 0x000001ae912d1090
Event: 26.325 Thread 0x000001aefe8e72f0 flushing nmethod 0x000001ae9147c410
Event: 26.325 Thread 0x000001aefe8e72f0 flushing nmethod 0x000001ae89e03e90
Event: 26.325 Thread 0x000001aefe8e72f0 flushing nmethod 0x000001ae89e63e90
Event: 26.325 Thread 0x000001aefe8e72f0 flushing nmethod 0x000001ae89ea1d10
Event: 26.325 Thread 0x000001aefe8e72f0 flushing nmethod 0x000001ae89f41b90
Event: 26.325 Thread 0x000001aefe8e72f0 flushing nmethod 0x000001ae89f44d90
Event: 26.325 Thread 0x000001aefe8e72f0 flushing nmethod 0x000001ae8a0b6890
Event: 26.325 Thread 0x000001aefe8e72f0 flushing nmethod 0x000001ae8a215b10
Event: 27.482 Thread 0x000001aee7adb700 Thread exited: 0x000001aee7adb700
Event: 27.482 Thread 0x000001aee7963020 Thread exited: 0x000001aee7963020
Event: 33.436 Thread 0x000001aee7963020 Thread added: 0x000001aee7963020
Event: 34.715 Thread 0x000001aee7963020 Thread exited: 0x000001aee7963020
Event: 35.218 Thread 0x000001aee7963020 Thread added: 0x000001aee7963020


Dynamic libraries:
0x00007ff7521d0000 - 0x00007ff7521e0000 	C:\Program Files\Java\jdk-21\bin\java.exe
0x00007ffc336e0000 - 0x00007ffc33946000 	C:\WINDOWS\SYSTEM32\ntdll.dll
0x00007ffc31f50000 - 0x00007ffc32019000 	C:\WINDOWS\System32\KERNEL32.DLL
0x00007ffc30bd0000 - 0x00007ffc30f9c000 	C:\WINDOWS\System32\KERNELBASE.dll
0x00007ffc31080000 - 0x00007ffc311cb000 	C:\WINDOWS\System32\ucrtbase.dll
0x00007ffc14110000 - 0x00007ffc1412b000 	C:\Program Files\Java\jdk-21\bin\VCRUNTIME140.dll
0x00007ffbd88d0000 - 0x00007ffbd88e9000 	C:\Program Files\Java\jdk-21\bin\jli.dll
0x00007ffc32020000 - 0x00007ffc320d2000 	C:\WINDOWS\System32\ADVAPI32.dll
0x00007ffc333a0000 - 0x00007ffc33449000 	C:\WINDOWS\System32\msvcrt.dll
0x00007ffc32bc0000 - 0x00007ffc32c66000 	C:\WINDOWS\System32\sechost.dll
0x00007ffc31910000 - 0x00007ffc31a26000 	C:\WINDOWS\System32\RPCRT4.dll
0x00007ffc327c0000 - 0x00007ffc3298a000 	C:\WINDOWS\System32\USER32.dll
0x00007ffc19e90000 - 0x00007ffc1a12a000 	C:\WINDOWS\WinSxS\amd64_microsoft.windows.common-controls_6595b64144ccf1df_6.0.26100.3912_none_3e07963ce335137e\COMCTL32.dll
0x00007ffc31050000 - 0x00007ffc31077000 	C:\WINDOWS\System32\win32u.dll
0x00007ffc318e0000 - 0x00007ffc3190b000 	C:\WINDOWS\System32\GDI32.dll
0x00007ffc30870000 - 0x00007ffc309a2000 	C:\WINDOWS\System32\gdi32full.dll
0x00007ffc30fa0000 - 0x00007ffc31043000 	C:\WINDOWS\System32\msvcp_win.dll
0x00007ffc24da0000 - 0x00007ffc24dab000 	C:\WINDOWS\SYSTEM32\VERSION.dll
0x00007ffc32170000 - 0x00007ffc321a0000 	C:\WINDOWS\System32\IMM32.DLL
0x00007ffc10e00000 - 0x00007ffc10e0c000 	C:\Program Files\Java\jdk-21\bin\vcruntime140_1.dll
0x00007ffb9ffb0000 - 0x00007ffba003e000 	C:\Program Files\Java\jdk-21\bin\msvcp140.dll
0x00007ffb7b2e0000 - 0x00007ffb7bffa000 	C:\Program Files\Java\jdk-21\bin\server\jvm.dll
0x00007ffc31710000 - 0x00007ffc31784000 	C:\WINDOWS\System32\WS2_32.dll
0x00007ffc306e0000 - 0x00007ffc3073e000 	C:\WINDOWS\SYSTEM32\POWRPROF.dll
0x00007ffc19b50000 - 0x00007ffc19b86000 	C:\WINDOWS\SYSTEM32\WINMM.dll
0x00007ffc306c0000 - 0x00007ffc306d4000 	C:\WINDOWS\SYSTEM32\UMPDC.dll
0x00007ffc2f5f0000 - 0x00007ffc2f60a000 	C:\WINDOWS\SYSTEM32\kernel.appcore.dll
0x00007ffc0b830000 - 0x00007ffc0b83a000 	C:\Program Files\Java\jdk-21\bin\jimage.dll
0x00007ffc2dbe0000 - 0x00007ffc2de21000 	C:\WINDOWS\SYSTEM32\DBGHELP.DLL
0x00007ffc31a30000 - 0x00007ffc31db4000 	C:\WINDOWS\System32\combase.dll
0x00007ffc317f0000 - 0x00007ffc318d0000 	C:\WINDOWS\System32\OLEAUT32.dll
0x00007ffc10c70000 - 0x00007ffc10ca9000 	C:\WINDOWS\SYSTEM32\dbgcore.DLL
0x00007ffc30b30000 - 0x00007ffc30bc9000 	C:\WINDOWS\System32\bcryptPrimitives.dll
0x00007ffc262c0000 - 0x00007ffc262cf000 	C:\Program Files\Java\jdk-21\bin\instrument.dll
0x00007ffbd88b0000 - 0x00007ffbd88cf000 	C:\Program Files\Java\jdk-21\bin\java.dll
0x00007ffc32c70000 - 0x00007ffc3339d000 	C:\WINDOWS\System32\SHELL32.dll
0x00007ffc309b0000 - 0x00007ffc30b24000 	C:\WINDOWS\System32\wintypes.dll
0x00007ffc2e4c0000 - 0x00007ffc2ed16000 	C:\WINDOWS\SYSTEM32\windows.storage.dll
0x00007ffc31e30000 - 0x00007ffc31f1f000 	C:\WINDOWS\System32\SHCORE.dll
0x00007ffc31dc0000 - 0x00007ffc31e29000 	C:\WINDOWS\System32\shlwapi.dll
0x00007ffc30780000 - 0x00007ffc307af000 	C:\WINDOWS\SYSTEM32\profapi.dll
0x00007ffb92810000 - 0x00007ffb928e7000 	C:\Program Files\Java\jdk-21\bin\jsvml.dll
0x00007ffbbe490000 - 0x00007ffbbe4a8000 	C:\Program Files\Java\jdk-21\bin\zip.dll
0x00007ffc0b610000 - 0x00007ffc0b620000 	C:\Program Files\Java\jdk-21\bin\net.dll
0x00007ffc23030000 - 0x00007ffc2314e000 	C:\WINDOWS\SYSTEM32\WINHTTP.dll
0x00007ffc2fb40000 - 0x00007ffc2fbaa000 	C:\WINDOWS\system32\mswsock.dll
0x00007ffbd17f0000 - 0x00007ffbd1806000 	C:\Program Files\Java\jdk-21\bin\nio.dll
0x00007ffc24b70000 - 0x00007ffc24b8a000 	C:\Users\pc\AppData\Local\JetBrains\IntelliJ IDEA Community Edition 2024.1.3\bin\breakgen64.dll
0x00007ffc09ab0000 - 0x00007ffc09ab9000 	C:\Program Files\Java\jdk-21\bin\extnet.dll
0x00007ffc262b0000 - 0x00007ffc262ba000 	C:\Program Files\Java\jdk-21\bin\management.dll
0x00007ffc262a0000 - 0x00007ffc262ab000 	C:\Program Files\Java\jdk-21\bin\management_ext.dll
0x00007ffc33450000 - 0x00007ffc33458000 	C:\WINDOWS\System32\PSAPI.DLL
0x00007ffc26290000 - 0x00007ffc2629e000 	C:\Program Files\Java\jdk-21\bin\sunmscapi.dll
0x00007ffc31260000 - 0x00007ffc313d7000 	C:\WINDOWS\System32\CRYPT32.dll
0x00007ffc30050000 - 0x00007ffc30080000 	C:\WINDOWS\SYSTEM32\ncrypt.dll
0x00007ffc30000000 - 0x00007ffc3003f000 	C:\WINDOWS\SYSTEM32\NTASN1.dll
0x00007ffc2ff00000 - 0x00007ffc2ff1c000 	C:\WINDOWS\SYSTEM32\CRYPTSP.dll
0x00007ffc2f550000 - 0x00007ffc2f58a000 	C:\WINDOWS\system32\rsaenh.dll
0x00007ffc2fbe0000 - 0x00007ffc2fc0b000 	C:\WINDOWS\SYSTEM32\USERENV.dll
0x00007ffc30750000 - 0x00007ffc30776000 	C:\WINDOWS\SYSTEM32\bcrypt.dll
0x00007ffc2fd70000 - 0x00007ffc2fd7c000 	C:\WINDOWS\SYSTEM32\CRYPTBASE.dll
0x00007ffc2f010000 - 0x00007ffc2f043000 	C:\WINDOWS\SYSTEM32\IPHLPAPI.DLL
0x00007ffc320e0000 - 0x00007ffc320ea000 	C:\WINDOWS\System32\NSI.dll
0x00007ffbf8360000 - 0x00007ffbf8370000 	C:\Program Files\Java\jdk-21\bin\verify.dll
0x00007ffc2f050000 - 0x00007ffc2f177000 	C:\WINDOWS\SYSTEM32\DNSAPI.dll
0x00007ffc1a4f0000 - 0x00007ffc1a4fb000 	C:\Windows\System32\rasadhlp.dll
0x00007ffc1c350000 - 0x00007ffc1c3d6000 	C:\WINDOWS\System32\fwpuclnt.dll
0x00007ffc11160000 - 0x00007ffc11168000 	C:\WINDOWS\system32\wshunix.dll

dbghelp: loaded successfully - version: 4.0.5 - missing functions: none
symbol engine: initialized successfully - sym options: 0x614 - pdb path: .;C:\Program Files\Java\jdk-21\bin;C:\WINDOWS\SYSTEM32;C:\WINDOWS\WinSxS\amd64_microsoft.windows.common-controls_6595b64144ccf1df_6.0.26100.3912_none_3e07963ce335137e;C:\Program Files\Java\jdk-21\bin\server;C:\Users\pc\AppData\Local\JetBrains\IntelliJ IDEA Community Edition 2024.1.3\bin

VM Arguments:
jvm_args: -javaagent:C:\Users\pc\AppData\Local\JetBrains\IntelliJ IDEA Community Edition 2024.1.3\lib\idea_rt.jar=46945:C:\Users\pc\AppData\Local\JetBrains\IntelliJ IDEA Community Edition 2024.1.3\bin -Dfile.encoding=UTF-8 
java_command: com.TodayTask.Admin.Panel.AdminPanelApplication
java_class_path (initial): E:\crud op\backend\backend\Admin Panel\Admin-Panel\target\classes;C:\Users\pc\.m2\repository\io\jsonwebtoken\jjwt-impl\0.12.6\jjwt-impl-0.12.6.jar;C:\Users\pc\.m2\repository\io\jsonwebtoken\jjwt-jackson\0.12.6\jjwt-jackson-0.12.6.jar;C:\Users\pc\.m2\repository\com\fasterxml\jackson\core\jackson-databind\2.18.3\jackson-databind-2.18.3.jar;C:\Users\pc\.m2\repository\com\fasterxml\jackson\core\jackson-annotations\2.18.3\jackson-annotations-2.18.3.jar;C:\Users\pc\.m2\repository\com\fasterxml\jackson\core\jackson-core\2.18.3\jackson-core-2.18.3.jar;C:\Users\pc\.m2\repository\io\jsonwebtoken\jjwt-api\0.12.6\jjwt-api-0.12.6.jar;C:\Users\pc\.m2\repository\org\apache\poi\poi-ooxml\5.2.3\poi-ooxml-5.2.3.jar;C:\Users\pc\.m2\repository\org\apache\poi\poi\5.2.3\poi-5.2.3.jar;C:\Users\pc\.m2\repository\commons-codec\commons-codec\1.17.2\commons-codec-1.17.2.jar;C:\Users\pc\.m2\repository\org\apache\commons\commons-math3\3.6.1\commons-math3-3.6.1.jar;C:\Users\pc\.m2\repository\com\zaxxer\SparseBitSet\1.2\SparseBitSet-1.2.jar;C:\Users\pc\.m2\repository\org\apache\poi\poi-ooxml-lite\5.2.3\poi-ooxml-lite-5.2.3.jar;C:\Users\pc\.m2\repository\org\apache\xmlbeans\xmlbeans\5.1.1\xmlbeans-5.1.1.jar;C:\Users\pc\.m2\repository\org\apache\commons\commons-compress\1.21\commons-compress-1.21.jar;C:\Users\pc\.m2\repository\commons-io\commons-io\2.11.0\commons-io-2.11.0.jar;C:\Users\pc\.m2\repository\com\github\virtuald\curvesapi\1.07\curvesapi-1.07.jar;C:\Users\pc\.m2\repository\org\apache\logging\log4j\log4j-api\2.24.3\log4j-api-2.24.3.jar;C:\Users\pc\.m2\repository\org\apache\commons\commons-collections4\4.4\commons-collections4-4.4.jar;C:\Users\pc\.m2\repository\org\liquibase\liquibase-core\4.29.2\liquibase-core-4.29.2.jar;C:\Users\pc\.m2\repository\com\opencsv\opencsv\5.9\opencsv-5.9.jar;C:\Users\pc\.m2\repository\org\yaml\snakeyaml\2.3\snakeyaml-2.3.jar;C:\Users\pc\.m2\repository\javax\xml\bind\jaxb-api\2.3.1\jaxb-api-2.3.1.jar;C:\Users\pc\.m2\repository\org\apache\commons\commons-text\1.12.0\commons-text-1.12.0.jar;C:\Users\pc\.m2\repository\org\apache\commons\commons-lang3\3.17.0\commons-lang3-3.17.0.jar;C:\Users\pc\.m2\repository\org\springframework\boot\spring-boot-starter-data-jpa\3.4.4\spring-boot-starter-data-jpa-3.4.4.jar;C:\Users\pc\.m2\repository\org\springframework\boot\spring-boot-starter\3.4.4\spring-boot-starter-3.4.4.jar;C:\Users\pc\.m2\repository\org\springframework\boot\spring-boot-starter-logging\3.4.4\spring-boot-starter-logging-3.4.4.jar;C:\Users\pc\.m2\repository\ch\qos\logback\logback-classic\1.5.18\logback-classic-1.5.18.jar;C:\Users\pc\.m2\repository\ch\qos\logback\logback-core\1.5.18\logback-core-1.5.18.jar;C:\Users\pc\.m2\repository\org\apache\logging\log4j\log4j-to-slf4j\2.24.3\log4j-to-slf4j-2.24.3.jar;C:\Users\pc\.m2\repository\org\slf4j\jul-to-slf4j\2.0.17\jul-to-slf4j-2.0.17.jar;C:\Users\pc\.m2\repository\jakarta\annotation\jakarta.annotation-api\2.1.1\jakarta.annotation-api-2.1.1.jar;C:\Users\pc\.m2\repository\org\springframework\boot\spring-boot-starter-jdbc\3.4.4\spring-boot-starter-jdbc-3.4.4.jar;C:\Users\pc\.m2\repository\com\zaxxer\HikariCP\5.1.0\HikariCP-5.1.0.jar;C:\Users\pc\.m2\repository\org\springframework\spring-jdbc\6.2.5\spring-jdbc-6.2.5.jar;C:\Users\pc\.m2\repository\org\hibernate\orm\hibernate-core\6.6.11.Final\hibernate-core-6.6.11.Final.jar;C:\Users\pc\.m2\repository\jakarta\persistence\jakarta.persistence-api\3.1.0\jakarta.persistence-api-3.1.0.jar;C:\Users\pc\.m2\repository\jakarta\transaction\jakarta.transaction-api\2.0.1\jakarta.transaction-api-2.0.1.jar;C:\Users\pc\.m2\repository\org\jboss\logging\jboss-logging\3.6.1.Final\jboss-logging-3.6.1.Final.jar;C:\Users\pc\.m2\repository\org\hibernate\common\hibernate-commons-annotations\7.0.3.Final\hibernate-commons-annotations-7.0.3.Final.jar;C:\Users\pc\.m2\repository\io\smallrye\jandex\3.2.0\jandex-3.2.0.jar;C:\Users\pc\.m2\repository\com\fasterxml\classmate\1.7.0\classmate-1.7.0.jar;C:\Users\pc\.m2\repository\net\bytebuddy\byte-buddy\1.15.11\byte-buddy-1.15.11.jar;C:\Users\pc\.m2\repository\org\glassfish\jaxb\jaxb-runtime\4.0.5\jaxb-runtime-4.0.5.jar;C:\Users\pc\.m2\repository\org\glassfish\jaxb\jaxb-core\4.0.5\jaxb-core-4.0.5.jar;C:\Users\pc\.m2\repository\org\glassfish\jaxb\txw2\4.0.5\txw2-4.0.5.jar;C:\Users\pc\.m2\repository\com\sun\istack\istack-commons-runtime\4.1.2\istack-commons-runtime-4.1.2.jar;C:\Users\pc\.m2\repository\jakarta\inject\jakarta.inject-api\2.0.1\jakarta.inject-api-2.0.1.jar;C:\Users\pc\.m2\repository\org\antlr\antlr4-runtime\4.13.0\antlr4-runtime-4.13.0.jar;C:\Users\pc\.m2\repository\org\springframework\data\spring-data-jpa\3.4.4\spring-data-jpa-3.4.4.jar;C:\Users\pc\.m2\repository\org\springframework\data\spring-data-commons\3.4.4\spring-data-commons-3.4.4.jar;C:\Users\pc\.m2\repository\org\springframework\spring-orm\6.2.5\spring-orm-6.2.5.jar;C:\Users\pc\.m2\repository\org\springframework\spring-context\6.2.5\spring-context-6.2.5.jar;C:\Users\pc\.m2\repository\org\springframework\spring-tx\6.2.5\spring-tx-6.2.5.jar;C:\Users\pc\.m2\repository\org\springframework\spring-beans\6.2.5\spring-beans-6.2.5.jar;C:\Users\pc\.m2\repository\org\slf4j\slf4j-api\2.0.17\slf4j-api-2.0.17.jar;C:\Users\pc\.m2\repository\org\springframework\spring-aspects\6.2.5\spring-aspects-6.2.5.jar;C:\Users\pc\.m2\repository\org\aspectj\aspectjweaver\1.9.23\aspectjweaver-1.9.23.jar;C:\Users\pc\.m2\repository\org\springframework\boot\spring-boot-starter-security\3.4.4\spring-boot-starter-security-3.4.4.jar;C:\Users\pc\.m2\repository\org\springframework\spring-aop\6.2.5\spring-aop-6.2.5.jar;C:\Users\pc\.m2\repository\org\springframework\security\spring-security-config\6.4.4\spring-security-config-6.4.4.jar;C:\Users\pc\.m2\repository\org\springframework\security\spring-security-web\6.4.4\spring-security-web-6.4.4.jar;C:\Users\pc\.m2\repository\org\springframework\spring-expression\6.2.5\spring-expression-6.2.5.jar;C:\Users\pc\.m2\repository\org\springframework\boot\spring-boot-starter-validation\3.4.4\spring-boot-starter-validation-3.4.4.jar;C:\Users\pc\.m2\repository\org\apache\tomcat\embed\tomcat-embed-el\10.1.39\tomcat-embed-el-10.1.39.jar;C:\Users\pc\.m2\repository\org\hibernate\validator\hibernate-validator\8.0.2.Final\hibernate-validator-8.0.2.Final.jar;C:\Users\pc\.m2\repository\jakarta\validation\jakarta.validation-api\3.0.2\jakarta.validation-api-3.0.2.jar;C:\Users\pc\.m2\repository\org\springframework\boot\spring-boot-starter-web\3.4.4\spring-boot-starter-web-3.4.4.jar;C:\Users\pc\.m2\repository\org\springframework\boot\spring-boot-starter-json\3.4.4\spring-boot-starter-json-3.4.4.jar;C:\Users\pc\.m2\repository\com\fasterxml\jackson\datatype\jackson-datatype-jdk8\2.18.3\jackson-datatype-jdk8-2.18.3.jar;C:\Users\pc\.m2\repository\com\fasterxml\jackson\datatype\jackson-datatype-jsr310\2.18.3\jackson-datatype-jsr310-2.18.3.jar;C:\Users\pc\.m2\repository\com\fasterxml\jackson\module\jackson-module-parameter-names\2.18.3\jackson-module-parameter-names-2.18.3.jar;C:\Users\pc\.m2\repository\org\springframework\boot\spring-boot-starter-tomcat\3.4.4\spring-boot-starter-tomcat-3.4.4.jar;C:\Users\pc\.m2\repository\org\apache\tomcat\embed\tomcat-embed-core\10.1.39\tomcat-embed-core-10.1.39.jar;C:\Users\pc\.m2\repository\org\apache\tomcat\embed\tomcat-embed-websocket\10.1.39\tomcat-embed-websocket-10.1.39.jar;C:\Users\pc\.m2\repository\org\springframework\spring-web\6.2.5\spring-web-6.2.5.jar;C:\Users\pc\.m2\repository\io\micrometer\micrometer-observation\1.14.5\micrometer-observation-1.14.5.jar;C:\Users\pc\.m2\repository\io\micrometer\micrometer-commons\1.14.5\micrometer-commons-1.14.5.jar;C:\Users\pc\.m2\repository\org\springframework\spring-webmvc\6.2.5\spring-webmvc-6.2.5.jar;C:\Users\pc\.m2\repository\org\springframework\boot\spring-boot-devtools\3.4.4\spring-boot-devtools-3.4.4.jar;C:\Users\pc\.m2\repository\org\springframework\boot\spring-boot\3.4.4\spring-boot-3.4.4.jar;C:\Users\pc\.m2\repository\org\springframework\boot\spring-boot-autoconfigure\3.4.4\spring-boot-autoconfigure-3.4.4.jar;C:\Users\pc\.m2\repository\com\mysql\mysql-connector-j\9.1.0\mysql-connector-j-9.1.0.jar;C:\Users\pc\.m2\repository\org\springframework\boot\spring-boot-starter-mail\3.4.4\spring-boot-starter-mail-3.4.4.jar;C:\Users\pc\.m2\repository\org\springframework\spring-context-support\6.2.5\spring-context-support-6.2.5.jar;C:\Users\pc\.m2\repository\org\eclipse\angus\jakarta.mail\2.0.3\jakarta.mail-2.0.3.jar;C:\Users\pc\.m2\repository\jakarta\activation\jakarta.activation-api\2.1.3\jakarta.activation-api-2.1.3.jar;C:\Users\pc\.m2\repository\org\eclipse\angus\angus-activation\2.0.2\angus-activation-2.0.2.jar;C:\Users\pc\.m2\repository\jakarta\xml\bind\jakarta.xml.bind-api\4.0.2\jakarta.xml.bind-api-4.0.2.jar;C:\Users\pc\.m2\repository\org\springframework\spring-core\6.2.5\spring-core-6.2.5.jar;C:\Users\pc\.m2\repository\org\springframework\spring-jcl\6.2.5\spring-jcl-6.2.5.jar;C:\Users\pc\.m2\repository\org\springframework\security\spring-security-core\6.4.4\spring-security-core-6.4.4.jar;C:\Users\pc\.m2\repository\org\springframework\security\spring-security-crypto\6.4.4\spring-security-crypto-6.4.4.jar;C:\Users\pc\.m2\repository\com\github\javafaker\javafaker\1.0.2\javafaker-1.0.2.jar;C:\Users\pc\.m2\repository\org\yaml\snakeyaml\1.23\snakeyaml-1.23-android.jar;C:\Users\pc\.m2\repository\com\github\mifmif\generex\1.0.2\generex-1.0.2.jar;C:\Users\pc\.m2\repository\dk\brics\automaton\automaton\1.11-8\automaton-1.11-8.jar
Launcher Type: SUN_STANDARD

[Global flags]
     intx CICompilerCount                          = 4                                         {product} {ergonomic}
     uint ConcGCThreads                            = 2                                         {product} {ergonomic}
     uint G1ConcRefinementThreads                  = 8                                         {product} {ergonomic}
   size_t G1HeapRegionSize                         = 2097152                                   {product} {ergonomic}
    uintx GCDrainStackTargetSize                   = 64                                        {product} {ergonomic}
   size_t InitialHeapSize                          = 266338304                                 {product} {ergonomic}
   size_t MarkStackSize                            = 4194304                                   {product} {ergonomic}
   size_t MaxHeapSize                              = 4259315712                                {product} {ergonomic}
   size_t MaxNewSize                               = 2554331136                                {product} {ergonomic}
   size_t MinHeapDeltaBytes                        = 2097152                                   {product} {ergonomic}
   size_t MinHeapSize                              = 8388608                                   {product} {ergonomic}
    uintx NonNMethodCodeHeapSize                   = 5839372                                {pd product} {ergonomic}
    uintx NonProfiledCodeHeapSize                  = 122909434                              {pd product} {ergonomic}
    uintx ProfiledCodeHeapSize                     = 122909434                              {pd product} {ergonomic}
    uintx ReservedCodeCacheSize                    = 251658240                              {pd product} {ergonomic}
     bool SegmentedCodeCache                       = true                                      {product} {ergonomic}
   size_t SoftMaxHeapSize                          = 4259315712                             {manageable} {ergonomic}
     bool UseCompressedOops                        = true                           {product lp64_product} {ergonomic}
     bool UseG1GC                                  = true                                      {product} {ergonomic}
     bool UseLargePagesIndividualAllocation        = false                                  {pd product} {ergonomic}

Logging:
Log output configuration:
 #0: stdout all=warning uptime,level,tags foldmultilines=false
 #1: stderr all=off uptime,level,tags foldmultilines=false

Environment Variables:
CLASSPATH=C:\Program Files\Java\jdk-17\bin
PATH=C:\Program Files\Common Files\Oracle\Java\javapath;C:\Program Files (x86)\Common Files\Oracle\Java\javapath;C:\Program Files (x86)\VMware\VMware Player\bin\;C:\oraclexe\app\oracle\product\11.2.0\server\bin;C:\WINDOWS\system32;C:\WINDOWS;C:\WINDOWS\System32\Wbem;C:\WINDOWS\System32\WindowsPowerShell\v1.0\;C:\WINDOWS\System32\OpenSSH\;C:\Program Files\dotnet\;C:\Program Files (x86)\Intel\Intel(R) Management Engine Components\DAL;C:\Program Files\Intel\Intel(R) Management Engine Components\DAL;C:\Program Files\Git\cmd;C:\Program Files\nodejs;C:\MinGW\bin;C:\Program Files\Java\jdk1.8.0_202\bin\;D:\software\Nodejs\;C:\Program Files\Microsoft SQL Server\130\Tools\Binn\;E:\XAMPP\mysql\bin;D:\Intelije\IntelliJ IDEA Community Edition 2024.1.3\bin;C:\Program Files\MongoDB\mongosh-2.3.2-win32-x64\bin;C:\Program Files (x86)\Microsoft SQL Server\100\Tools\Binn\;C:\Program Files\Microsoft SQL Server\100\Tools\Binn\;C:\Program Files\Microsoft SQL Server\100\DTS\Binn\;C:\Program Files\Java\jdk-21\bin;C:\Program Files\MySQL\MySQL Shell 8.0\bin\;C:\Users\pc\AppData\Local\Programs\Python\Python312\Scripts\;C:\Users\pc\AppData\Local\Programs\Python\Python312\;C:\Users\pc\AppData\Local\Programs\Python\Launcher\;C:\Users\pc\AppData\Local\Microsoft\WindowsApps;C:\Users\pc\AppData\Local\Programs\Microsoft VS Code\bin;C:\MinGW\bin;C:\Users\pc\AppData\Roaming\npm;C:\Users\pc\AppData\Local\GitHubDesktop\bin;C:\Users\pc\AppData\Local\JetBrains\IntelliJ IDEA Community Edition 2024.1.3\bin;;D:\Nmap;C:\Program Files\Java\jdk-17\bin;D:\Intelije\IntelliJ IDEA Community Edition 2024.1.3\bin;
USERNAME=pc
OS=Windows_NT
PROCESSOR_IDENTIFIER=Intel64 Family 6 Model 142 Stepping 10, GenuineIntel
TMP=C:\Users\pc\AppData\Local\Temp
TEMP=C:\Users\pc\AppData\Local\Temp




Periodic native trim disabled

---------------  S Y S T E M  ---------------

OS:
 Windows 11 , 64 bit Build 26100 (10.0.26100.3912)
OS uptime: 0 days 1:37 hours
Hyper-V role detected

CPU: total 8 (initial active 8) (4 cores per cpu, 2 threads per core) family 6 model 142 stepping 10 microcode 0xf0, cx8, cmov, fxsr, ht, mmx, 3dnowpref, sse, sse2, sse3, ssse3, sse4.1, sse4.2, popcnt, lzcnt, tsc, tscinvbit, avx, avx2, aes, erms, clmul, bmi1, bmi2, rtm, adx, fma, vzeroupper, clflush, clflushopt, hv, rdtscp, f16c
Processor Information for all 8 processors :
  Max Mhz: 2112, Current Mhz: 1910, Mhz Limit: 1900

Memory: 4k page, system-wide physical 16242M (2651M free)
TotalPageFile size 16242M (AvailPageFile size 5M)
current process WorkingSet (physical memory assigned to process): 502M, peak: 511M
current process commit charge ("private bytes"): 586M, peak: 594M

vm_info: Java HotSpot(TM) 64-Bit Server VM (21.0.6+8-LTS-188) for windows-amd64 JRE (21.0.6+8-LTS-188), built on 2024-12-03T10:50:54Z by "mach5one" with MS VC++ 17.6 (VS2022)

END.
