#
# There is insufficient memory for the Java Runtime Environment to continue.
# Native memory allocation (mmap) failed to map 75497472 bytes for G1 virtual space
# Possible reasons:
#   The system is out of physical RAM or swap space
#   The process is running with CompressedOops enabled, and the Java Heap may be blocking the growth of the native heap
# Possible solutions:
#   Reduce memory load on the system
#   Increase physical memory or swap space
#   Check if swap backing store is full
#   Decrease Java heap size (-Xmx/-Xms)
#   Decrease number of Java threads
#   Decrease Java thread stack sizes (-Xss)
#   Set larger code cache with -XX:ReservedCodeCacheSize=
#   JVM is running with Zero Based Compressed Oops mode in which the Java heap is
#     placed in the first 32GB address space. The Java Heap base address is the
#     maximum limit for the native heap growth. Please use -XX:HeapBaseMinAddress
#     to set the Java Heap base and to place the Java Heap above 32GB virtual address.
# This output file may be truncated or incomplete.
#
#  Out of Memory Error (os_windows.cpp:3603), pid=27992, tid=21308
#
# JRE version: Java(TM) SE Runtime Environment (21.0.6+8) (build 21.0.6+8-LTS-188)
# Java VM: Java HotSpot(TM) 64-Bit Server VM (21.0.6+8-LTS-188, mixed mode, sharing, tiered, compressed oops, compressed class ptrs, g1 gc, windows-amd64)
# No core dump will be written. Minidumps are not enabled by default on client versions of Windows
#

---------------  S U M M A R Y ------------

Command Line: -javaagent:C:\Users\pc\AppData\Local\JetBrains\IntelliJ IDEA Community Edition 2024.1.3\lib\idea_rt.jar=47591:C:\Users\pc\AppData\Local\JetBrains\IntelliJ IDEA Community Edition 2024.1.3\bin -Dfile.encoding=UTF-8 com.TodayTask.Admin.Panel.AdminPanelApplication

Host: Intel(R) Core(TM) i7-8650U CPU @ 1.90GHz, 8 cores, 15G,  Windows 11 , 64 bit Build 26100 (10.0.26100.3912)
Time: Sun May 11 00:36:31 2025 India Standard Time elapsed time: 17.365213 seconds (0d 0h 0m 17s)

---------------  T H R E A D  ---------------

Current thread (0x000001fff9b36f10):  VMThread "VM Thread"          [id=21308, stack(0x0000004829500000,0x0000004829600000) (1024K)]

Stack: [0x0000004829500000,0x0000004829600000]
Native frames: (J=compiled Java code, j=interpreted, Vv=VM code, C=native code)
V  [jvm.dll+0x6ca6d9]
V  [jvm.dll+0x854f51]
V  [jvm.dll+0x85747e]
V  [jvm.dll+0x857b53]
V  [jvm.dll+0x27dcc6]
V  [jvm.dll+0x6c6e55]
V  [jvm.dll+0x6bb9da]
V  [jvm.dll+0x35393a]
V  [jvm.dll+0x35b596]
V  [jvm.dll+0x3adefe]
V  [jvm.dll+0x3ae1a8]
V  [jvm.dll+0x327cbc]
V  [jvm.dll+0x327d47]
V  [jvm.dll+0x36c60c]
V  [jvm.dll+0x36ae5e]
V  [jvm.dll+0x327481]
V  [jvm.dll+0x36a57a]
V  [jvm.dll+0x85d920]
V  [jvm.dll+0x85eca4]
V  [jvm.dll+0x85f1e0]
V  [jvm.dll+0x85f483]
V  [jvm.dll+0x7ff2fb]
V  [jvm.dll+0x6c8dbd]
C  [ucrtbase.dll+0x37b0]
C  [KERNEL32.DLL+0x2e8d7]
C  [ntdll.dll+0x9c5dc]

VM_Operation (0x000000482aafa9e0): G1CollectForAllocation, mode: safepoint, requested by thread 0x000001ffff23b960


---------------  P R O C E S S  ---------------

Threads class SMR info:
_java_thread_list=0x000001ffff75f6e0, length=22, elements={
0x000001ffd88a2240, 0x000001fff9b53840, 0x000001fff9b571c0, 0x000001fff9b5cf40,
0x000001fff9b5de20, 0x000001fff9b602b0, 0x000001fff9b61f70, 0x000001fff9b78170,
0x000001fff9b7bc50, 0x000001fffe0fc7e0, 0x000001fffe359940, 0x000001fffe3fbc10,
0x000001ffff1af9e0, 0x000001ffff23b960, 0x000001ffc170b140, 0x000001ffc17089e0,
0x000001ffc170a420, 0x000001ffc1707cc0, 0x000001ffc1709070, 0x000001ffc1709700,
0x000001fff9b7e530, 0x000001fff9b7ec00
}

Java Threads: ( => current thread )
  0x000001ffd88a2240 JavaThread "main"                              [_thread_blocked, id=20960, stack(0x0000004828e00000,0x0000004828f00000) (1024K)]
  0x000001fff9b53840 JavaThread "Reference Handler"          daemon [_thread_blocked, id=13072, stack(0x0000004829600000,0x0000004829700000) (1024K)]
  0x000001fff9b571c0 JavaThread "Finalizer"                  daemon [_thread_blocked, id=15072, stack(0x0000004829700000,0x0000004829800000) (1024K)]
  0x000001fff9b5cf40 JavaThread "Signal Dispatcher"          daemon [_thread_blocked, id=10120, stack(0x0000004829800000,0x0000004829900000) (1024K)]
  0x000001fff9b5de20 JavaThread "Attach Listener"            daemon [_thread_blocked, id=21916, stack(0x0000004829900000,0x0000004829a00000) (1024K)]
  0x000001fff9b602b0 JavaThread "Service Thread"             daemon [_thread_blocked, id=28088, stack(0x0000004829a00000,0x0000004829b00000) (1024K)]
  0x000001fff9b61f70 JavaThread "Monitor Deflation Thread"   daemon [_thread_blocked, id=24916, stack(0x0000004829b00000,0x0000004829c00000) (1024K)]
  0x000001fff9b78170 JavaThread "C2 CompilerThread0"         daemon [_thread_blocked, id=29848, stack(0x0000004829c00000,0x0000004829d00000) (1024K)]
  0x000001fff9b7bc50 JavaThread "C1 CompilerThread0"         daemon [_thread_blocked, id=27404, stack(0x0000004829d00000,0x0000004829e00000) (1024K)]
  0x000001fffe0fc7e0 JavaThread "Common-Cleaner"             daemon [_thread_blocked, id=26224, stack(0x0000004829e00000,0x0000004829f00000) (1024K)]
  0x000001fffe359940 JavaThread "Monitor Ctrl-Break"         daemon [_thread_in_native, id=1124, stack(0x0000004829f00000,0x000000482a000000) (1024K)]
  0x000001fffe3fbc10 JavaThread "Notification Thread"        daemon [_thread_blocked, id=21652, stack(0x000000482a000000,0x000000482a100000) (1024K)]
  0x000001ffff1af9e0 JavaThread "Thread-0"                          [_thread_blocked, id=21552, stack(0x000000482a900000,0x000000482aa00000) (1024K)]
  0x000001ffff23b960 JavaThread "restartedMain"                     [_thread_blocked, id=36932, stack(0x000000482aa00000,0x000000482ab00000) (1024K)]
  0x000001ffc170b140 JavaThread "Catalina-utility-1"                [_thread_blocked, id=27036, stack(0x000000482ac00000,0x000000482ad00000) (1024K)]
  0x000001ffc17089e0 JavaThread "Catalina-utility-2"                [_thread_blocked, id=20932, stack(0x000000482ae00000,0x000000482af00000) (1024K)]
  0x000001ffc170a420 JavaThread "container-0"                       [_thread_blocked, id=21388, stack(0x000000482af00000,0x000000482b000000) (1024K)]
  0x000001ffc1707cc0 JavaThread "mysql-cj-abandoned-connection-cleanup" daemon [_thread_blocked, id=40708, stack(0x000000482b000000,0x000000482b100000) (1024K)]
  0x000001ffc1709070 JavaThread "HikariPool-1 housekeeper"   daemon [_thread_blocked, id=40564, stack(0x000000482b200000,0x000000482b300000) (1024K)]
  0x000001ffc1709700 JavaThread "HikariPool-1 connection adder" daemon [_thread_blocked, id=26080, stack(0x000000482b300000,0x000000482b400000) (1024K)]
  0x000001fff9b7e530 JavaThread "C2 CompilerThread1"         daemon [_thread_blocked, id=22160, stack(0x000000482a100000,0x000000482a200000) (1024K)]
  0x000001fff9b7ec00 JavaThread "C2 CompilerThread2"         daemon [_thread_blocked, id=35536, stack(0x000000482b100000,0x000000482b200000) (1024K)]
Total: 22

Other Threads:
=>0x000001fff9b36f10 VMThread "VM Thread"                           [id=21308, stack(0x0000004829500000,0x0000004829600000) (1024K)]
  0x000001fff9b231d0 WatcherThread "VM Periodic Task Thread"        [id=31528, stack(0x0000004829400000,0x0000004829500000) (1024K)]
  0x000001ffda28ee80 WorkerThread "GC Thread#0"                     [id=23948, stack(0x0000004828f00000,0x0000004829000000) (1024K)]
  0x000001fffe6511d0 WorkerThread "GC Thread#1"                     [id=4080, stack(0x000000482a200000,0x000000482a300000) (1024K)]
  0x000001fffe651570 WorkerThread "GC Thread#2"                     [id=15452, stack(0x000000482a300000,0x000000482a400000) (1024K)]
  0x000001ffff2825c0 WorkerThread "GC Thread#3"                     [id=1016, stack(0x000000482a400000,0x000000482a500000) (1024K)]
  0x000001ffff282960 WorkerThread "GC Thread#4"                     [id=4372, stack(0x000000482a500000,0x000000482a600000) (1024K)]
  0x000001ffff0589d0 WorkerThread "GC Thread#5"                     [id=17888, stack(0x000000482a600000,0x000000482a700000) (1024K)]
  0x000001fffeb94c10 WorkerThread "GC Thread#6"                     [id=24760, stack(0x000000482a700000,0x000000482a800000) (1024K)]
  0x000001ffff039900 WorkerThread "GC Thread#7"                     [id=13864, stack(0x000000482a800000,0x000000482a900000) (1024K)]
  0x000001ffda2a0ab0 ConcurrentGCThread "G1 Main Marker"            [id=19356, stack(0x0000004829000000,0x0000004829100000) (1024K)]
  0x000001ffda2a1d50 WorkerThread "G1 Conc#0"                       [id=29472, stack(0x0000004829100000,0x0000004829200000) (1024K)]
  0x000001ffffbc6ee0 WorkerThread "G1 Conc#1"                       [id=16264, stack(0x000000482ad00000,0x000000482ae00000) (1024K)]
  0x000001fff99f09e0 ConcurrentGCThread "G1 Refine#0"               [id=8548, stack(0x0000004829200000,0x0000004829300000) (1024K)]
  0x000001fff99f1300 ConcurrentGCThread "G1 Service"                [id=13632, stack(0x0000004829300000,0x0000004829400000) (1024K)]
Total: 15

Threads with active compile tasks:
C2 CompilerThread0    17502 6165       4       org.antlr.v4.runtime.atn.PredictionContext::mergeArrays (809 bytes)
C1 CompilerThread0    17502 6208       3       org.antlr.v4.runtime.BufferedTokenStream::sync (55 bytes)
C2 CompilerThread1    17502 6195   !   4       org.antlr.v4.runtime.atn.ATNSimulator::getCachedContext (43 bytes)
C2 CompilerThread2    17502 6200       4       org.antlr.v4.runtime.atn.PredictionContext::getCachedContext (261 bytes)
Total: 4

VM state: at safepoint (normal execution)

VM Mutex/Monitor currently owned by a thread:  ([mutex/lock_event])
[0x00007ffb7bf1de98] Threads_lock - owner thread: 0x000001fff9b36f10
[0x00007ffb7bf1df98] Heap_lock - owner thread: 0x000001ffff23b960

Heap address: 0x0000000702200000, size: 4062 MB, Compressed Oops mode: Zero based, Oop shift amount: 3

CDS archive(s) mapped at: [0x000001ff80000000-0x000001ff80c90000-0x000001ff80c90000), size 13172736, SharedBaseAddress: 0x000001ff80000000, ArchiveRelocationMode: 1.
Compressed class space mapped at: 0x000001ff81000000-0x000001ffc1000000, reserved size: 1073741824
Narrow klass base: 0x000001ff80000000, Narrow klass shift: 0, Narrow klass range: 0x100000000

GC Precious Log:
 CardTable entry size: 512
 Card Set container configuration: InlinePtr #cards 4 size 8 Array Of Cards #cards 16 size 48 Howl #buckets 8 coarsen threshold 3686 Howl Bitmap #cards 512 size 80 coarsen threshold 460 Card regions per heap region 1 cards per card region 4096
 CPUs: 8 total, 8 available
 Memory: 16242M
 Large Page Support: Disabled
 NUMA Support: Disabled
 Compressed Oops: Enabled (Zero based)
 Heap Region Size: 2M
 Heap Min Capacity: 8M
 Heap Initial Capacity: 254M
 Heap Max Capacity: 4062M
 Pre-touch: Disabled
 Parallel Workers: 8
 Concurrent Workers: 2
 Concurrent Refinement Workers: 8
 Periodic GC: Disabled

Heap:
 garbage-first heap   total 94208K, used 68488K [0x0000000702200000, 0x0000000800000000)
  region size 2048K, 2 young (4096K), 2 survivors (4096K)
 Metaspace       used 68448K, committed 69120K, reserved 1114112K
  class space    used 9260K, committed 9536K, reserved 1048576K

Heap Regions: E=young(eden), S=young(survivor), O=old, HS=humongous(starts), HC=humongous(continues), CS=collection set, F=free, TAMS=top-at-mark-start, PB=parsable bottom
|   0|0x0000000702200000, 0x0000000702400000, 0x0000000702400000|100%| O|  |TAMS 0x0000000702400000| PB 0x0000000702200000| Untracked 
|   1|0x0000000702400000, 0x0000000702600000, 0x0000000702600000|100%| O|  |TAMS 0x0000000702600000| PB 0x0000000702400000| Untracked 
|   2|0x0000000702600000, 0x0000000702800000, 0x0000000702800000|100%| O|  |TAMS 0x0000000702800000| PB 0x0000000702600000| Untracked 
|   3|0x0000000702800000, 0x0000000702a00000, 0x0000000702a00000|100%| O|  |TAMS 0x0000000702a00000| PB 0x0000000702800000| Untracked 
|   4|0x0000000702a00000, 0x0000000702c00000, 0x0000000702c00000|100%| O|  |TAMS 0x0000000702c00000| PB 0x0000000702a00000| Untracked 
|   5|0x0000000702c00000, 0x0000000702e00000, 0x0000000702e00000|100%| O|  |TAMS 0x0000000702e00000| PB 0x0000000702c00000| Untracked 
|   6|0x0000000702e00000, 0x0000000703000000, 0x0000000703000000|100%| O|  |TAMS 0x0000000703000000| PB 0x0000000702e00000| Untracked 
|   7|0x0000000703000000, 0x0000000703200000, 0x0000000703200000|100%| O|  |TAMS 0x0000000703200000| PB 0x0000000703000000| Untracked 
|   8|0x0000000703200000, 0x0000000703400000, 0x0000000703400000|100%| O|  |TAMS 0x0000000703400000| PB 0x0000000703200000| Untracked 
|   9|0x0000000703400000, 0x0000000703600000, 0x0000000703600000|100%| O|  |TAMS 0x0000000703600000| PB 0x0000000703400000| Untracked 
|  10|0x0000000703600000, 0x0000000703800000, 0x0000000703800000|100%| O|  |TAMS 0x0000000703800000| PB 0x0000000703600000| Untracked 
|  11|0x0000000703800000, 0x0000000703a00000, 0x0000000703a00000|100%| O|  |TAMS 0x0000000703a00000| PB 0x0000000703800000| Untracked 
|  12|0x0000000703a00000, 0x0000000703c00000, 0x0000000703c00000|100%| O|  |TAMS 0x0000000703c00000| PB 0x0000000703a00000| Untracked 
|  13|0x0000000703c00000, 0x0000000703e00000, 0x0000000703e00000|100%| O|  |TAMS 0x0000000703e00000| PB 0x0000000703c00000| Untracked 
|  14|0x0000000703e00000, 0x0000000704000000, 0x0000000704000000|100%| O|  |TAMS 0x0000000704000000| PB 0x0000000703e00000| Untracked 
|  15|0x0000000704000000, 0x0000000704200000, 0x0000000704200000|100%| O|  |TAMS 0x0000000704200000| PB 0x0000000704000000| Untracked 
|  16|0x0000000704200000, 0x0000000704400000, 0x0000000704400000|100%| O|  |TAMS 0x0000000704400000| PB 0x0000000704200000| Untracked 
|  17|0x0000000704400000, 0x0000000704600000, 0x0000000704600000|100%| O|  |TAMS 0x0000000704600000| PB 0x0000000704400000| Untracked 
|  18|0x0000000704600000, 0x0000000704800000, 0x0000000704800000|100%| O|  |TAMS 0x0000000704800000| PB 0x0000000704600000| Untracked 
|  19|0x0000000704800000, 0x0000000704a00000, 0x0000000704a00000|100%| O|  |TAMS 0x0000000704a00000| PB 0x0000000704800000| Untracked 
|  20|0x0000000704a00000, 0x0000000704c00000, 0x0000000704c00000|100%| O|  |TAMS 0x0000000704a00000| PB 0x0000000704a00000| Untracked 
|  21|0x0000000704c00000, 0x0000000704e00000, 0x0000000704e00000|100%| O|  |TAMS 0x0000000704c00000| PB 0x0000000704c00000| Untracked 
|  22|0x0000000704e00000, 0x0000000705000000, 0x0000000705000000|100%| O|  |TAMS 0x0000000704f266a8| PB 0x0000000704e00000| Untracked 
|  23|0x0000000705000000, 0x0000000705200000, 0x0000000705200000|100%| O|  |TAMS 0x0000000705000000| PB 0x0000000705000000| Untracked 
|  24|0x0000000705200000, 0x0000000705400000, 0x0000000705400000|100%| O|  |TAMS 0x0000000705200000| PB 0x0000000705200000| Untracked 
|  25|0x0000000705400000, 0x00000007055355d8, 0x0000000705600000| 60%| O|  |TAMS 0x0000000705400000| PB 0x0000000705400000| Untracked 
|  26|0x0000000705600000, 0x0000000705600000, 0x0000000705800000|  0%| F|  |TAMS 0x0000000705600000| PB 0x0000000705600000| Untracked 
|  27|0x0000000705800000, 0x0000000705a00000, 0x0000000705a00000|100%| O|  |TAMS 0x0000000705800000| PB 0x0000000705800000| Untracked 
|  28|0x0000000705a00000, 0x0000000705c00000, 0x0000000705c00000|100%| O|  |TAMS 0x0000000705a00000| PB 0x0000000705a00000| Untracked 
|  29|0x0000000705c00000, 0x0000000705e00000, 0x0000000705e00000|100%| O|  |TAMS 0x0000000705c00000| PB 0x0000000705c00000| Untracked 
|  30|0x0000000705e00000, 0x0000000705e00000, 0x0000000706000000|  0%| F|  |TAMS 0x0000000705e00000| PB 0x0000000705e00000| Untracked 
|  31|0x0000000706000000, 0x0000000706000000, 0x0000000706200000|  0%| F|  |TAMS 0x0000000706000000| PB 0x0000000706000000| Untracked 
|  32|0x0000000706200000, 0x0000000706200000, 0x0000000706400000|  0%| F|  |TAMS 0x0000000706200000| PB 0x0000000706200000| Untracked 
|  33|0x0000000706400000, 0x0000000706400000, 0x0000000706600000|  0%| F|  |TAMS 0x0000000706400000| PB 0x0000000706400000| Untracked 
|  34|0x0000000706600000, 0x00000007067ace08, 0x0000000706800000| 83%| S|CS|TAMS 0x0000000706600000| PB 0x0000000706600000| Complete 
|  35|0x0000000706800000, 0x0000000706a00000, 0x0000000706a00000|100%| S|CS|TAMS 0x0000000706800000| PB 0x0000000706800000| Complete 
|  36|0x0000000706a00000, 0x0000000706a00000, 0x0000000706c00000|  0%| F|  |TAMS 0x0000000706a00000| PB 0x0000000706a00000| Untracked 
|  37|0x0000000706c00000, 0x0000000706c00000, 0x0000000706e00000|  0%| F|  |TAMS 0x0000000706c00000| PB 0x0000000706c00000| Untracked 
|  96|0x000000070e200000, 0x000000070e200000, 0x000000070e400000|  0%| F|  |TAMS 0x000000070e200000| PB 0x000000070e200000| Untracked 
|  97|0x000000070e400000, 0x000000070e400000, 0x000000070e600000|  0%| F|  |TAMS 0x000000070e400000| PB 0x000000070e400000| Untracked 
|  98|0x000000070e600000, 0x000000070e600000, 0x000000070e800000|  0%| F|  |TAMS 0x000000070e600000| PB 0x000000070e600000| Untracked 
|  99|0x000000070e800000, 0x000000070e800000, 0x000000070ea00000|  0%| F|  |TAMS 0x000000070e800000| PB 0x000000070e800000| Untracked 
| 126|0x0000000711e00000, 0x0000000711e00000, 0x0000000712000000|  0%| F|  |TAMS 0x0000000711e00000| PB 0x0000000711e00000| Untracked 
|2028|0x00000007ffa00000, 0x00000007ffc00000, 0x00000007ffc00000|100%| O|  |TAMS 0x00000007ffc00000| PB 0x00000007ffa00000| Untracked 
|2029|0x00000007ffc00000, 0x00000007ffe00000, 0x00000007ffe00000|100%| O|  |TAMS 0x00000007ffe00000| PB 0x00000007ffc00000| Untracked 
|2030|0x00000007ffe00000, 0x0000000800000000, 0x0000000800000000|100%| O|  |TAMS 0x0000000800000000| PB 0x00000007ffe00000| Untracked 

Card table byte_map: [0x000001fff2910000,0x000001fff3100000] _byte_map_base: 0x000001ffef0ff000

Marking Bits: (CMBitMap*) 0x000001ffda28f580
 Bits: [0x000001fff3100000, 0x000001fff7078000)

Polling page: 0x000001ffd89a0000

Metaspace:

Usage:
  Non-class:     57.80 MB used.
      Class:      9.04 MB used.
       Both:     66.84 MB used.

Virtual space:
  Non-class space:       64.00 MB reserved,      58.19 MB ( 91%) committed,  1 nodes.
      Class space:        1.00 GB reserved,       9.31 MB ( <1%) committed,  1 nodes.
             Both:        1.06 GB reserved,      67.50 MB (  6%) committed. 

Chunk freelists:
   Non-Class:  5.61 MB
       Class:  6.58 MB
        Both:  12.19 MB

MaxMetaspaceSize: unlimited
CompressedClassSpaceSize: 1.00 GB
Initial GC threshold: 21.00 MB
Current GC threshold: 98.25 MB
CDS: on
 - commit_granule_bytes: 65536.
 - commit_granule_words: 8192.
 - virtual_space_node_default_size: 8388608.
 - enlarge_chunks_in_place: 1.
 - use_allocation_guard: 0.


Internal statistics:

num_allocs_failed_limit: 9.
num_arena_births: 862.
num_arena_deaths: 0.
num_vsnodes_births: 2.
num_vsnodes_deaths: 0.
num_space_committed: 1080.
num_space_uncommitted: 0.
num_chunks_returned_to_freelist: 9.
num_chunks_taken_from_freelist: 3203.
num_chunk_merges: 6.
num_chunk_splits: 2343.
num_chunks_enlarged: 1845.
num_inconsistent_stats: 0.

CodeHeap 'non-profiled nmethods': size=120000Kb used=3960Kb max_used=3960Kb free=116039Kb
 bounds [0x000001ffea270000, 0x000001ffea650000, 0x000001fff17a0000]
CodeHeap 'profiled nmethods': size=120000Kb used=10528Kb max_used=10705Kb free=109471Kb
 bounds [0x000001ffe27a0000, 0x000001ffe3220000, 0x000001ffe9cd0000]
CodeHeap 'non-nmethods': size=5760Kb used=1695Kb max_used=1829Kb free=4065Kb
 bounds [0x000001ffe9cd0000, 0x000001ffe9f40000, 0x000001ffea270000]
 total_blobs=6186 nmethods=5463 adapters=627
 compilation: enabled
              stopped_count=0, restarted_count=0
 full_count=0

Compilation events (20 events):
Event: 16.178 Thread 0x000001fff9b7ec00 6027       4       org.antlr.v4.runtime.atn.ParserATNSimulator::canDropLoopEntryEdgeInLeftRecursiveRule (328 bytes)
Event: 16.179 Thread 0x000001fff9b7ec00 nmethod 6027 0x000001ffea64b990 code [0x000001ffea64bb20, 0x000001ffea64bc10]
Event: 16.179 Thread 0x000001fff9b7ec00 6024       4       org.antlr.v4.runtime.atn.ArrayPredictionContext::<init> (66 bytes)
Event: 16.189 Thread 0x000001fff9b7ec00 nmethod 6024 0x000001ffea64bd10 code [0x000001ffea64bec0, 0x000001ffea64c4e8]
Event: 16.189 Thread 0x000001fff9b7ec00 6026       4       org.antlr.v4.runtime.atn.PredictionContext::mergeRoot (156 bytes)
Event: 16.190 Thread 0x000001fff9b7ec00 nmethod 6026 0x000001ffea64c710 code [0x000001ffea64c8a0, 0x000001ffea64c978]
Event: 16.190 Thread 0x000001fff9b7ec00 6170       4       org.antlr.v4.runtime.atn.ArrayPredictionContext::getReturnState (7 bytes)
Event: 16.191 Thread 0x000001fff9b7ec00 nmethod 6170 0x000001ffea64ca90 code [0x000001ffea64cc20, 0x000001ffea64ccf0]
Event: 16.196 Thread 0x000001fff9b7ec00 6199 %     4       org.antlr.v4.runtime.misc.FlexibleHashMap::expand @ 61 (151 bytes)
Event: 16.198 Thread 0x000001fff9b7bc50 6202       1       org.antlr.v4.runtime.CodePointCharStream::mark (2 bytes)
Event: 16.198 Thread 0x000001fff9b7bc50 nmethod 6202 0x000001ffea64cd90 code [0x000001ffea64cf20, 0x000001ffea64cfe8]
Event: 16.198 Thread 0x000001fff9b7bc50 6203       1       org.antlr.v4.runtime.atn.LexerATNSimulator::getLine (5 bytes)
Event: 16.198 Thread 0x000001fff9b7bc50 nmethod 6203 0x000001ffea64d090 code [0x000001ffea64d220, 0x000001ffea64d2e8]
Event: 16.198 Thread 0x000001fff9b7bc50 6204       1       org.antlr.v4.runtime.atn.LexerATNSimulator::getCharPositionInLine (5 bytes)
Event: 16.198 Thread 0x000001fff9b7bc50 nmethod 6204 0x000001ffea64d390 code [0x000001ffea64d520, 0x000001ffea64d5e8]
Event: 16.198 Thread 0x000001fff9b7bc50 6205       3       org.antlr.v4.runtime.atn.ParserATNSimulator::canDropLoopEntryEdgeInLeftRecursiveRule (328 bytes)
Event: 16.200 Thread 0x000001fff9b7bc50 nmethod 6205 0x000001ffe2e68110 code [0x000001ffe2e68560, 0x000001ffe2e6af48]
Event: 16.207 Thread 0x000001fff9b7ec00 nmethod 6199% 0x000001ffea64d690 code [0x000001ffea64d860, 0x000001ffea64dd50]
Event: 16.207 Thread 0x000001fff9b7ec00 6200       4       org.antlr.v4.runtime.atn.PredictionContext::getCachedContext (261 bytes)
Event: 16.226 Thread 0x000001fff9b7bc50 6208       3       org.antlr.v4.runtime.BufferedTokenStream::sync (55 bytes)

GC Heap History (20 events):
Event: 7.268 GC heap after
{Heap after GC invocations=6 (full 0):
 garbage-first heap   total 69632K, used 21391K [0x0000000702200000, 0x0000000800000000)
  region size 2048K, 3 young (6144K), 3 survivors (6144K)
 Metaspace       used 29950K, committed 30464K, reserved 1114112K
  class space    used 3869K, committed 4096K, reserved 1048576K
}
Event: 9.356 GC heap before
{Heap before GC invocations=6 (full 0):
 garbage-first heap   total 69632K, used 50063K [0x0000000702200000, 0x0000000800000000)
  region size 2048K, 18 young (36864K), 3 survivors (6144K)
 Metaspace       used 35305K, committed 35904K, reserved 1114112K
  class space    used 4513K, committed 4800K, reserved 1048576K
}
Event: 9.361 GC heap after
{Heap after GC invocations=7 (full 0):
 garbage-first heap   total 69632K, used 23359K [0x0000000702200000, 0x0000000800000000)
  region size 2048K, 3 young (6144K), 3 survivors (6144K)
 Metaspace       used 35305K, committed 35904K, reserved 1114112K
  class space    used 4513K, committed 4800K, reserved 1048576K
}
Event: 9.395 GC heap before
{Heap before GC invocations=7 (full 0):
 garbage-first heap   total 69632K, used 23359K [0x0000000702200000, 0x0000000800000000)
  region size 2048K, 4 young (8192K), 3 survivors (6144K)
 Metaspace       used 35439K, committed 35968K, reserved 1114112K
  class space    used 4534K, committed 4800K, reserved 1048576K
}
Event: 9.400 GC heap after
{Heap after GC invocations=8 (full 0):
 garbage-first heap   total 69632K, used 23422K [0x0000000702200000, 0x0000000800000000)
  region size 2048K, 2 young (4096K), 2 survivors (4096K)
 Metaspace       used 35439K, committed 35968K, reserved 1114112K
  class space    used 4534K, committed 4800K, reserved 1048576K
}
Event: 11.248 GC heap before
{Heap before GC invocations=9 (full 0):
 garbage-first heap   total 69632K, used 56190K [0x0000000702200000, 0x0000000800000000)
  region size 2048K, 18 young (36864K), 2 survivors (4096K)
 Metaspace       used 47463K, committed 48000K, reserved 1114112K
  class space    used 6132K, committed 6400K, reserved 1048576K
}
Event: 11.253 GC heap after
{Heap after GC invocations=10 (full 0):
 garbage-first heap   total 69632K, used 26216K [0x0000000702200000, 0x0000000800000000)
  region size 2048K, 3 young (6144K), 3 survivors (6144K)
 Metaspace       used 47463K, committed 48000K, reserved 1114112K
  class space    used 6132K, committed 6400K, reserved 1048576K
}
Event: 12.487 GC heap before
{Heap before GC invocations=10 (full 0):
 garbage-first heap   total 69632K, used 52840K [0x0000000702200000, 0x0000000800000000)
  region size 2048K, 17 young (34816K), 3 survivors (6144K)
 Metaspace       used 53586K, committed 54144K, reserved 1114112K
  class space    used 6897K, committed 7168K, reserved 1048576K
}
Event: 12.511 GC heap after
{Heap after GC invocations=11 (full 0):
 garbage-first heap   total 69632K, used 27723K [0x0000000702200000, 0x0000000800000000)
  region size 2048K, 3 young (6144K), 3 survivors (6144K)
 Metaspace       used 53586K, committed 54144K, reserved 1114112K
  class space    used 6897K, committed 7168K, reserved 1048576K
}
Event: 13.479 GC heap before
{Heap before GC invocations=11 (full 0):
 garbage-first heap   total 69632K, used 46155K [0x0000000702200000, 0x0000000800000000)
  region size 2048K, 13 young (26624K), 3 survivors (6144K)
 Metaspace       used 59558K, committed 60160K, reserved 1114112K
  class space    used 7886K, committed 8128K, reserved 1048576K
}
Event: 13.485 GC heap after
{Heap after GC invocations=12 (full 0):
 garbage-first heap   total 86016K, used 28622K [0x0000000702200000, 0x0000000800000000)
  region size 2048K, 2 young (4096K), 2 survivors (4096K)
 Metaspace       used 59558K, committed 60160K, reserved 1114112K
  class space    used 7886K, committed 8128K, reserved 1048576K
}
Event: 15.477 GC heap before
{Heap before GC invocations=13 (full 0):
 garbage-first heap   total 86016K, used 73678K [0x0000000702200000, 0x0000000800000000)
  region size 2048K, 24 young (49152K), 2 survivors (4096K)
 Metaspace       used 68379K, committed 69056K, reserved 1114112K
  class space    used 9253K, committed 9536K, reserved 1048576K
}
Event: 15.484 GC heap after
{Heap after GC invocations=14 (full 0):
 garbage-first heap   total 86016K, used 31837K [0x0000000702200000, 0x0000000800000000)
  region size 2048K, 3 young (6144K), 3 survivors (6144K)
 Metaspace       used 68379K, committed 69056K, reserved 1114112K
  class space    used 9253K, committed 9536K, reserved 1048576K
}
Event: 15.779 GC heap before
{Heap before GC invocations=14 (full 0):
 garbage-first heap   total 86016K, used 72797K [0x0000000702200000, 0x0000000800000000)
  region size 2048K, 23 young (47104K), 3 survivors (6144K)
 Metaspace       used 68442K, committed 69056K, reserved 1114112K
  class space    used 9260K, committed 9536K, reserved 1048576K
}
Event: 15.793 GC heap after
{Heap after GC invocations=15 (full 0):
 garbage-first heap   total 94208K, used 43657K [0x0000000702200000, 0x0000000800000000)
  region size 2048K, 3 young (6144K), 3 survivors (6144K)
 Metaspace       used 68442K, committed 69056K, reserved 1114112K
  class space    used 9260K, committed 9536K, reserved 1048576K
}
Event: 15.986 GC heap before
{Heap before GC invocations=15 (full 0):
 garbage-first heap   total 94208K, used 74377K [0x0000000702200000, 0x0000000800000000)
  region size 2048K, 18 young (36864K), 3 survivors (6144K)
 Metaspace       used 68446K, committed 69056K, reserved 1114112K
  class space    used 9260K, committed 9536K, reserved 1048576K
}
Event: 16.011 GC heap after
{Heap after GC invocations=16 (full 0):
 garbage-first heap   total 94208K, used 54425K [0x0000000702200000, 0x0000000800000000)
  region size 2048K, 3 young (6144K), 3 survivors (6144K)
 Metaspace       used 68446K, committed 69056K, reserved 1114112K
  class space    used 9260K, committed 9536K, reserved 1048576K
}
Event: 16.139 GC heap before
{Heap before GC invocations=16 (full 0):
 garbage-first heap   total 94208K, used 76953K [0x0000000702200000, 0x0000000800000000)
  region size 2048K, 14 young (28672K), 3 survivors (6144K)
 Metaspace       used 68448K, committed 69120K, reserved 1114112K
  class space    used 9260K, committed 9536K, reserved 1048576K
}
Event: 16.153 GC heap after
{Heap after GC invocations=17 (full 0):
 garbage-first heap   total 94208K, used 64173K [0x0000000702200000, 0x0000000800000000)
  region size 2048K, 2 young (4096K), 2 survivors (4096K)
 Metaspace       used 68448K, committed 69120K, reserved 1114112K
  class space    used 9260K, committed 9536K, reserved 1048576K
}
Event: 16.226 GC heap before
{Heap before GC invocations=17 (full 0):
 garbage-first heap   total 94208K, used 78509K [0x0000000702200000, 0x0000000800000000)
  region size 2048K, 9 young (18432K), 2 survivors (4096K)
 Metaspace       used 68448K, committed 69120K, reserved 1114112K
  class space    used 9260K, committed 9536K, reserved 1048576K
}

Dll operation events (14 events):
Event: 0.012 Loaded shared library C:\Program Files\Java\jdk-21\bin\java.dll
Event: 0.047 Loaded shared library C:\Program Files\Java\jdk-21\bin\jsvml.dll
Event: 0.160 Loaded shared library C:\Program Files\Java\jdk-21\bin\zip.dll
Event: 0.163 Loaded shared library C:\Program Files\Java\jdk-21\bin\instrument.dll
Event: 0.167 Loaded shared library C:\Program Files\Java\jdk-21\bin\net.dll
Event: 0.169 Loaded shared library C:\Program Files\Java\jdk-21\bin\nio.dll
Event: 0.179 Loaded shared library C:\Program Files\Java\jdk-21\bin\zip.dll
Event: 0.472 Loaded shared library C:\Users\pc\AppData\Local\JetBrains\IntelliJ IDEA Community Edition 2024.1.3\bin\breakgen64.dll
Event: 0.479 Loaded shared library C:\Program Files\Java\jdk-21\bin\extnet.dll
Event: 0.559 Loaded shared library C:\Program Files\Java\jdk-21\bin\jimage.dll
Event: 1.172 Loaded shared library C:\Program Files\Java\jdk-21\bin\management.dll
Event: 1.180 Loaded shared library C:\Program Files\Java\jdk-21\bin\management_ext.dll
Event: 4.208 Loaded shared library C:\Program Files\Java\jdk-21\bin\sunmscapi.dll
Event: 9.862 Loaded shared library C:\Program Files\Java\jdk-21\bin\verify.dll

Deoptimization events (20 events):
Event: 16.196 Thread 0x000001ffff23b960 Uncommon trap: trap_request=0xffffffbe fr.pc=0x000001ffea648660 relative=0x0000000000003780
Event: 16.196 Thread 0x000001ffff23b960 Uncommon trap: reason=profile_predicate action=maybe_recompile pc=0x000001ffea648660 method=org.antlr.v4.runtime.atn.PredictionContext.getCachedContext(Lorg/antlr/v4/runtime/atn/PredictionContext;Lorg/antlr/v4/runtime/atn/PredictionContextCache;Ljava/util
Event: 16.196 Thread 0x000001ffff23b960 DEOPT PACKING pc=0x000001ffea648660 sp=0x000000482aafb300
Event: 16.196 Thread 0x000001ffff23b960 DEOPT UNPACKING pc=0x000001ffe9d246a2 sp=0x000000482aafb240 mode 2
Event: 16.196 Thread 0x000001ffff23b960 Uncommon trap: trap_request=0xffffffbe fr.pc=0x000001ffea648660 relative=0x0000000000003780
Event: 16.196 Thread 0x000001ffff23b960 Uncommon trap: reason=profile_predicate action=maybe_recompile pc=0x000001ffea648660 method=org.antlr.v4.runtime.atn.PredictionContext.getCachedContext(Lorg/antlr/v4/runtime/atn/PredictionContext;Lorg/antlr/v4/runtime/atn/PredictionContextCache;Ljava/util
Event: 16.196 Thread 0x000001ffff23b960 DEOPT PACKING pc=0x000001ffea648660 sp=0x000000482aafb300
Event: 16.196 Thread 0x000001ffff23b960 DEOPT UNPACKING pc=0x000001ffe9d246a2 sp=0x000000482aafb240 mode 2
Event: 16.196 Thread 0x000001ffff23b960 Uncommon trap: trap_request=0xffffffbe fr.pc=0x000001ffea648660 relative=0x0000000000003780
Event: 16.196 Thread 0x000001ffff23b960 Uncommon trap: reason=profile_predicate action=maybe_recompile pc=0x000001ffea648660 method=org.antlr.v4.runtime.atn.PredictionContext.getCachedContext(Lorg/antlr/v4/runtime/atn/PredictionContext;Lorg/antlr/v4/runtime/atn/PredictionContextCache;Ljava/util
Event: 16.196 Thread 0x000001ffff23b960 DEOPT PACKING pc=0x000001ffea648660 sp=0x000000482aafb300
Event: 16.196 Thread 0x000001ffff23b960 DEOPT UNPACKING pc=0x000001ffe9d246a2 sp=0x000000482aafb240 mode 2
Event: 16.196 Thread 0x000001ffff23b960 Uncommon trap: trap_request=0xffffffbe fr.pc=0x000001ffea648660 relative=0x0000000000003780
Event: 16.196 Thread 0x000001ffff23b960 Uncommon trap: reason=profile_predicate action=maybe_recompile pc=0x000001ffea648660 method=org.antlr.v4.runtime.atn.PredictionContext.getCachedContext(Lorg/antlr/v4/runtime/atn/PredictionContext;Lorg/antlr/v4/runtime/atn/PredictionContextCache;Ljava/util
Event: 16.196 Thread 0x000001ffff23b960 DEOPT PACKING pc=0x000001ffea648660 sp=0x000000482aafb300
Event: 16.196 Thread 0x000001ffff23b960 DEOPT UNPACKING pc=0x000001ffe9d246a2 sp=0x000000482aafb240 mode 2
Event: 16.198 Thread 0x000001ffff23b960 Uncommon trap: trap_request=0xffffff45 fr.pc=0x000001ffea64bbb0 relative=0x0000000000000090
Event: 16.198 Thread 0x000001ffff23b960 Uncommon trap: reason=unstable_if action=reinterpret pc=0x000001ffea64bbb0 method=org.antlr.v4.runtime.atn.ParserATNSimulator.canDropLoopEntryEdgeInLeftRecursiveRule(Lorg/antlr/v4/runtime/atn/ATNConfig;)Z @ 19 c2
Event: 16.198 Thread 0x000001ffff23b960 DEOPT PACKING pc=0x000001ffea64bbb0 sp=0x000000482aafabe0
Event: 16.198 Thread 0x000001ffff23b960 DEOPT UNPACKING pc=0x000001ffe9d246a2 sp=0x000000482aafab30 mode 2

Classes loaded (20 events):
Event: 14.706 Loading class java/util/stream/ReduceOps$5
Event: 14.706 Loading class java/util/stream/ReduceOps$5 done
Event: 14.706 Loading class java/util/stream/ReduceOps$CountingSink$OfRef
Event: 14.706 Loading class java/util/stream/ReduceOps$CountingSink
Event: 14.706 Loading class java/util/stream/ReduceOps$CountingSink done
Event: 14.706 Loading class java/util/stream/ReduceOps$CountingSink$OfRef done
Event: 14.790 Loading class java/lang/invoke/WrongMethodTypeException
Event: 14.790 Loading class java/lang/invoke/WrongMethodTypeException done
Event: 14.811 Loading class java/lang/Character$UnicodeBlock
Event: 14.812 Loading class java/lang/Character$Subset
Event: 14.812 Loading class java/lang/Character$Subset done
Event: 14.815 Loading class java/lang/Character$UnicodeBlock done
Event: 14.923 Loading class java/util/regex/Pattern$Bound
Event: 14.923 Loading class java/util/regex/Pattern$Bound done
Event: 14.925 Loading class java/util/regex/Pattern$Behind
Event: 14.925 Loading class java/util/regex/Pattern$Behind done
Event: 15.044 Loading class java/util/EmptyStackException
Event: 15.044 Loading class java/util/EmptyStackException done
Event: 15.316 Loading class java/io/InvalidClassException
Event: 15.316 Loading class java/io/InvalidClassException done

Classes unloaded (0 events):
No events

Classes redefined (0 events):
No events

Internal exceptions (20 events):
Event: 13.593 Thread 0x000001ffff23b960 Exception <a 'java/lang/NoSuchMethodError'{0x0000000711fe4980}: 'java.lang.Object java.lang.invoke.DirectMethodHandle$Holder.newInvokeSpecial(java.lang.Object, java.lang.Object, int, java.lang.Object)'> (0x0000000711fe4980) 
thrown [s\open\src\hotspot\share\interpreter\linkResolver.cpp, line 773]
Event: 13.593 Thread 0x000001ffff23b960 Exception <a 'java/lang/NoSuchMethodError'{0x0000000711fe82f0}: 'java.lang.Object java.lang.invoke.Invokers$Holder.linkToTargetMethod(java.lang.Object, int, java.lang.Object, java.lang.Object)'> (0x0000000711fe82f0) 
thrown [s\open\src\hotspot\share\interpreter\linkResolver.cpp, line 773]
Event: 13.647 Thread 0x000001ffff23b960 Exception <a 'java/lang/NoSuchMethodError'{0x000000070e8c2b98}: 'void java.lang.invoke.DirectMethodHandle$Holder.invokeSpecial(java.lang.Object, java.lang.Object, java.lang.Object, java.lang.Object, java.lang.Object, java.lang.Object, java.lang.Object, java.lang.Object)'> (0x000000070e8c2b98) 
thrown [s\open\src\hotspot\share\interpreter\linkResolver.cpp, line 773]
Event: 13.659 Thread 0x000001ffff23b960 Exception <a 'java/lang/NoSuchMethodError'{0x000000070e8fef68}: 'void java.lang.invoke.DirectMethodHandle$Holder.invokeSpecial(java.lang.Object, java.lang.Object, int, java.lang.Object)'> (0x000000070e8fef68) 
thrown [s\open\src\hotspot\share\interpreter\linkResolver.cpp, line 773]
Event: 13.660 Thread 0x000001ffff23b960 Exception <a 'java/lang/NoSuchMethodError'{0x000000070e9052b0}: 'java.lang.Object java.lang.invoke.DirectMethodHandle$Holder.newInvokeSpecial(java.lang.Object, java.lang.Object, int)'> (0x000000070e9052b0) 
thrown [s\open\src\hotspot\share\interpreter\linkResolver.cpp, line 773]
Event: 13.700 Thread 0x000001ffff23b960 Exception <a 'java/lang/NoSuchMethodError'{0x000000070e669928}: 'int java.lang.invoke.DirectMethodHandle$Holder.invokeStatic(java.lang.Object, int, java.lang.Object)'> (0x000000070e669928) 
thrown [s\open\src\hotspot\share\interpreter\linkResolver.cpp, line 773]
Event: 13.702 Thread 0x000001ffff23b960 Exception <a 'java/lang/NoSuchMethodError'{0x000000070e688970}: 'java.lang.Object java.lang.invoke.DirectMethodHandle$Holder.newInvokeSpecial(java.lang.Object, java.lang.Object, java.lang.Object, java.lang.Object, java.lang.Object, int, java.lang.Object)'> (0x000000070e688970) 
thrown [s\open\src\hotspot\share\interpreter\linkResolver.cpp, line 773]
Event: 13.709 Thread 0x000001ffff23b960 Exception <a 'java/lang/NoSuchMethodError'{0x000000070e6bcd20}: 'java.lang.Object java.lang.invoke.DirectMethodHandle$Holder.newInvokeSpecial(java.lang.Object, java.lang.Object, java.lang.Object, java.lang.Object, java.lang.Object, java.lang.Object, java.lang.Object, java.lang.Object, java.lang.Object, java.lang.Object, java.lang.Object, java.lang.Object)'> (0x000000070e6bcd20) 
thrown [s\open\src\hotspot\share\interpreter\linkResolver.cpp, line 773]
Event: 13.710 Thread 0x000001ffff23b960 Exception <a 'java/lang/NoSuchMethodError'{0x000000070e6c15c8}: 'java.lang.Object java.lang.invoke.DirectMethodHandle$Holder.invokeSpecial(java.lang.Object, java.lang.Object, java.lang.Object, java.lang.Object, java.lang.Object, java.lang.Object, java.lang.Object, java.lang.Object, java.lang.Object, java.lang.Object, java.lang.Object, java.lang.Object, java.lang.Object)'> (0x000000070e6c15c8) 
thrown [s\open\src\hotspot\share\interpreter\linkResolver.cpp, line 773]
Event: 13.710 Thread 0x000001ffff23b960 Exception <a 'java/lang/NoSuchMethodError'{0x000000070e6c5ab0}: 'java.lang.Object java.lang.invoke.Invokers$Holder.linkToTargetMethod(java.lang.Object, java.lang.Object, java.lang.Object, java.lang.Object, java.lang.Object, java.lang.Object, java.lang.Object, java.lang.Object, java.lang.Object, java.lang.Object, java.lang.Object, java.lang.Object)'> (0x000000070e6c5ab0) 
thrown [s\open\src\hotspot\share\interpreter\linkResolver.cpp, line 773]
Event: 13.780 Thread 0x000001ffff23b960 Exception <a 'java/lang/IncompatibleClassChangeError'{0x000000070e4508d0}: Found class java.lang.Object, but interface was expected> (0x000000070e4508d0) 
thrown [s\open\src\hotspot\share\interpreter\linkResolver.cpp, line 840]
Event: 13.804 Thread 0x000001ffff23b960 Exception <a 'java/lang/NoSuchMethodError'{0x000000070e4cd7d8}: 'java.lang.Object java.lang.invoke.DirectMethodHandle$Holder.newInvokeSpecial(java.lang.Object, java.lang.Object, java.lang.Object, java.lang.Object, java.lang.Object, java.lang.Object, java.lang.Object, int)'> (0x000000070e4cd7d8) 
thrown [s\open\src\hotspot\share\interpreter\linkResolver.cpp, line 773]
Event: 13.804 Thread 0x000001ffff23b960 Exception <a 'java/lang/NoSuchMethodError'{0x000000070e4d1d48}: 'java.lang.Object java.lang.invoke.DirectMethodHandle$Holder.invokeSpecial(java.lang.Object, java.lang.Object, java.lang.Object, java.lang.Object, java.lang.Object, java.lang.Object, java.lang.Object, java.lang.Object, int)'> (0x000000070e4d1d48) 
thrown [s\open\src\hotspot\share\interpreter\linkResolver.cpp, line 773]
Event: 13.804 Thread 0x000001ffff23b960 Exception <a 'java/lang/NoSuchMethodError'{0x000000070e4d5d70}: 'java.lang.Object java.lang.invoke.Invokers$Holder.linkToTargetMethod(java.lang.Object, java.lang.Object, java.lang.Object, java.lang.Object, java.lang.Object, java.lang.Object, int, java.lang.Object)'> (0x000000070e4d5d70) 
thrown [s\open\src\hotspot\share\interpreter\linkResolver.cpp, line 773]
Event: 13.856 Thread 0x000001ffff23b960 Exception <a 'java/lang/NoSuchMethodError'{0x000000070e5a96f0}: 'void java.lang.invoke.DirectMethodHandle$Holder.invokeInterface(java.lang.Object, java.lang.Object)'> (0x000000070e5a96f0) 
thrown [s\open\src\hotspot\share\interpreter\linkResolver.cpp, line 773]
Event: 14.067 Thread 0x000001ffff23b960 Implicit null exception at 0x000001ffea5bcd17 to 0x000001ffea5bcf90
Event: 14.144 Thread 0x000001ffff23b960 Exception <a 'java/lang/IncompatibleClassChangeError'{0x00000007067be4f0}: Found class java.lang.Object, but interface was expected> (0x00000007067be4f0) 
thrown [s\open\src\hotspot\share\interpreter\linkResolver.cpp, line 840]
Event: 14.284 Thread 0x000001ffff23b960 Exception <a 'java/lang/IncompatibleClassChangeError'{0x0000000706558f18}: Found class java.lang.Object, but interface was expected> (0x0000000706558f18) 
thrown [s\open\src\hotspot\share\interpreter\linkResolver.cpp, line 840]
Event: 14.635 Thread 0x000001ffff23b960 Exception <a 'java/lang/IncompatibleClassChangeError'{0x0000000705fbe2b8}: Found class java.lang.Object, but interface was expected> (0x0000000705fbe2b8) 
thrown [s\open\src\hotspot\share\interpreter\linkResolver.cpp, line 840]
Event: 14.848 Thread 0x000001ffff23b960 Exception <a 'java/lang/IncompatibleClassChangeError'{0x0000000705ab3880}: Found class java.lang.Object, but interface was expected> (0x0000000705ab3880) 
thrown [s\open\src\hotspot\share\interpreter\linkResolver.cpp, line 840]

ZGC Phase Switch (0 events):
No events

VM Operations (20 events):
Event: 14.001 Executing VM operation: HandshakeAllThreads (Deoptimize) done
Event: 14.660 Executing VM operation: HandshakeAllThreads (Deoptimize)
Event: 14.660 Executing VM operation: HandshakeAllThreads (Deoptimize) done
Event: 14.660 Executing VM operation: Cleanup
Event: 14.660 Executing VM operation: Cleanup done
Event: 14.661 Executing VM operation: HandshakeAllThreads (Deoptimize)
Event: 14.661 Executing VM operation: HandshakeAllThreads (Deoptimize) done
Event: 15.336 Executing VM operation: HandshakeAllThreads (Deoptimize)
Event: 15.336 Executing VM operation: HandshakeAllThreads (Deoptimize) done
Event: 15.477 Executing VM operation: G1CollectForAllocation (G1 Evacuation Pause)
Event: 15.484 Executing VM operation: G1CollectForAllocation (G1 Evacuation Pause) done
Event: 15.511 Executing VM operation: HandshakeAllThreads (Deoptimize)
Event: 15.512 Executing VM operation: HandshakeAllThreads (Deoptimize) done
Event: 15.779 Executing VM operation: G1CollectForAllocation (G1 Evacuation Pause)
Event: 15.793 Executing VM operation: G1CollectForAllocation (G1 Evacuation Pause) done
Event: 15.986 Executing VM operation: G1CollectForAllocation (G1 Evacuation Pause)
Event: 16.012 Executing VM operation: G1CollectForAllocation (G1 Evacuation Pause) done
Event: 16.139 Executing VM operation: G1CollectForAllocation (G1 Evacuation Pause)
Event: 16.153 Executing VM operation: G1CollectForAllocation (G1 Evacuation Pause) done
Event: 16.226 Executing VM operation: G1CollectForAllocation (G1 Evacuation Pause)

Events (20 events):
Event: 13.516 Thread 0x000001fff9b36f10 flushing nmethod 0x000001ffe2dc7890
Event: 13.516 Thread 0x000001fff9b36f10 flushing nmethod 0x000001ffe2dc9510
Event: 13.516 Thread 0x000001fff9b36f10 flushing nmethod 0x000001ffe2dca990
Event: 13.516 Thread 0x000001fff9b36f10 flushing nmethod 0x000001ffe2defe10
Event: 13.516 Thread 0x000001fff9b36f10 flushing nmethod 0x000001ffe2e65c90
Event: 13.516 Thread 0x000001fff9b36f10 flushing nmethod 0x000001ffe2e67710
Event: 13.516 Thread 0x000001fff9b36f10 flushing nmethod 0x000001ffe2e6f410
Event: 13.516 Thread 0x000001fff9b36f10 flushing nmethod 0x000001ffe2ee0190
Event: 13.516 Thread 0x000001fff9b36f10 flushing nmethod 0x000001ffe2ee0c10
Event: 13.516 Thread 0x000001fff9b36f10 flushing nmethod 0x000001ffe2fdf490
Event: 13.516 Thread 0x000001fff9b36f10 flushing nmethod 0x000001ffe2fdfc90
Event: 13.516 Thread 0x000001fff9b36f10 flushing nmethod 0x000001ffe2ff1e90
Event: 13.516 Thread 0x000001fff9b36f10 flushing nmethod 0x000001ffe2ff2190
Event: 13.516 Thread 0x000001fff9b36f10 flushing nmethod 0x000001ffe2ff2a90
Event: 14.084 Thread 0x000001fff9b7de60 Thread added: 0x000001fff9b7de60
Event: 14.138 Thread 0x000001fff9b7e530 Thread added: 0x000001fff9b7e530
Event: 14.970 Thread 0x000001fff9b7e530 Thread exited: 0x000001fff9b7e530
Event: 15.277 Thread 0x000001fff9b7de60 Thread exited: 0x000001fff9b7de60
Event: 15.450 Thread 0x000001fff9b7e530 Thread added: 0x000001fff9b7e530
Event: 15.455 Thread 0x000001fff9b7ec00 Thread added: 0x000001fff9b7ec00


Dynamic libraries:
0x00007ff7521d0000 - 0x00007ff7521e0000 	C:\Program Files\Java\jdk-21\bin\java.exe
0x00007ffc336e0000 - 0x00007ffc33946000 	C:\WINDOWS\SYSTEM32\ntdll.dll
0x00007ffc31f50000 - 0x00007ffc32019000 	C:\WINDOWS\System32\KERNEL32.DLL
0x00007ffc30bd0000 - 0x00007ffc30f9c000 	C:\WINDOWS\System32\KERNELBASE.dll
0x00007ffc31080000 - 0x00007ffc311cb000 	C:\WINDOWS\System32\ucrtbase.dll
0x00007ffbd88d0000 - 0x00007ffbd88e9000 	C:\Program Files\Java\jdk-21\bin\jli.dll
0x00007ffc14110000 - 0x00007ffc1412b000 	C:\Program Files\Java\jdk-21\bin\VCRUNTIME140.dll
0x00007ffc32020000 - 0x00007ffc320d2000 	C:\WINDOWS\System32\ADVAPI32.dll
0x00007ffc333a0000 - 0x00007ffc33449000 	C:\WINDOWS\System32\msvcrt.dll
0x00007ffc32bc0000 - 0x00007ffc32c66000 	C:\WINDOWS\System32\sechost.dll
0x00007ffc31910000 - 0x00007ffc31a26000 	C:\WINDOWS\System32\RPCRT4.dll
0x00007ffc327c0000 - 0x00007ffc3298a000 	C:\WINDOWS\System32\USER32.dll
0x00007ffc19e90000 - 0x00007ffc1a12a000 	C:\WINDOWS\WinSxS\amd64_microsoft.windows.common-controls_6595b64144ccf1df_6.0.26100.3912_none_3e07963ce335137e\COMCTL32.dll
0x00007ffc31050000 - 0x00007ffc31077000 	C:\WINDOWS\System32\win32u.dll
0x00007ffc318e0000 - 0x00007ffc3190b000 	C:\WINDOWS\System32\GDI32.dll
0x00007ffc30870000 - 0x00007ffc309a2000 	C:\WINDOWS\System32\gdi32full.dll
0x00007ffc30fa0000 - 0x00007ffc31043000 	C:\WINDOWS\System32\msvcp_win.dll
0x00007ffc24da0000 - 0x00007ffc24dab000 	C:\WINDOWS\SYSTEM32\VERSION.dll
0x00007ffc32170000 - 0x00007ffc321a0000 	C:\WINDOWS\System32\IMM32.DLL
0x00007ffc10e00000 - 0x00007ffc10e0c000 	C:\Program Files\Java\jdk-21\bin\vcruntime140_1.dll
0x00007ffb9ffb0000 - 0x00007ffba003e000 	C:\Program Files\Java\jdk-21\bin\msvcp140.dll
0x00007ffb7b2e0000 - 0x00007ffb7bffa000 	C:\Program Files\Java\jdk-21\bin\server\jvm.dll
0x00007ffc31710000 - 0x00007ffc31784000 	C:\WINDOWS\System32\WS2_32.dll
0x00007ffc306e0000 - 0x00007ffc3073e000 	C:\WINDOWS\SYSTEM32\POWRPROF.dll
0x00007ffc19b50000 - 0x00007ffc19b86000 	C:\WINDOWS\SYSTEM32\WINMM.dll
0x00007ffc306c0000 - 0x00007ffc306d4000 	C:\WINDOWS\SYSTEM32\UMPDC.dll
0x00007ffc2f5f0000 - 0x00007ffc2f60a000 	C:\WINDOWS\SYSTEM32\kernel.appcore.dll
0x00007ffc0b830000 - 0x00007ffc0b83a000 	C:\Program Files\Java\jdk-21\bin\jimage.dll
0x00007ffc2dbe0000 - 0x00007ffc2de21000 	C:\WINDOWS\SYSTEM32\DBGHELP.DLL
0x00007ffc31a30000 - 0x00007ffc31db4000 	C:\WINDOWS\System32\combase.dll
0x00007ffc317f0000 - 0x00007ffc318d0000 	C:\WINDOWS\System32\OLEAUT32.dll
0x00007ffc10c70000 - 0x00007ffc10ca9000 	C:\WINDOWS\SYSTEM32\dbgcore.DLL
0x00007ffc30b30000 - 0x00007ffc30bc9000 	C:\WINDOWS\System32\bcryptPrimitives.dll
0x00007ffc262b0000 - 0x00007ffc262bf000 	C:\Program Files\Java\jdk-21\bin\instrument.dll
0x00007ffbd88b0000 - 0x00007ffbd88cf000 	C:\Program Files\Java\jdk-21\bin\java.dll
0x00007ffc32c70000 - 0x00007ffc3339d000 	C:\WINDOWS\System32\SHELL32.dll
0x00007ffc309b0000 - 0x00007ffc30b24000 	C:\WINDOWS\System32\wintypes.dll
0x00007ffc2e4c0000 - 0x00007ffc2ed16000 	C:\WINDOWS\SYSTEM32\windows.storage.dll
0x00007ffc31e30000 - 0x00007ffc31f1f000 	C:\WINDOWS\System32\SHCORE.dll
0x00007ffc31dc0000 - 0x00007ffc31e29000 	C:\WINDOWS\System32\shlwapi.dll
0x00007ffc30780000 - 0x00007ffc307af000 	C:\WINDOWS\SYSTEM32\profapi.dll
0x00007ffb92810000 - 0x00007ffb928e7000 	C:\Program Files\Java\jdk-21\bin\jsvml.dll
0x00007ffbbe490000 - 0x00007ffbbe4a8000 	C:\Program Files\Java\jdk-21\bin\zip.dll
0x00007ffc0b610000 - 0x00007ffc0b620000 	C:\Program Files\Java\jdk-21\bin\net.dll
0x00007ffc23030000 - 0x00007ffc2314e000 	C:\WINDOWS\SYSTEM32\WINHTTP.dll
0x00007ffc2fb40000 - 0x00007ffc2fbaa000 	C:\WINDOWS\system32\mswsock.dll
0x00007ffbd17f0000 - 0x00007ffbd1806000 	C:\Program Files\Java\jdk-21\bin\nio.dll
0x00007ffc16770000 - 0x00007ffc1678a000 	C:\Users\pc\AppData\Local\JetBrains\IntelliJ IDEA Community Edition 2024.1.3\bin\breakgen64.dll
0x00007ffc09ab0000 - 0x00007ffc09ab9000 	C:\Program Files\Java\jdk-21\bin\extnet.dll
0x00007ffc28340000 - 0x00007ffc2834a000 	C:\Program Files\Java\jdk-21\bin\management.dll
0x00007ffc262c0000 - 0x00007ffc262cb000 	C:\Program Files\Java\jdk-21\bin\management_ext.dll
0x00007ffc33450000 - 0x00007ffc33458000 	C:\WINDOWS\System32\PSAPI.DLL
0x00007ffc262a0000 - 0x00007ffc262ae000 	C:\Program Files\Java\jdk-21\bin\sunmscapi.dll
0x00007ffc31260000 - 0x00007ffc313d7000 	C:\WINDOWS\System32\CRYPT32.dll
0x00007ffc30050000 - 0x00007ffc30080000 	C:\WINDOWS\SYSTEM32\ncrypt.dll
0x00007ffc30000000 - 0x00007ffc3003f000 	C:\WINDOWS\SYSTEM32\NTASN1.dll
0x00007ffc2ff00000 - 0x00007ffc2ff1c000 	C:\WINDOWS\SYSTEM32\CRYPTSP.dll
0x00007ffc2f550000 - 0x00007ffc2f58a000 	C:\WINDOWS\system32\rsaenh.dll
0x00007ffc2fbe0000 - 0x00007ffc2fc0b000 	C:\WINDOWS\SYSTEM32\USERENV.dll
0x00007ffc30750000 - 0x00007ffc30776000 	C:\WINDOWS\SYSTEM32\bcrypt.dll
0x00007ffc2fd70000 - 0x00007ffc2fd7c000 	C:\WINDOWS\SYSTEM32\CRYPTBASE.dll
0x00007ffc2f010000 - 0x00007ffc2f043000 	C:\WINDOWS\SYSTEM32\IPHLPAPI.DLL
0x00007ffc320e0000 - 0x00007ffc320ea000 	C:\WINDOWS\System32\NSI.dll
0x00007ffbf8360000 - 0x00007ffbf8370000 	C:\Program Files\Java\jdk-21\bin\verify.dll
0x00007ffc2f050000 - 0x00007ffc2f177000 	C:\WINDOWS\SYSTEM32\DNSAPI.dll
0x00007ffc1a4f0000 - 0x00007ffc1a4fb000 	C:\Windows\System32\rasadhlp.dll
0x00007ffc1c350000 - 0x00007ffc1c3d6000 	C:\WINDOWS\System32\fwpuclnt.dll

dbghelp: loaded successfully - version: 4.0.5 - missing functions: none
symbol engine: initialized successfully - sym options: 0x614 - pdb path: .;C:\Program Files\Java\jdk-21\bin;C:\WINDOWS\SYSTEM32;C:\WINDOWS\WinSxS\amd64_microsoft.windows.common-controls_6595b64144ccf1df_6.0.26100.3912_none_3e07963ce335137e;C:\Program Files\Java\jdk-21\bin\server;C:\Users\pc\AppData\Local\JetBrains\IntelliJ IDEA Community Edition 2024.1.3\bin

VM Arguments:
jvm_args: -javaagent:C:\Users\pc\AppData\Local\JetBrains\IntelliJ IDEA Community Edition 2024.1.3\lib\idea_rt.jar=47591:C:\Users\pc\AppData\Local\JetBrains\IntelliJ IDEA Community Edition 2024.1.3\bin -Dfile.encoding=UTF-8 
java_command: com.TodayTask.Admin.Panel.AdminPanelApplication
java_class_path (initial): E:\crud op\backend\backend\Admin Panel\Admin-Panel\target\classes;C:\Users\pc\.m2\repository\io\jsonwebtoken\jjwt-impl\0.12.6\jjwt-impl-0.12.6.jar;C:\Users\pc\.m2\repository\io\jsonwebtoken\jjwt-jackson\0.12.6\jjwt-jackson-0.12.6.jar;C:\Users\pc\.m2\repository\com\fasterxml\jackson\core\jackson-databind\2.18.3\jackson-databind-2.18.3.jar;C:\Users\pc\.m2\repository\com\fasterxml\jackson\core\jackson-annotations\2.18.3\jackson-annotations-2.18.3.jar;C:\Users\pc\.m2\repository\com\fasterxml\jackson\core\jackson-core\2.18.3\jackson-core-2.18.3.jar;C:\Users\pc\.m2\repository\io\jsonwebtoken\jjwt-api\0.12.6\jjwt-api-0.12.6.jar;C:\Users\pc\.m2\repository\org\apache\poi\poi-ooxml\5.2.3\poi-ooxml-5.2.3.jar;C:\Users\pc\.m2\repository\org\apache\poi\poi\5.2.3\poi-5.2.3.jar;C:\Users\pc\.m2\repository\commons-codec\commons-codec\1.17.2\commons-codec-1.17.2.jar;C:\Users\pc\.m2\repository\org\apache\commons\commons-math3\3.6.1\commons-math3-3.6.1.jar;C:\Users\pc\.m2\repository\com\zaxxer\SparseBitSet\1.2\SparseBitSet-1.2.jar;C:\Users\pc\.m2\repository\org\apache\poi\poi-ooxml-lite\5.2.3\poi-ooxml-lite-5.2.3.jar;C:\Users\pc\.m2\repository\org\apache\xmlbeans\xmlbeans\5.1.1\xmlbeans-5.1.1.jar;C:\Users\pc\.m2\repository\org\apache\commons\commons-compress\1.21\commons-compress-1.21.jar;C:\Users\pc\.m2\repository\commons-io\commons-io\2.11.0\commons-io-2.11.0.jar;C:\Users\pc\.m2\repository\com\github\virtuald\curvesapi\1.07\curvesapi-1.07.jar;C:\Users\pc\.m2\repository\org\apache\logging\log4j\log4j-api\2.24.3\log4j-api-2.24.3.jar;C:\Users\pc\.m2\repository\org\apache\commons\commons-collections4\4.4\commons-collections4-4.4.jar;C:\Users\pc\.m2\repository\org\liquibase\liquibase-core\4.29.2\liquibase-core-4.29.2.jar;C:\Users\pc\.m2\repository\com\opencsv\opencsv\5.9\opencsv-5.9.jar;C:\Users\pc\.m2\repository\org\yaml\snakeyaml\2.3\snakeyaml-2.3.jar;C:\Users\pc\.m2\repository\javax\xml\bind\jaxb-api\2.3.1\jaxb-api-2.3.1.jar;C:\Users\pc\.m2\repository\org\apache\commons\commons-text\1.12.0\commons-text-1.12.0.jar;C:\Users\pc\.m2\repository\org\apache\commons\commons-lang3\3.17.0\commons-lang3-3.17.0.jar;C:\Users\pc\.m2\repository\org\springframework\boot\spring-boot-starter-data-jpa\3.4.4\spring-boot-starter-data-jpa-3.4.4.jar;C:\Users\pc\.m2\repository\org\springframework\boot\spring-boot-starter\3.4.4\spring-boot-starter-3.4.4.jar;C:\Users\pc\.m2\repository\org\springframework\boot\spring-boot-starter-logging\3.4.4\spring-boot-starter-logging-3.4.4.jar;C:\Users\pc\.m2\repository\ch\qos\logback\logback-classic\1.5.18\logback-classic-1.5.18.jar;C:\Users\pc\.m2\repository\ch\qos\logback\logback-core\1.5.18\logback-core-1.5.18.jar;C:\Users\pc\.m2\repository\org\apache\logging\log4j\log4j-to-slf4j\2.24.3\log4j-to-slf4j-2.24.3.jar;C:\Users\pc\.m2\repository\org\slf4j\jul-to-slf4j\2.0.17\jul-to-slf4j-2.0.17.jar;C:\Users\pc\.m2\repository\jakarta\annotation\jakarta.annotation-api\2.1.1\jakarta.annotation-api-2.1.1.jar;C:\Users\pc\.m2\repository\org\springframework\boot\spring-boot-starter-jdbc\3.4.4\spring-boot-starter-jdbc-3.4.4.jar;C:\Users\pc\.m2\repository\com\zaxxer\HikariCP\5.1.0\HikariCP-5.1.0.jar;C:\Users\pc\.m2\repository\org\springframework\spring-jdbc\6.2.5\spring-jdbc-6.2.5.jar;C:\Users\pc\.m2\repository\org\hibernate\orm\hibernate-core\6.6.11.Final\hibernate-core-6.6.11.Final.jar;C:\Users\pc\.m2\repository\jakarta\persistence\jakarta.persistence-api\3.1.0\jakarta.persistence-api-3.1.0.jar;C:\Users\pc\.m2\repository\jakarta\transaction\jakarta.transaction-api\2.0.1\jakarta.transaction-api-2.0.1.jar;C:\Users\pc\.m2\repository\org\jboss\logging\jboss-logging\3.6.1.Final\jboss-logging-3.6.1.Final.jar;C:\Users\pc\.m2\repository\org\hibernate\common\hibernate-commons-annotations\7.0.3.Final\hibernate-commons-annotations-7.0.3.Final.jar;C:\Users\pc\.m2\repository\io\smallrye\jandex\3.2.0\jandex-3.2.0.jar;C:\Users\pc\.m2\repository\com\fasterxml\classmate\1.7.0\classmate-1.7.0.jar;C:\Users\pc\.m2\repository\net\bytebuddy\byte-buddy\1.15.11\byte-buddy-1.15.11.jar;C:\Users\pc\.m2\repository\org\glassfish\jaxb\jaxb-runtime\4.0.5\jaxb-runtime-4.0.5.jar;C:\Users\pc\.m2\repository\org\glassfish\jaxb\jaxb-core\4.0.5\jaxb-core-4.0.5.jar;C:\Users\pc\.m2\repository\org\glassfish\jaxb\txw2\4.0.5\txw2-4.0.5.jar;C:\Users\pc\.m2\repository\com\sun\istack\istack-commons-runtime\4.1.2\istack-commons-runtime-4.1.2.jar;C:\Users\pc\.m2\repository\jakarta\inject\jakarta.inject-api\2.0.1\jakarta.inject-api-2.0.1.jar;C:\Users\pc\.m2\repository\org\antlr\antlr4-runtime\4.13.0\antlr4-runtime-4.13.0.jar;C:\Users\pc\.m2\repository\org\springframework\data\spring-data-jpa\3.4.4\spring-data-jpa-3.4.4.jar;C:\Users\pc\.m2\repository\org\springframework\data\spring-data-commons\3.4.4\spring-data-commons-3.4.4.jar;C:\Users\pc\.m2\repository\org\springframework\spring-orm\6.2.5\spring-orm-6.2.5.jar;C:\Users\pc\.m2\repository\org\springframework\spring-context\6.2.5\spring-context-6.2.5.jar;C:\Users\pc\.m2\repository\org\springframework\spring-tx\6.2.5\spring-tx-6.2.5.jar;C:\Users\pc\.m2\repository\org\springframework\spring-beans\6.2.5\spring-beans-6.2.5.jar;C:\Users\pc\.m2\repository\org\slf4j\slf4j-api\2.0.17\slf4j-api-2.0.17.jar;C:\Users\pc\.m2\repository\org\springframework\spring-aspects\6.2.5\spring-aspects-6.2.5.jar;C:\Users\pc\.m2\repository\org\aspectj\aspectjweaver\1.9.23\aspectjweaver-1.9.23.jar;C:\Users\pc\.m2\repository\org\springframework\boot\spring-boot-starter-security\3.4.4\spring-boot-starter-security-3.4.4.jar;C:\Users\pc\.m2\repository\org\springframework\spring-aop\6.2.5\spring-aop-6.2.5.jar;C:\Users\pc\.m2\repository\org\springframework\security\spring-security-config\6.4.4\spring-security-config-6.4.4.jar;C:\Users\pc\.m2\repository\org\springframework\security\spring-security-web\6.4.4\spring-security-web-6.4.4.jar;C:\Users\pc\.m2\repository\org\springframework\spring-expression\6.2.5\spring-expression-6.2.5.jar;C:\Users\pc\.m2\repository\org\springframework\boot\spring-boot-starter-validation\3.4.4\spring-boot-starter-validation-3.4.4.jar;C:\Users\pc\.m2\repository\org\apache\tomcat\embed\tomcat-embed-el\10.1.39\tomcat-embed-el-10.1.39.jar;C:\Users\pc\.m2\repository\org\hibernate\validator\hibernate-validator\8.0.2.Final\hibernate-validator-8.0.2.Final.jar;C:\Users\pc\.m2\repository\jakarta\validation\jakarta.validation-api\3.0.2\jakarta.validation-api-3.0.2.jar;C:\Users\pc\.m2\repository\org\springframework\boot\spring-boot-starter-web\3.4.4\spring-boot-starter-web-3.4.4.jar;C:\Users\pc\.m2\repository\org\springframework\boot\spring-boot-starter-json\3.4.4\spring-boot-starter-json-3.4.4.jar;C:\Users\pc\.m2\repository\com\fasterxml\jackson\datatype\jackson-datatype-jdk8\2.18.3\jackson-datatype-jdk8-2.18.3.jar;C:\Users\pc\.m2\repository\com\fasterxml\jackson\datatype\jackson-datatype-jsr310\2.18.3\jackson-datatype-jsr310-2.18.3.jar;C:\Users\pc\.m2\repository\com\fasterxml\jackson\module\jackson-module-parameter-names\2.18.3\jackson-module-parameter-names-2.18.3.jar;C:\Users\pc\.m2\repository\org\springframework\boot\spring-boot-starter-tomcat\3.4.4\spring-boot-starter-tomcat-3.4.4.jar;C:\Users\pc\.m2\repository\org\apache\tomcat\embed\tomcat-embed-core\10.1.39\tomcat-embed-core-10.1.39.jar;C:\Users\pc\.m2\repository\org\apache\tomcat\embed\tomcat-embed-websocket\10.1.39\tomcat-embed-websocket-10.1.39.jar;C:\Users\pc\.m2\repository\org\springframework\spring-web\6.2.5\spring-web-6.2.5.jar;C:\Users\pc\.m2\repository\io\micrometer\micrometer-observation\1.14.5\micrometer-observation-1.14.5.jar;C:\Users\pc\.m2\repository\io\micrometer\micrometer-commons\1.14.5\micrometer-commons-1.14.5.jar;C:\Users\pc\.m2\repository\org\springframework\spring-webmvc\6.2.5\spring-webmvc-6.2.5.jar;C:\Users\pc\.m2\repository\org\springframework\boot\spring-boot-devtools\3.4.4\spring-boot-devtools-3.4.4.jar;C:\Users\pc\.m2\repository\org\springframework\boot\spring-boot\3.4.4\spring-boot-3.4.4.jar;C:\Users\pc\.m2\repository\org\springframework\boot\spring-boot-autoconfigure\3.4.4\spring-boot-autoconfigure-3.4.4.jar;C:\Users\pc\.m2\repository\com\mysql\mysql-connector-j\9.1.0\mysql-connector-j-9.1.0.jar;C:\Users\pc\.m2\repository\org\springframework\boot\spring-boot-starter-mail\3.4.4\spring-boot-starter-mail-3.4.4.jar;C:\Users\pc\.m2\repository\org\springframework\spring-context-support\6.2.5\spring-context-support-6.2.5.jar;C:\Users\pc\.m2\repository\org\eclipse\angus\jakarta.mail\2.0.3\jakarta.mail-2.0.3.jar;C:\Users\pc\.m2\repository\jakarta\activation\jakarta.activation-api\2.1.3\jakarta.activation-api-2.1.3.jar;C:\Users\pc\.m2\repository\org\eclipse\angus\angus-activation\2.0.2\angus-activation-2.0.2.jar;C:\Users\pc\.m2\repository\jakarta\xml\bind\jakarta.xml.bind-api\4.0.2\jakarta.xml.bind-api-4.0.2.jar;C:\Users\pc\.m2\repository\org\springframework\spring-core\6.2.5\spring-core-6.2.5.jar;C:\Users\pc\.m2\repository\org\springframework\spring-jcl\6.2.5\spring-jcl-6.2.5.jar;C:\Users\pc\.m2\repository\org\springframework\security\spring-security-core\6.4.4\spring-security-core-6.4.4.jar;C:\Users\pc\.m2\repository\org\springframework\security\spring-security-crypto\6.4.4\spring-security-crypto-6.4.4.jar;C:\Users\pc\.m2\repository\com\github\javafaker\javafaker\1.0.2\javafaker-1.0.2.jar;C:\Users\pc\.m2\repository\org\yaml\snakeyaml\1.23\snakeyaml-1.23-android.jar;C:\Users\pc\.m2\repository\com\github\mifmif\generex\1.0.2\generex-1.0.2.jar;C:\Users\pc\.m2\repository\dk\brics\automaton\automaton\1.11-8\automaton-1.11-8.jar
Launcher Type: SUN_STANDARD

[Global flags]
     intx CICompilerCount                          = 4                                         {product} {ergonomic}
     uint ConcGCThreads                            = 2                                         {product} {ergonomic}
     uint G1ConcRefinementThreads                  = 8                                         {product} {ergonomic}
   size_t G1HeapRegionSize                         = 2097152                                   {product} {ergonomic}
    uintx GCDrainStackTargetSize                   = 64                                        {product} {ergonomic}
   size_t InitialHeapSize                          = 266338304                                 {product} {ergonomic}
   size_t MarkStackSize                            = 4194304                                   {product} {ergonomic}
   size_t MaxHeapSize                              = 4259315712                                {product} {ergonomic}
   size_t MaxNewSize                               = 2554331136                                {product} {ergonomic}
   size_t MinHeapDeltaBytes                        = 2097152                                   {product} {ergonomic}
   size_t MinHeapSize                              = 8388608                                   {product} {ergonomic}
    uintx NonNMethodCodeHeapSize                   = 5839372                                {pd product} {ergonomic}
    uintx NonProfiledCodeHeapSize                  = 122909434                              {pd product} {ergonomic}
    uintx ProfiledCodeHeapSize                     = 122909434                              {pd product} {ergonomic}
    uintx ReservedCodeCacheSize                    = 251658240                              {pd product} {ergonomic}
     bool SegmentedCodeCache                       = true                                      {product} {ergonomic}
   size_t SoftMaxHeapSize                          = 4259315712                             {manageable} {ergonomic}
     bool UseCompressedOops                        = true                           {product lp64_product} {ergonomic}
     bool UseG1GC                                  = true                                      {product} {ergonomic}
     bool UseLargePagesIndividualAllocation        = false                                  {pd product} {ergonomic}

Logging:
Log output configuration:
 #0: stdout all=warning uptime,level,tags foldmultilines=false
 #1: stderr all=off uptime,level,tags foldmultilines=false

Environment Variables:
CLASSPATH=C:\Program Files\Java\jdk-17\bin
PATH=C:\Program Files\Common Files\Oracle\Java\javapath;C:\Program Files (x86)\Common Files\Oracle\Java\javapath;C:\Program Files (x86)\VMware\VMware Player\bin\;C:\oraclexe\app\oracle\product\11.2.0\server\bin;C:\WINDOWS\system32;C:\WINDOWS;C:\WINDOWS\System32\Wbem;C:\WINDOWS\System32\WindowsPowerShell\v1.0\;C:\WINDOWS\System32\OpenSSH\;C:\Program Files\dotnet\;C:\Program Files (x86)\Intel\Intel(R) Management Engine Components\DAL;C:\Program Files\Intel\Intel(R) Management Engine Components\DAL;C:\Program Files\Git\cmd;C:\Program Files\nodejs;C:\MinGW\bin;C:\Program Files\Java\jdk1.8.0_202\bin\;D:\software\Nodejs\;C:\Program Files\Microsoft SQL Server\130\Tools\Binn\;E:\XAMPP\mysql\bin;D:\Intelije\IntelliJ IDEA Community Edition 2024.1.3\bin;C:\Program Files\MongoDB\mongosh-2.3.2-win32-x64\bin;C:\Program Files (x86)\Microsoft SQL Server\100\Tools\Binn\;C:\Program Files\Microsoft SQL Server\100\Tools\Binn\;C:\Program Files\Microsoft SQL Server\100\DTS\Binn\;C:\Program Files\Java\jdk-21\bin;C:\Program Files\MySQL\MySQL Shell 8.0\bin\;C:\Users\pc\AppData\Local\Programs\Python\Python312\Scripts\;C:\Users\pc\AppData\Local\Programs\Python\Python312\;C:\Users\pc\AppData\Local\Programs\Python\Launcher\;C:\Users\pc\AppData\Local\Microsoft\WindowsApps;C:\Users\pc\AppData\Local\Programs\Microsoft VS Code\bin;C:\MinGW\bin;C:\Users\pc\AppData\Roaming\npm;C:\Users\pc\AppData\Local\GitHubDesktop\bin;C:\Users\pc\AppData\Local\JetBrains\IntelliJ IDEA Community Edition 2024.1.3\bin;;D:\Nmap;C:\Program Files\Java\jdk-17\bin;D:\Intelije\IntelliJ IDEA Community Edition 2024.1.3\bin;
USERNAME=pc
OS=Windows_NT
PROCESSOR_IDENTIFIER=Intel64 Family 6 Model 142 Stepping 10, GenuineIntel
TMP=C:\Users\pc\AppData\Local\Temp
TEMP=C:\Users\pc\AppData\Local\Temp




Periodic native trim disabled

---------------  S Y S T E M  ---------------

OS:
 Windows 11 , 64 bit Build 26100 (10.0.26100.3912)
OS uptime: 0 days 1:53 hours
Hyper-V role detected

CPU: total 8 (initial active 8) (4 cores per cpu, 2 threads per core) family 6 model 142 stepping 10 microcode 0xf0, cx8, cmov, fxsr, ht, mmx, 3dnowpref, sse, sse2, sse3, ssse3, sse4.1, sse4.2, popcnt, lzcnt, tsc, tscinvbit, avx, avx2, aes, erms, clmul, bmi1, bmi2, rtm, adx, fma, vzeroupper, clflush, clflushopt, hv, rdtscp, f16c
Processor Information for all 8 processors :
  Max Mhz: 2112, Current Mhz: 1910, Mhz Limit: 1900

Memory: 4k page, system-wide physical 16242M (3413M free)
TotalPageFile size 16242M (AvailPageFile size 79M)
current process WorkingSet (physical memory assigned to process): 292M, peak: 310M
current process commit charge ("private bytes"): 326M, peak: 404M

vm_info: Java HotSpot(TM) 64-Bit Server VM (21.0.6+8-LTS-188) for windows-amd64 JRE (21.0.6+8-LTS-188), built on 2024-12-03T10:50:54Z by "mach5one" with MS VC++ 17.6 (VS2022)

END.
