#
# There is insufficient memory for the Java Runtime Environment to continue.
# Native memory allocation (malloc) failed to allocate 113696 bytes for Chunk::new
# Possible reasons:
#   The system is out of physical RAM or swap space
#   The process is running with CompressedOops enabled, and the Java Heap may be blocking the growth of the native heap
# Possible solutions:
#   Reduce memory load on the system
#   Increase physical memory or swap space
#   Check if swap backing store is full
#   Decrease Java heap size (-Xmx/-Xms)
#   Decrease number of Java threads
#   Decrease Java thread stack sizes (-Xss)
#   Set larger code cache with -XX:ReservedCodeCacheSize=
#   JVM is running with Zero Based Compressed Oops mode in which the Java heap is
#     placed in the first 32GB address space. The Java Heap base address is the
#     maximum limit for the native heap growth. Please use -XX:HeapBaseMinAddress
#     to set the Java Heap base and to place the Java Heap above 32GB virtual address.
# This output file may be truncated or incomplete.
#
#  Out of Memory Error (arena.cpp:168), pid=16948, tid=18728
#
# JRE version: Java(TM) SE Runtime Environment (21.0.6+8) (build 21.0.6+8-LTS-188)
# Java VM: Java HotSpot(TM) 64-Bit Server VM (21.0.6+8-LTS-188, mixed mode, sharing, tiered, compressed oops, compressed class ptrs, g1 gc, windows-amd64)
# No core dump will be written. Minidumps are not enabled by default on client versions of Windows
#

---------------  S U M M A R Y ------------

Command Line: -javaagent:C:\Users\pc\AppData\Local\JetBrains\IntelliJ IDEA Community Edition 2024.1.3\lib\idea_rt.jar=57138:C:\Users\pc\AppData\Local\JetBrains\IntelliJ IDEA Community Edition 2024.1.3\bin -Dfile.encoding=UTF-8 com.TodayTask.Admin.Panel.AdminPanelApplication

Host: Intel(R) Core(TM) i7-8650U CPU @ 1.90GHz, 8 cores, 15G,  Windows 11 , 64 bit Build 26100 (10.0.26100.3775)
Time: Fri Apr 25 09:03:18 2025 India Standard Time elapsed time: 58.806660 seconds (0d 0h 0m 58s)

---------------  T H R E A D  ---------------

Current thread (0x0000018c50cd1680):  JavaThread "C2 CompilerThread0" daemon [_thread_in_native, id=18728, stack(0x000000105e100000,0x000000105e200000) (1024K)]


Current CompileTask:
C2:  58806 6276       4       java.lang.String::toLowerCase (29 bytes)

Stack: [0x000000105e100000,0x000000105e200000]
Native frames: (J=compiled Java code, j=interpreted, Vv=VM code, C=native code)
V  [jvm.dll+0x6ca6d9]
V  [jvm.dll+0x854f51]
V  [jvm.dll+0x85747e]
V  [jvm.dll+0x857b53]
V  [jvm.dll+0x27dcc6]
V  [jvm.dll+0xc4c2d]
V  [jvm.dll+0xc5163]
V  [jvm.dll+0x2f0fbd]
V  [jvm.dll+0x5f546a]
V  [jvm.dll+0x24f8a2]
V  [jvm.dll+0x24fc5f]
V  [jvm.dll+0x248764]
V  [jvm.dll+0x245df4]
V  [jvm.dll+0x1c6d2e]
V  [jvm.dll+0x2554f9]
V  [jvm.dll+0x253a8a]
V  [jvm.dll+0x3ee576]
V  [jvm.dll+0x7ff2fb]
V  [jvm.dll+0x6c8dbd]
C  [ucrtbase.dll+0x37b0]
C  [KERNEL32.DLL+0x2e8d7]
C  [ntdll.dll+0xb14fc]


---------------  P R O C E S S  ---------------

Threads class SMR info:
_java_thread_list=0x0000018c9a3f9290, length=31, elements={
0x0000018c50cc1370, 0x0000018c50cc5fd0, 0x0000018c50ccb030, 0x0000018c50ccbf10,
0x0000018c50cce970, 0x0000018c50ccf4f0, 0x0000018c50cd1680, 0x0000018c50cdf760,
0x0000018c960ef940, 0x0000018c96411170, 0x0000018c964117d0, 0x0000018c99625ed0,
0x0000018c995e4fb0, 0x0000018c99a9d8a0, 0x0000018c99310740, 0x0000018c993100b0,
0x0000018c99310dd0, 0x0000018c99312180, 0x0000018c9930fa20, 0x0000018c99311460,
0x0000018c9930f390, 0x0000018c9c147570, 0x0000018c9c147c00, 0x0000018c9c146850,
0x0000018c9c1461c0, 0x0000018c9c146ee0, 0x0000018c9c148290, 0x0000018c9c1454a0,
0x0000018c9c145b30, 0x0000018c9c144e10, 0x0000018c9c148fb0
}

Java Threads: ( => current thread )
  0x0000018c50cc1370 JavaThread "Reference Handler"          daemon [_thread_blocked, id=3352, stack(0x000000105db00000,0x000000105dc00000) (1024K)]
  0x0000018c50cc5fd0 JavaThread "Finalizer"                  daemon [_thread_blocked, id=19656, stack(0x000000105dc00000,0x000000105dd00000) (1024K)]
  0x0000018c50ccb030 JavaThread "Signal Dispatcher"          daemon [_thread_blocked, id=22444, stack(0x000000105dd00000,0x000000105de00000) (1024K)]
  0x0000018c50ccbf10 JavaThread "Attach Listener"            daemon [_thread_blocked, id=17428, stack(0x000000105de00000,0x000000105df00000) (1024K)]
  0x0000018c50cce970 JavaThread "Service Thread"             daemon [_thread_blocked, id=2288, stack(0x000000105df00000,0x000000105e000000) (1024K)]
  0x0000018c50ccf4f0 JavaThread "Monitor Deflation Thread"   daemon [_thread_blocked, id=7592, stack(0x000000105e000000,0x000000105e100000) (1024K)]
=>0x0000018c50cd1680 JavaThread "C2 CompilerThread0"         daemon [_thread_in_native, id=18728, stack(0x000000105e100000,0x000000105e200000) (1024K)]
  0x0000018c50cdf760 JavaThread "C1 CompilerThread0"         daemon [_thread_blocked, id=7404, stack(0x000000105e200000,0x000000105e300000) (1024K)]
  0x0000018c960ef940 JavaThread "Common-Cleaner"             daemon [_thread_blocked, id=14808, stack(0x000000105e300000,0x000000105e400000) (1024K)]
  0x0000018c96411170 JavaThread "Monitor Ctrl-Break"         daemon [_thread_in_native, id=21768, stack(0x000000105e500000,0x000000105e600000) (1024K)]
  0x0000018c964117d0 JavaThread "Notification Thread"        daemon [_thread_blocked, id=14956, stack(0x000000105e600000,0x000000105e700000) (1024K)]
  0x0000018c99625ed0 JavaThread "Catalina-utility-1"                [_thread_blocked, id=9944, stack(0x000000105ee00000,0x000000105ef00000) (1024K)]
  0x0000018c995e4fb0 JavaThread "Catalina-utility-2"                [_thread_blocked, id=11460, stack(0x000000105f300000,0x000000105f400000) (1024K)]
  0x0000018c99a9d8a0 JavaThread "container-0"                       [_thread_blocked, id=13188, stack(0x000000105f400000,0x000000105f500000) (1024K)]
  0x0000018c99310740 JavaThread "mysql-cj-abandoned-connection-cleanup" daemon [_thread_blocked, id=2740, stack(0x000000105f500000,0x000000105f600000) (1024K)]
  0x0000018c993100b0 JavaThread "HikariPool-1 housekeeper"   daemon [_thread_blocked, id=10408, stack(0x000000105f700000,0x000000105f800000) (1024K)]
  0x0000018c99310dd0 JavaThread "File Watcher"               daemon [_thread_blocked, id=9608, stack(0x000000105f900000,0x000000105fa00000) (1024K)]
  0x0000018c99312180 JavaThread "Live Reload Server"         daemon [_thread_in_native, id=18140, stack(0x000000105fb00000,0x000000105fc00000) (1024K)]
  0x0000018c9930fa20 JavaThread "http-nio-8087-exec-1"       daemon [_thread_blocked, id=15940, stack(0x000000105fa00000,0x000000105fb00000) (1024K)]
  0x0000018c99311460 JavaThread "http-nio-8087-exec-2"       daemon [_thread_blocked, id=16688, stack(0x000000105fc00000,0x000000105fd00000) (1024K)]
  0x0000018c9930f390 JavaThread "http-nio-8087-exec-3"       daemon [_thread_blocked, id=7816, stack(0x000000105fd00000,0x000000105fe00000) (1024K)]
  0x0000018c9c147570 JavaThread "http-nio-8087-exec-4"       daemon [_thread_blocked, id=10228, stack(0x000000105fe00000,0x000000105ff00000) (1024K)]
  0x0000018c9c147c00 JavaThread "http-nio-8087-exec-5"       daemon [_thread_blocked, id=11472, stack(0x000000105ff00000,0x0000001060000000) (1024K)]
  0x0000018c9c146850 JavaThread "http-nio-8087-exec-6"       daemon [_thread_blocked, id=2008, stack(0x0000001060000000,0x0000001060100000) (1024K)]
  0x0000018c9c1461c0 JavaThread "http-nio-8087-exec-7"       daemon [_thread_blocked, id=20272, stack(0x0000001060100000,0x0000001060200000) (1024K)]
  0x0000018c9c146ee0 JavaThread "http-nio-8087-exec-8"       daemon [_thread_blocked, id=17812, stack(0x0000001060200000,0x0000001060300000) (1024K)]
  0x0000018c9c148290 JavaThread "http-nio-8087-exec-9"       daemon [_thread_blocked, id=5528, stack(0x0000001060300000,0x0000001060400000) (1024K)]
  0x0000018c9c1454a0 JavaThread "http-nio-8087-exec-10"      daemon [_thread_blocked, id=2232, stack(0x0000001060400000,0x0000001060500000) (1024K)]
  0x0000018c9c145b30 JavaThread "http-nio-8087-Poller"       daemon [_thread_in_native, id=21620, stack(0x0000001060500000,0x0000001060600000) (1024K)]
  0x0000018c9c144e10 JavaThread "http-nio-8087-Acceptor"     daemon [_thread_in_native, id=21356, stack(0x0000001060600000,0x0000001060700000) (1024K)]
  0x0000018c9c148fb0 JavaThread "DestroyJavaVM"                     [_thread_blocked, id=18892, stack(0x000000105d300000,0x000000105d400000) (1024K)]
Total: 31

Other Threads:
  0x0000018c50ca7760 VMThread "VM Thread"                           [id=10044, stack(0x000000105da00000,0x000000105db00000) (1024K)]
  0x0000018c50c96750 WatcherThread "VM Periodic Task Thread"        [id=15260, stack(0x000000105d900000,0x000000105da00000) (1024K)]
  0x0000018c313cb570 WorkerThread "GC Thread#0"                     [id=19632, stack(0x000000105d400000,0x000000105d500000) (1024K)]
  0x0000018c96b45860 WorkerThread "GC Thread#1"                     [id=14576, stack(0x000000105e700000,0x000000105e800000) (1024K)]
  0x0000018c96b45c00 WorkerThread "GC Thread#2"                     [id=3804, stack(0x000000105e800000,0x000000105e900000) (1024K)]
  0x0000018c968ba340 WorkerThread "GC Thread#3"                     [id=18756, stack(0x000000105e900000,0x000000105ea00000) (1024K)]
  0x0000018c968ba6e0 WorkerThread "GC Thread#4"                     [id=3168, stack(0x000000105ea00000,0x000000105eb00000) (1024K)]
  0x0000018c96a129b0 WorkerThread "GC Thread#5"                     [id=21056, stack(0x000000105eb00000,0x000000105ec00000) (1024K)]
  0x0000018c9705b630 WorkerThread "GC Thread#6"                     [id=7788, stack(0x000000105ef00000,0x000000105f000000) (1024K)]
  0x0000018c9705bdd0 WorkerThread "GC Thread#7"                     [id=19360, stack(0x000000105f000000,0x000000105f100000) (1024K)]
  0x0000018c313dd1a0 ConcurrentGCThread "G1 Main Marker"            [id=1372, stack(0x000000105d500000,0x000000105d600000) (1024K)]
  0x0000018c313de440 WorkerThread "G1 Conc#0"                       [id=6332, stack(0x000000105d600000,0x000000105d700000) (1024K)]
  0x0000018c9704a480 WorkerThread "G1 Conc#1"                       [id=21872, stack(0x000000105f200000,0x000000105f300000) (1024K)]
  0x0000018c50b5b9e0 ConcurrentGCThread "G1 Refine#0"               [id=10076, stack(0x000000105d700000,0x000000105d800000) (1024K)]
  0x0000018c50b5d210 ConcurrentGCThread "G1 Service"                [id=12020, stack(0x000000105d800000,0x000000105d900000) (1024K)]
Total: 15

Threads with active compile tasks:
C2 CompilerThread0    62980 6276       4       java.lang.String::toLowerCase (29 bytes)
Total: 1

VM state: not at safepoint (normal execution)

VM Mutex/Monitor currently owned by a thread: None

Heap address: 0x0000000702200000, size: 4062 MB, Compressed Oops mode: Zero based, Oop shift amount: 3

CDS archive(s) mapped at: [0x0000018c51000000-0x0000018c51c90000-0x0000018c51c90000), size 13172736, SharedBaseAddress: 0x0000018c51000000, ArchiveRelocationMode: 1.
Compressed class space mapped at: 0x0000018c52000000-0x0000018c92000000, reserved size: 1073741824
Narrow klass base: 0x0000018c51000000, Narrow klass shift: 0, Narrow klass range: 0x100000000

GC Precious Log:
 CardTable entry size: 512
 Card Set container configuration: InlinePtr #cards 4 size 8 Array Of Cards #cards 16 size 48 Howl #buckets 8 coarsen threshold 3686 Howl Bitmap #cards 512 size 80 coarsen threshold 460 Card regions per heap region 1 cards per card region 4096
 CPUs: 8 total, 8 available
 Memory: 16242M
 Large Page Support: Disabled
 NUMA Support: Disabled
 Compressed Oops: Enabled (Zero based)
 Heap Region Size: 2M
 Heap Min Capacity: 8M
 Heap Initial Capacity: 254M
 Heap Max Capacity: 4062M
 Pre-touch: Disabled
 Parallel Workers: 8
 Concurrent Workers: 2
 Concurrent Refinement Workers: 8
 Periodic GC: Disabled

Heap:
 garbage-first heap   total 71680K, used 38264K [0x0000000702200000, 0x0000000800000000)
  region size 2048K, 7 young (14336K), 3 survivors (6144K)
 Metaspace       used 71218K, committed 72000K, reserved 1114112K
  class space    used 9554K, committed 9920K, reserved 1048576K

Heap Regions: E=young(eden), S=young(survivor), O=old, HS=humongous(starts), HC=humongous(continues), CS=collection set, F=free, TAMS=top-at-mark-start, PB=parsable bottom
|   0|0x0000000702200000, 0x0000000702400000, 0x0000000702400000|100%| O|  |TAMS 0x0000000702200000| PB 0x0000000702200000| Untracked 
|   1|0x0000000702400000, 0x0000000702600000, 0x0000000702600000|100%| O|  |TAMS 0x0000000702400000| PB 0x0000000702400000| Untracked 
|   2|0x0000000702600000, 0x0000000702800000, 0x0000000702800000|100%| O|  |TAMS 0x0000000702600000| PB 0x0000000702600000| Untracked 
|   3|0x0000000702800000, 0x0000000702a00000, 0x0000000702a00000|100%| O|  |TAMS 0x0000000702800000| PB 0x0000000702800000| Untracked 
|   4|0x0000000702a00000, 0x0000000702c00000, 0x0000000702c00000|100%| O|  |TAMS 0x0000000702a00000| PB 0x0000000702a00000| Untracked 
|   5|0x0000000702c00000, 0x0000000702e00000, 0x0000000702e00000|100%| O|  |TAMS 0x0000000702c00000| PB 0x0000000702c00000| Untracked 
|   6|0x0000000702e00000, 0x0000000703000000, 0x0000000703000000|100%| O|  |TAMS 0x0000000702e00000| PB 0x0000000702e00000| Untracked 
|   7|0x0000000703000000, 0x0000000703200000, 0x0000000703200000|100%| O|  |TAMS 0x0000000703000000| PB 0x0000000703000000| Untracked 
|   8|0x0000000703200000, 0x0000000703400000, 0x0000000703400000|100%| O|  |TAMS 0x0000000703200000| PB 0x0000000703200000| Untracked 
|   9|0x0000000703400000, 0x0000000703600000, 0x0000000703600000|100%| O|  |TAMS 0x0000000703400000| PB 0x0000000703400000| Untracked 
|  10|0x0000000703600000, 0x0000000703800000, 0x0000000703800000|100%| O|  |TAMS 0x0000000703600000| PB 0x0000000703600000| Untracked 
|  11|0x0000000703800000, 0x0000000703a00000, 0x0000000703a00000|100%| O|  |TAMS 0x0000000703800000| PB 0x0000000703800000| Untracked 
|  12|0x0000000703a00000, 0x0000000703b5e3c0, 0x0000000703c00000| 68%| O|  |TAMS 0x0000000703a00000| PB 0x0000000703a00000| Untracked 
|  13|0x0000000703c00000, 0x0000000703c00000, 0x0000000703e00000|  0%| F|  |TAMS 0x0000000703c00000| PB 0x0000000703c00000| Untracked 
|  14|0x0000000703e00000, 0x0000000703e00000, 0x0000000704000000|  0%| F|  |TAMS 0x0000000703e00000| PB 0x0000000703e00000| Untracked 
|  15|0x0000000704000000, 0x0000000704000000, 0x0000000704200000|  0%| F|  |TAMS 0x0000000704000000| PB 0x0000000704000000| Untracked 
|  16|0x0000000704200000, 0x0000000704200000, 0x0000000704400000|  0%| F|  |TAMS 0x0000000704200000| PB 0x0000000704200000| Untracked 
|  17|0x0000000704400000, 0x0000000704400000, 0x0000000704600000|  0%| F|  |TAMS 0x0000000704400000| PB 0x0000000704400000| Untracked 
|  18|0x0000000704600000, 0x0000000704800000, 0x0000000704800000|100%| S|CS|TAMS 0x0000000704600000| PB 0x0000000704600000| Complete 
|  19|0x0000000704800000, 0x0000000704a00000, 0x0000000704a00000|100%| S|CS|TAMS 0x0000000704800000| PB 0x0000000704800000| Complete 
|  20|0x0000000704a00000, 0x0000000704c00000, 0x0000000704c00000|100%| S|CS|TAMS 0x0000000704a00000| PB 0x0000000704a00000| Complete 
|  21|0x0000000704c00000, 0x0000000704c00000, 0x0000000704e00000|  0%| F|  |TAMS 0x0000000704c00000| PB 0x0000000704c00000| Untracked 
|  22|0x0000000704e00000, 0x0000000704e00000, 0x0000000705000000|  0%| F|  |TAMS 0x0000000704e00000| PB 0x0000000704e00000| Untracked 
|  23|0x0000000705000000, 0x0000000705000000, 0x0000000705200000|  0%| F|  |TAMS 0x0000000705000000| PB 0x0000000705000000| Untracked 
|  24|0x0000000705200000, 0x0000000705200000, 0x0000000705400000|  0%| F|  |TAMS 0x0000000705200000| PB 0x0000000705200000| Untracked 
|  25|0x0000000705400000, 0x0000000705400000, 0x0000000705600000|  0%| F|  |TAMS 0x0000000705400000| PB 0x0000000705400000| Untracked 
|  26|0x0000000705600000, 0x0000000705600000, 0x0000000705800000|  0%| F|  |TAMS 0x0000000705600000| PB 0x0000000705600000| Untracked 
|  27|0x0000000705800000, 0x0000000705800000, 0x0000000705a00000|  0%| F|  |TAMS 0x0000000705800000| PB 0x0000000705800000| Untracked 
|  28|0x0000000705a00000, 0x0000000705a00000, 0x0000000705c00000|  0%| F|  |TAMS 0x0000000705a00000| PB 0x0000000705a00000| Untracked 
|  29|0x0000000705c00000, 0x0000000705c00000, 0x0000000705e00000|  0%| F|  |TAMS 0x0000000705c00000| PB 0x0000000705c00000| Untracked 
|  98|0x000000070e600000, 0x000000070e600000, 0x000000070e800000|  0%| F|  |TAMS 0x000000070e600000| PB 0x000000070e600000| Untracked 
|  99|0x000000070e800000, 0x000000070e916f38, 0x000000070ea00000| 54%| E|  |TAMS 0x000000070e800000| PB 0x000000070e800000| Complete 
| 100|0x000000070ea00000, 0x000000070ec00000, 0x000000070ec00000|100%| E|CS|TAMS 0x000000070ea00000| PB 0x000000070ea00000| Complete 
| 101|0x000000070ec00000, 0x000000070ee00000, 0x000000070ee00000|100%| E|CS|TAMS 0x000000070ec00000| PB 0x000000070ec00000| Complete 
| 126|0x0000000711e00000, 0x0000000712000000, 0x0000000712000000|100%| E|CS|TAMS 0x0000000711e00000| PB 0x0000000711e00000| Complete 

Card table byte_map: [0x0000018c49b00000,0x0000018c4a2f0000] _byte_map_base: 0x0000018c462ef000

Marking Bits: (CMBitMap*) 0x0000018c313cbc70
 Bits: [0x0000018c4a2f0000, 0x0000018c4e268000)

Polling page: 0x0000018c2fb00000

Metaspace:

Usage:
  Non-class:     60.22 MB used.
      Class:      9.33 MB used.
       Both:     69.55 MB used.

Virtual space:
  Non-class space:       64.00 MB reserved,      60.62 MB ( 95%) committed,  1 nodes.
      Class space:        1.00 GB reserved,       9.69 MB ( <1%) committed,  1 nodes.
             Both:        1.06 GB reserved,      70.31 MB (  6%) committed. 

Chunk freelists:
   Non-Class:  3.36 MB
       Class:  6.30 MB
        Both:  9.66 MB

MaxMetaspaceSize: unlimited
CompressedClassSpaceSize: 1.00 GB
Initial GC threshold: 21.00 MB
Current GC threshold: 99.31 MB
CDS: on
 - commit_granule_bytes: 65536.
 - commit_granule_words: 8192.
 - virtual_space_node_default_size: 8388608.
 - enlarge_chunks_in_place: 1.
 - use_allocation_guard: 0.


Internal statistics:

num_allocs_failed_limit: 12.
num_arena_births: 948.
num_arena_deaths: 0.
num_vsnodes_births: 2.
num_vsnodes_deaths: 0.
num_space_committed: 1125.
num_space_uncommitted: 0.
num_chunks_returned_to_freelist: 12.
num_chunks_taken_from_freelist: 3453.
num_chunk_merges: 9.
num_chunk_splits: 2487.
num_chunks_enlarged: 1922.
num_inconsistent_stats: 0.

CodeHeap 'non-profiled nmethods': size=120000Kb used=4005Kb max_used=4005Kb free=115994Kb
 bounds [0x0000018c41380000, 0x0000018c41770000, 0x0000018c488b0000]
CodeHeap 'profiled nmethods': size=120000Kb used=11068Kb max_used=11068Kb free=108931Kb
 bounds [0x0000018c398b0000, 0x0000018c3a380000, 0x0000018c40de0000]
CodeHeap 'non-nmethods': size=5760Kb used=1699Kb max_used=1829Kb free=4060Kb
 bounds [0x0000018c40de0000, 0x0000018c41050000, 0x0000018c41380000]
 total_blobs=6316 nmethods=5589 adapters=631
 compilation: enabled
              stopped_count=0, restarted_count=0
 full_count=0

Compilation events (20 events):
Event: 39.625 Thread 0x0000018c50cdf760 nmethod 6266 0x0000018c3a37bc10 code [0x0000018c3a37bda0, 0x0000018c3a37bee8]
Event: 41.848 Thread 0x0000018c50cdf760 6267       1       java.lang.Thread::isInterrupted (5 bytes)
Event: 41.848 Thread 0x0000018c50cdf760 nmethod 6267 0x0000018c41768e90 code [0x0000018c41769020, 0x0000018c417690f0]
Event: 43.621 Thread 0x0000018c50cdf760 6268       3       java.util.concurrent.ScheduledThreadPoolExecutor$DelayedWorkQueue::setIndex (16 bytes)
Event: 43.622 Thread 0x0000018c50cdf760 nmethod 6268 0x0000018c3a37bf90 code [0x0000018c3a37c140, 0x0000018c3a37c458]
Event: 45.491 Thread 0x0000018c50cdf760 6269       3       java.util.concurrent.locks.ReentrantReadWriteLock$Sync::exclusiveCount (5 bytes)
Event: 45.491 Thread 0x0000018c50cdf760 nmethod 6269 0x0000018c3a0c6f10 code [0x0000018c3a0c70a0, 0x0000018c3a0c7198]
Event: 45.630 Thread 0x0000018c50cdf760 6270       3       java.util.concurrent.locks.AbstractQueuedSynchronizer$ConditionObject::canReacquire (38 bytes)
Event: 45.631 Thread 0x0000018c50cdf760 nmethod 6270 0x0000018c3a37c510 code [0x0000018c3a37c6e0, 0x0000018c3a37ca68]
Event: 49.635 Thread 0x0000018c50cdf760 6271       3       java.util.concurrent.locks.LockSupport::setBlocker (12 bytes)
Event: 49.635 Thread 0x0000018c50cdf760 nmethod 6271 0x0000018c3a37cc10 code [0x0000018c3a37cdc0, 0x0000018c3a37cfd0]
Event: 50.636 Thread 0x0000018c50cdf760 6272       3       java.util.concurrent.locks.AbstractQueuedSynchronizer::acquire (20 bytes)
Event: 50.636 Thread 0x0000018c50cdf760 nmethod 6272 0x0000018c3a37d090 code [0x0000018c3a37d260, 0x0000018c3a37d4d8]
Event: 51.626 Thread 0x0000018c50cdf760 6273       3       java.util.concurrent.locks.AbstractQueuedSynchronizer$Node::getAndUnsetStatus (14 bytes)
Event: 51.627 Thread 0x0000018c50cdf760 nmethod 6273 0x0000018c3a37d590 code [0x0000018c3a37d760, 0x0000018c3a37da10]
Event: 51.627 Thread 0x0000018c50cdf760 6274       3       jdk.internal.misc.Unsafe::getAndBitwiseAndInt (27 bytes)
Event: 51.628 Thread 0x0000018c50cdf760 nmethod 6274 0x0000018c3a37db10 code [0x0000018c3a37dcc0, 0x0000018c3a37def0]
Event: 55.502 Thread 0x0000018c50cdf760 6275       3       java.util.concurrent.locks.ReentrantReadWriteLock::readLock (5 bytes)
Event: 55.503 Thread 0x0000018c50cdf760 nmethod 6275 0x0000018c3a37e010 code [0x0000018c3a37e1a0, 0x0000018c3a37e2d8]
Event: 56.767 Thread 0x0000018c50cd1680 6276       4       java.lang.String::toLowerCase (29 bytes)

GC Heap History (20 events):
Event: 1.807 GC heap before
{Heap before GC invocations=1 (full 0):
 garbage-first heap   total 260096K, used 31844K [0x0000000702200000, 0x0000000800000000)
  region size 2048K, 14 young (28672K), 2 survivors (4096K)
 Metaspace       used 11009K, committed 11264K, reserved 1114112K
  class space    used 1363K, committed 1472K, reserved 1048576K
}
Event: 1.812 GC heap after
{Heap after GC invocations=2 (full 0):
 garbage-first heap   total 260096K, used 10156K [0x0000000702200000, 0x0000000800000000)
  region size 2048K, 2 young (4096K), 2 survivors (4096K)
 Metaspace       used 11009K, committed 11264K, reserved 1114112K
  class space    used 1363K, committed 1472K, reserved 1048576K
}
Event: 2.766 GC heap before
{Heap before GC invocations=2 (full 0):
 garbage-first heap   total 260096K, used 55212K [0x0000000702200000, 0x0000000800000000)
  region size 2048K, 25 young (51200K), 2 survivors (4096K)
 Metaspace       used 21225K, committed 21504K, reserved 1114112K
  class space    used 2656K, committed 2816K, reserved 1048576K
}
Event: 2.772 GC heap after
{Heap after GC invocations=3 (full 0):
 garbage-first heap   total 260096K, used 14280K [0x0000000702200000, 0x0000000800000000)
  region size 2048K, 4 young (8192K), 4 survivors (8192K)
 Metaspace       used 21225K, committed 21504K, reserved 1114112K
  class space    used 2656K, committed 2816K, reserved 1048576K
}
Event: 4.303 GC heap before
{Heap before GC invocations=4 (full 0):
 garbage-first heap   total 61440K, used 59336K [0x0000000702200000, 0x0000000800000000)
  region size 2048K, 26 young (53248K), 4 survivors (8192K)
 Metaspace       used 26865K, committed 27328K, reserved 1114112K
  class space    used 3407K, committed 3584K, reserved 1048576K
}
Event: 4.313 GC heap after
{Heap after GC invocations=5 (full 0):
 garbage-first heap   total 71680K, used 17572K [0x0000000702200000, 0x0000000800000000)
  region size 2048K, 5 young (10240K), 5 survivors (10240K)
 Metaspace       used 26865K, committed 27328K, reserved 1114112K
  class space    used 3407K, committed 3584K, reserved 1048576K
}
Event: 5.433 GC heap before
{Heap before GC invocations=5 (full 0):
 garbage-first heap   total 71680K, used 50340K [0x0000000702200000, 0x0000000800000000)
  region size 2048K, 21 young (43008K), 5 survivors (10240K)
 Metaspace       used 32603K, committed 33152K, reserved 1114112K
  class space    used 4175K, committed 4416K, reserved 1048576K
}
Event: 5.443 GC heap after
{Heap after GC invocations=6 (full 0):
 garbage-first heap   total 71680K, used 20760K [0x0000000702200000, 0x0000000800000000)
  region size 2048K, 2 young (4096K), 2 survivors (4096K)
 Metaspace       used 32603K, committed 33152K, reserved 1114112K
  class space    used 4175K, committed 4416K, reserved 1048576K
}
Event: 5.996 GC heap before
{Heap before GC invocations=6 (full 0):
 garbage-first heap   total 71680K, used 35096K [0x0000000702200000, 0x0000000800000000)
  region size 2048K, 10 young (20480K), 2 survivors (4096K)
 Metaspace       used 35569K, committed 36096K, reserved 1114112K
  class space    used 4576K, committed 4800K, reserved 1048576K
}
Event: 6.001 GC heap after
{Heap after GC invocations=7 (full 0):
 garbage-first heap   total 71680K, used 20987K [0x0000000702200000, 0x0000000800000000)
  region size 2048K, 2 young (4096K), 2 survivors (4096K)
 Metaspace       used 35569K, committed 36096K, reserved 1114112K
  class space    used 4576K, committed 4800K, reserved 1048576K
}
Event: 7.650 GC heap before
{Heap before GC invocations=8 (full 0):
 garbage-first heap   total 71680K, used 53755K [0x0000000702200000, 0x0000000800000000)
  region size 2048K, 19 young (38912K), 2 survivors (4096K)
 Metaspace       used 48437K, committed 48960K, reserved 1114112K
  class space    used 6291K, committed 6528K, reserved 1048576K
}
Event: 7.657 GC heap after
{Heap after GC invocations=9 (full 0):
 garbage-first heap   total 71680K, used 24376K [0x0000000702200000, 0x0000000800000000)
  region size 2048K, 3 young (6144K), 3 survivors (6144K)
 Metaspace       used 48437K, committed 48960K, reserved 1114112K
  class space    used 6291K, committed 6528K, reserved 1048576K
}
Event: 9.004 GC heap before
{Heap before GC invocations=9 (full 0):
 garbage-first heap   total 71680K, used 55096K [0x0000000702200000, 0x0000000800000000)
  region size 2048K, 19 young (38912K), 3 survivors (6144K)
 Metaspace       used 57572K, committed 58176K, reserved 1114112K
  class space    used 7544K, committed 7808K, reserved 1048576K
}
Event: 9.012 GC heap after
{Heap after GC invocations=10 (full 0):
 garbage-first heap   total 71680K, used 25864K [0x0000000702200000, 0x0000000800000000)
  region size 2048K, 3 young (6144K), 3 survivors (6144K)
 Metaspace       used 57572K, committed 58176K, reserved 1114112K
  class space    used 7544K, committed 7808K, reserved 1048576K
}
Event: 9.322 GC heap before
{Heap before GC invocations=10 (full 0):
 garbage-first heap   total 71680K, used 34056K [0x0000000702200000, 0x0000000800000000)
  region size 2048K, 8 young (16384K), 3 survivors (6144K)
 Metaspace       used 59906K, committed 60480K, reserved 1114112K
  class space    used 7972K, committed 8256K, reserved 1048576K
}
Event: 9.327 GC heap after
{Heap after GC invocations=11 (full 0):
 garbage-first heap   total 71680K, used 26302K [0x0000000702200000, 0x0000000800000000)
  region size 2048K, 2 young (4096K), 2 survivors (4096K)
 Metaspace       used 59906K, committed 60480K, reserved 1114112K
  class space    used 7972K, committed 8256K, reserved 1048576K
}
Event: 11.029 GC heap before
{Heap before GC invocations=12 (full 0):
 garbage-first heap   total 71680K, used 59070K [0x0000000702200000, 0x0000000800000000)
  region size 2048K, 18 young (36864K), 2 survivors (4096K)
 Metaspace       used 66597K, committed 67264K, reserved 1114112K
  class space    used 8904K, committed 9216K, reserved 1048576K
}
Event: 11.037 GC heap after
{Heap after GC invocations=13 (full 0):
 garbage-first heap   total 71680K, used 29137K [0x0000000702200000, 0x0000000800000000)
  region size 2048K, 3 young (6144K), 3 survivors (6144K)
 Metaspace       used 66597K, committed 67264K, reserved 1114112K
  class space    used 8904K, committed 9216K, reserved 1048576K
}
Event: 12.498 GC heap before
{Heap before GC invocations=13 (full 0):
 garbage-first heap   total 71680K, used 57809K [0x0000000702200000, 0x0000000800000000)
  region size 2048K, 17 young (34816K), 3 survivors (6144K)
 Metaspace       used 70627K, committed 71360K, reserved 1114112K
  class space    used 9473K, committed 9792K, reserved 1048576K
}
Event: 12.507 GC heap after
{Heap after GC invocations=14 (full 0):
 garbage-first heap   total 71680K, used 32120K [0x0000000702200000, 0x0000000800000000)
  region size 2048K, 3 young (6144K), 3 survivors (6144K)
 Metaspace       used 70627K, committed 71360K, reserved 1114112K
  class space    used 9473K, committed 9792K, reserved 1048576K
}

Dll operation events (14 events):
Event: 0.018 Loaded shared library C:\Program Files\Java\jdk-21\bin\java.dll
Event: 0.075 Loaded shared library C:\Program Files\Java\jdk-21\bin\jsvml.dll
Event: 0.207 Loaded shared library C:\Program Files\Java\jdk-21\bin\zip.dll
Event: 0.211 Loaded shared library C:\Program Files\Java\jdk-21\bin\instrument.dll
Event: 0.218 Loaded shared library C:\Program Files\Java\jdk-21\bin\net.dll
Event: 0.221 Loaded shared library C:\Program Files\Java\jdk-21\bin\nio.dll
Event: 0.228 Loaded shared library C:\Program Files\Java\jdk-21\bin\zip.dll
Event: 0.376 Loaded shared library C:\Users\pc\AppData\Local\JetBrains\IntelliJ IDEA Community Edition 2024.1.3\bin\breakgen64.dll
Event: 0.393 Loaded shared library C:\Program Files\Java\jdk-21\bin\extnet.dll
Event: 0.450 Loaded shared library C:\Program Files\Java\jdk-21\bin\jimage.dll
Event: 0.876 Loaded shared library C:\Program Files\Java\jdk-21\bin\management.dll
Event: 0.884 Loaded shared library C:\Program Files\Java\jdk-21\bin\management_ext.dll
Event: 2.817 Loaded shared library C:\Program Files\Java\jdk-21\bin\sunmscapi.dll
Event: 6.297 Loaded shared library C:\Program Files\Java\jdk-21\bin\verify.dll

Deoptimization events (20 events):
Event: 12.625 Thread 0x0000018c96a33ec0 Uncommon trap: trap_request=0xffffff45 fr.pc=0x0000018c4139183c relative=0x000000000000011c
Event: 12.625 Thread 0x0000018c96a33ec0 Uncommon trap: reason=unstable_if action=reinterpret pc=0x0000018c4139183c method=java.util.ArrayList.indexOfRange(Ljava/lang/Object;II)I @ 7 c2
Event: 12.625 Thread 0x0000018c96a33ec0 DEOPT PACKING pc=0x0000018c4139183c sp=0x000000105edfe800
Event: 12.625 Thread 0x0000018c96a33ec0 DEOPT UNPACKING pc=0x0000018c40e346a2 sp=0x000000105edfe780 mode 2
Event: 12.641 Thread 0x0000018c96a33ec0 Uncommon trap: trap_request=0xffffffde fr.pc=0x0000018c4171f040 relative=0x00000000000049a0
Event: 12.641 Thread 0x0000018c96a33ec0 Uncommon trap: reason=class_check action=maybe_recompile pc=0x0000018c4171f040 method=org.springframework.core.ResolvableType.resolveType()Lorg/springframework/core/ResolvableType; @ 44 c2
Event: 12.641 Thread 0x0000018c96a33ec0 DEOPT PACKING pc=0x0000018c4171f040 sp=0x000000105edfe540
Event: 12.641 Thread 0x0000018c96a33ec0 DEOPT UNPACKING pc=0x0000018c40e346a2 sp=0x000000105edfe568 mode 2
Event: 12.641 Thread 0x0000018c96a33ec0 Uncommon trap: trap_request=0xffffffde fr.pc=0x0000018c4171f040 relative=0x00000000000049a0
Event: 12.641 Thread 0x0000018c96a33ec0 Uncommon trap: reason=class_check action=maybe_recompile pc=0x0000018c4171f040 method=org.springframework.core.ResolvableType.resolveType()Lorg/springframework/core/ResolvableType; @ 44 c2
Event: 12.641 Thread 0x0000018c96a33ec0 DEOPT PACKING pc=0x0000018c4171f040 sp=0x000000105edfe5d0
Event: 12.641 Thread 0x0000018c96a33ec0 DEOPT UNPACKING pc=0x0000018c40e346a2 sp=0x000000105edfe5f8 mode 2
Event: 12.641 Thread 0x0000018c96a33ec0 Uncommon trap: trap_request=0xffffffde fr.pc=0x0000018c4171f040 relative=0x00000000000049a0
Event: 12.641 Thread 0x0000018c96a33ec0 Uncommon trap: reason=class_check action=maybe_recompile pc=0x0000018c4171f040 method=org.springframework.core.ResolvableType.resolveType()Lorg/springframework/core/ResolvableType; @ 44 c2
Event: 12.641 Thread 0x0000018c96a33ec0 DEOPT PACKING pc=0x0000018c4171f040 sp=0x000000105edfe5d0
Event: 12.641 Thread 0x0000018c96a33ec0 DEOPT UNPACKING pc=0x0000018c40e346a2 sp=0x000000105edfe5f8 mode 2
Event: 12.641 Thread 0x0000018c96a33ec0 Uncommon trap: trap_request=0xffffffde fr.pc=0x0000018c4171f040 relative=0x00000000000049a0
Event: 12.642 Thread 0x0000018c96a33ec0 Uncommon trap: reason=class_check action=maybe_recompile pc=0x0000018c4171f040 method=org.springframework.core.ResolvableType.resolveType()Lorg/springframework/core/ResolvableType; @ 44 c2
Event: 12.642 Thread 0x0000018c96a33ec0 DEOPT PACKING pc=0x0000018c4171f040 sp=0x000000105edfe5b0
Event: 12.642 Thread 0x0000018c96a33ec0 DEOPT UNPACKING pc=0x0000018c40e346a2 sp=0x000000105edfe5d8 mode 2

Classes loaded (20 events):
Event: 12.649 Loading class java/beans/WeakIdentityMap done
Event: 12.649 Loading class java/beans/ThreadGroupContext$1 done
Event: 12.649 Loading class java/beans/WeakIdentityMap$Entry
Event: 12.649 Loading class java/beans/WeakIdentityMap$Entry done
Event: 12.649 Loading class com/sun/beans/introspect/ClassInfo
Event: 12.649 Loading class com/sun/beans/introspect/ClassInfo done
Event: 12.650 Loading class com/sun/beans/introspect/ClassInfo$1
Event: 12.650 Loading class com/sun/beans/util/Cache
Event: 12.650 Loading class com/sun/beans/util/Cache done
Event: 12.650 Loading class com/sun/beans/introspect/ClassInfo$1 done
Event: 12.650 Loading class com/sun/beans/util/Cache$Kind
Event: 12.651 Loading class com/sun/beans/util/Cache$Kind done
Event: 12.651 Loading class com/sun/beans/util/Cache$Kind$1
Event: 12.651 Loading class com/sun/beans/util/Cache$Kind$1 done
Event: 12.651 Loading class com/sun/beans/util/Cache$Kind$2
Event: 12.651 Loading class com/sun/beans/util/Cache$Kind$2 done
Event: 12.651 Loading class com/sun/beans/util/Cache$Kind$3
Event: 12.651 Loading class com/sun/beans/util/Cache$Kind$3 done
Event: 12.651 Loading class com/sun/beans/util/Cache$CacheEntry
Event: 12.651 Loading class com/sun/beans/util/Cache$CacheEntry done

Classes unloaded (0 events):
No events

Classes redefined (0 events):
No events

Internal exceptions (20 events):
Event: 9.441 Thread 0x0000018c96a33ec0 Exception <a 'java/lang/NoSuchMethodError'{0x000000070ea3e468}: 'java.lang.Object java.lang.invoke.DirectMethodHandle$Holder.invokeSpecial(java.lang.Object, java.lang.Object, java.lang.Object, java.lang.Object, java.lang.Object, java.lang.Object, java.lang.Object, java.lang.Object, int)'> (0x000000070ea3e468) 
thrown [s\open\src\hotspot\share\interpreter\linkResolver.cpp, line 773]
Event: 9.441 Thread 0x0000018c96a33ec0 Exception <a 'java/lang/NoSuchMethodError'{0x000000070ea42490}: 'java.lang.Object java.lang.invoke.Invokers$Holder.linkToTargetMethod(java.lang.Object, java.lang.Object, java.lang.Object, java.lang.Object, java.lang.Object, java.lang.Object, int, java.lang.Object)'> (0x000000070ea42490) 
thrown [s\open\src\hotspot\share\interpreter\linkResolver.cpp, line 773]
Event: 9.465 Thread 0x0000018c96a33ec0 Exception <a 'java/lang/NoSuchMethodError'{0x000000070eb09698}: 'void java.lang.invoke.DirectMethodHandle$Holder.invokeInterface(java.lang.Object, java.lang.Object)'> (0x000000070eb09698) 
thrown [s\open\src\hotspot\share\interpreter\linkResolver.cpp, line 773]
Event: 9.681 Thread 0x0000018c96a33ec0 Implicit null exception at 0x0000018c41683217 to 0x0000018c41683490
Event: 9.826 Thread 0x0000018c96a33ec0 Exception <a 'java/lang/IncompatibleClassChangeError'{0x00000007056f2d60}: Found class java.lang.Object, but interface was expected> (0x00000007056f2d60) 
thrown [s\open\src\hotspot\share\interpreter\linkResolver.cpp, line 840]
Event: 9.906 Thread 0x0000018c96a33ec0 Exception <a 'java/lang/IncompatibleClassChangeError'{0x000000070547cfd8}: Found class java.lang.Object, but interface was expected> (0x000000070547cfd8) 
thrown [s\open\src\hotspot\share\interpreter\linkResolver.cpp, line 840]
Event: 10.279 Thread 0x0000018c96a33ec0 Exception <a 'java/lang/IncompatibleClassChangeError'{0x0000000704e9d4c8}: Found class java.lang.Object, but interface was expected> (0x0000000704e9d4c8) 
thrown [s\open\src\hotspot\share\interpreter\linkResolver.cpp, line 840]
Event: 10.491 Thread 0x0000018c96a33ec0 Exception <a 'java/lang/IncompatibleClassChangeError'{0x0000000704d66b68}: Found class java.lang.Object, but interface was expected> (0x0000000704d66b68) 
thrown [s\open\src\hotspot\share\interpreter\linkResolver.cpp, line 840]
Event: 10.492 Thread 0x0000018c96a33ec0 Exception <a 'java/lang/IncompatibleClassChangeError'{0x0000000704d6c0f0}: Found class java.lang.Object, but interface was expected> (0x0000000704d6c0f0) 
thrown [s\open\src\hotspot\share\interpreter\linkResolver.cpp, line 840]
Event: 11.065 Thread 0x0000018c96a33ec0 Exception <a 'java/io/FileNotFoundException'{0x0000000711e7cc78}> (0x0000000711e7cc78) 
thrown [s\open\src\hotspot\share\prims\jni.cpp, line 520]
Event: 11.067 Thread 0x0000018c96a33ec0 Exception <a 'java/io/FileNotFoundException'{0x0000000711e86bc8}> (0x0000000711e86bc8) 
thrown [s\open\src\hotspot\share\prims\jni.cpp, line 520]
Event: 11.167 Thread 0x0000018c96a33ec0 Exception <a 'java/lang/NoSuchMethodError'{0x000000070ecb9b88}: 'java.lang.Object java.lang.invoke.DirectMethodHandle$Holder.newInvokeSpecial(java.lang.Object, java.lang.Object, java.lang.Object, java.lang.Object, java.lang.Object, java.lang.Object, java.lang.Object, java.lang.Object)'> (0x000000070ecb9b88) 
thrown [s\open\src\hotspot\share\interpreter\linkResolver.cpp, line 773]
Event: 11.784 Thread 0x0000018c96a33ec0 Exception <a 'java/lang/IncompatibleClassChangeError'{0x0000000705b94ec0}: Found class java.lang.Object, but interface was expected> (0x0000000705b94ec0) 
thrown [s\open\src\hotspot\share\interpreter\linkResolver.cpp, line 840]
Event: 12.145 Thread 0x0000018c96a33ec0 Exception <a 'java/lang/NoSuchMethodError'{0x0000000705510d68}: 'java.lang.Object java.lang.invoke.DirectMethodHandle$Holder.invokeInterface(java.lang.Object, java.lang.Object, java.lang.Object, java.lang.Object)'> (0x0000000705510d68) 
thrown [s\open\src\hotspot\share\interpreter\linkResolver.cpp, line 773]
Event: 12.221 Thread 0x0000018c96a33ec0 Exception <a 'java/lang/NoSuchMethodError'{0x00000007052f7340}: 'void java.lang.invoke.DirectMethodHandle$Holder.invokeVirtual(java.lang.Object, java.lang.Object, long)'> (0x00000007052f7340) 
thrown [s\open\src\hotspot\share\interpreter\linkResolver.cpp, line 773]
Event: 12.292 Thread 0x0000018c96a33ec0 Exception <a 'java/lang/NoSuchMethodError'{0x00000007051423c0}: 'int java.lang.invoke.DirectMethodHandle$Holder.invokeStaticInit(java.lang.Object, java.lang.Object, java.lang.Object, java.lang.Object)'> (0x00000007051423c0) 
thrown [s\open\src\hotspot\share\interpreter\linkResolver.cpp, line 773]
Event: 12.363 Thread 0x0000018c96a33ec0 Exception <a 'java/lang/IncompatibleClassChangeError'{0x0000000704f008e0}: Found class java.lang.Object, but interface was expected> (0x0000000704f008e0) 
thrown [s\open\src\hotspot\share\interpreter\linkResolver.cpp, line 840]
Event: 12.381 Thread 0x0000018c96a33ec0 Implicit null exception at 0x0000018c414ef30b to 0x0000018c414ef58c
Event: 12.421 Thread 0x0000018c96a33ec0 Exception <a 'java/lang/NoSuchMethodError'{0x0000000704c57c48}: 'java.lang.Object java.lang.invoke.Invokers$Holder.invoke_MT(java.lang.Object, java.lang.Object, java.lang.Object, java.lang.Object, java.lang.Object, java.lang.Object, java.lang.Object, java.lang.Object, java.lang.Object, java.lang.Object, java.lang.Object)'> (0x0000000704c57c48) 
thrown [s\open\src\hotspot\share\interpreter\linkResolver.cpp, line 773]
Event: 12.578 Thread 0x0000018c96a33ec0 Exception <a 'java/lang/NoSuchMethodError'{0x0000000711fd48a0}: 'java.lang.Object java.lang.invoke.DirectMethodHandle$Holder.newInvokeSpecial(java.lang.Object, java.lang.Object, int, java.lang.Object, java.lang.Object)'> (0x0000000711fd48a0) 
thrown [s\open\src\hotspot\share\interpreter\linkResolver.cpp, line 773]

ZGC Phase Switch (0 events):
No events

VM Operations (20 events):
Event: 11.530 Executing VM operation: HandshakeAllThreads (Deoptimize)
Event: 11.530 Executing VM operation: HandshakeAllThreads (Deoptimize) done
Event: 11.665 Executing VM operation: HandshakeAllThreads (Deoptimize)
Event: 11.665 Executing VM operation: HandshakeAllThreads (Deoptimize) done
Event: 11.809 Executing VM operation: HandshakeAllThreads (Deoptimize)
Event: 11.809 Executing VM operation: HandshakeAllThreads (Deoptimize) done
Event: 12.256 Executing VM operation: HandshakeAllThreads (Deoptimize)
Event: 12.256 Executing VM operation: HandshakeAllThreads (Deoptimize) done
Event: 12.256 Executing VM operation: Cleanup
Event: 12.257 Executing VM operation: Cleanup done
Event: 12.497 Executing VM operation: G1CollectForAllocation (G1 Evacuation Pause)
Event: 12.507 Executing VM operation: G1CollectForAllocation (G1 Evacuation Pause) done
Event: 12.576 Executing VM operation: HandshakeAllThreads (Deoptimize)
Event: 12.576 Executing VM operation: HandshakeAllThreads (Deoptimize) done
Event: 13.590 Executing VM operation: Cleanup
Event: 13.590 Executing VM operation: Cleanup done
Event: 20.662 Executing VM operation: Cleanup
Event: 20.662 Executing VM operation: Cleanup done
Event: 51.876 Executing VM operation: Cleanup
Event: 51.876 Executing VM operation: Cleanup done

Events (20 events):
Event: 12.556 Thread 0x0000018c99312180 Thread added: 0x0000018c99312180
Event: 12.594 Thread 0x0000018c9930fa20 Thread added: 0x0000018c9930fa20
Event: 12.594 Thread 0x0000018c99311460 Thread added: 0x0000018c99311460
Event: 12.594 Thread 0x0000018c9930f390 Thread added: 0x0000018c9930f390
Event: 12.594 Thread 0x0000018c9c147570 Thread added: 0x0000018c9c147570
Event: 12.594 Thread 0x0000018c9c147c00 Thread added: 0x0000018c9c147c00
Event: 12.594 Thread 0x0000018c9c146850 Thread added: 0x0000018c9c146850
Event: 12.595 Thread 0x0000018c9c1461c0 Thread added: 0x0000018c9c1461c0
Event: 12.595 Thread 0x0000018c9c146ee0 Thread added: 0x0000018c9c146ee0
Event: 12.595 Thread 0x0000018c9c148290 Thread added: 0x0000018c9c148290
Event: 12.595 Thread 0x0000018c9c1454a0 Thread added: 0x0000018c9c1454a0
Event: 12.615 Thread 0x0000018c9c145b30 Thread added: 0x0000018c9c145b30
Event: 12.618 Thread 0x0000018c9c144e10 Thread added: 0x0000018c9c144e10
Event: 12.649 Thread 0x0000018c96a33ec0 Thread exited: 0x0000018c96a33ec0
Event: 12.652 Thread 0x0000018c96897ee0 Thread exited: 0x0000018c96897ee0
Event: 12.653 Thread 0x0000018c313617b0 Thread exited: 0x0000018c313617b0
Event: 12.653 Thread 0x0000018c9c148fb0 Thread added: 0x0000018c9c148fb0
Event: 13.234 Thread 0x0000018c99311af0 Thread exited: 0x0000018c99311af0
Event: 14.183 Thread 0x0000018c994cc300 Thread exited: 0x0000018c994cc300
Event: 14.183 Thread 0x0000018c994cd770 Thread exited: 0x0000018c994cd770


Dynamic libraries:
0x00007ff6a51e0000 - 0x00007ff6a51f0000 	C:\Program Files\Java\jdk-21\bin\java.exe
0x00007ffc01420000 - 0x00007ffc01680000 	C:\WINDOWS\SYSTEM32\ntdll.dll
0x00007ffc00270000 - 0x00007ffc00337000 	C:\WINDOWS\System32\KERNEL32.DLL
0x00007ffbfe600000 - 0x00007ffbfe9ca000 	C:\WINDOWS\System32\KERNELBASE.dll
0x00007ffbfed50000 - 0x00007ffbfee9b000 	C:\WINDOWS\System32\ucrtbase.dll
0x00007ffbf7670000 - 0x00007ffbf7689000 	C:\Program Files\Java\jdk-21\bin\jli.dll
0x00007ffbf6030000 - 0x00007ffbf604b000 	C:\Program Files\Java\jdk-21\bin\VCRUNTIME140.dll
0x00007ffc00130000 - 0x00007ffc001e2000 	C:\WINDOWS\System32\ADVAPI32.dll
0x00007ffbff220000 - 0x00007ffbff2c9000 	C:\WINDOWS\System32\msvcrt.dll
0x00007ffc00860000 - 0x00007ffc00906000 	C:\WINDOWS\System32\sechost.dll
0x00007ffbfff90000 - 0x00007ffc000a6000 	C:\WINDOWS\System32\RPCRT4.dll
0x00007ffc004a0000 - 0x00007ffc0066c000 	C:\WINDOWS\System32\USER32.dll
0x00007ffbfeea0000 - 0x00007ffbfeec7000 	C:\WINDOWS\System32\win32u.dll
0x00007ffbe7800000 - 0x00007ffbe7a97000 	C:\WINDOWS\WinSxS\amd64_microsoft.windows.common-controls_6595b64144ccf1df_6.0.26100.3624_none_3e086962e3345f24\COMCTL32.dll
0x00007ffc00910000 - 0x00007ffc0093a000 	C:\WINDOWS\System32\GDI32.dll
0x00007ffbfec10000 - 0x00007ffbfed41000 	C:\WINDOWS\System32\gdi32full.dll
0x00007ffbfef60000 - 0x00007ffbff003000 	C:\WINDOWS\System32\msvcp_win.dll
0x00007ffbed300000 - 0x00007ffbed30b000 	C:\WINDOWS\SYSTEM32\VERSION.dll
0x00007ffbffd40000 - 0x00007ffbffd6f000 	C:\WINDOWS\System32\IMM32.DLL
0x00007ffbf6020000 - 0x00007ffbf602c000 	C:\Program Files\Java\jdk-21\bin\vcruntime140_1.dll
0x00007ffbde2a0000 - 0x00007ffbde32e000 	C:\Program Files\Java\jdk-21\bin\msvcp140.dll
0x00007ffb81210000 - 0x00007ffb81f2a000 	C:\Program Files\Java\jdk-21\bin\server\jvm.dll
0x00007ffbffdf0000 - 0x00007ffbffe64000 	C:\WINDOWS\System32\WS2_32.dll
0x00007ffbfe470000 - 0x00007ffbfe4ce000 	C:\WINDOWS\SYSTEM32\POWRPROF.dll
0x00007ffbe7710000 - 0x00007ffbe7746000 	C:\WINDOWS\SYSTEM32\WINMM.dll
0x00007ffbfe450000 - 0x00007ffbfe464000 	C:\WINDOWS\SYSTEM32\UMPDC.dll
0x00007ffbfd3d0000 - 0x00007ffbfd3ea000 	C:\WINDOWS\SYSTEM32\kernel.appcore.dll
0x00007ffbf5d70000 - 0x00007ffbf5d7a000 	C:\Program Files\Java\jdk-21\bin\jimage.dll
0x00007ffbfb9b0000 - 0x00007ffbfbbf1000 	C:\WINDOWS\SYSTEM32\DBGHELP.DLL
0x00007ffbff9b0000 - 0x00007ffbffd32000 	C:\WINDOWS\System32\combase.dll
0x00007ffc00350000 - 0x00007ffc00426000 	C:\WINDOWS\System32\OLEAUT32.dll
0x00007ffbdf2b0000 - 0x00007ffbdf2e9000 	C:\WINDOWS\SYSTEM32\dbgcore.DLL
0x00007ffbff180000 - 0x00007ffbff219000 	C:\WINDOWS\System32\bcryptPrimitives.dll
0x00007ffbebd30000 - 0x00007ffbebd3f000 	C:\Program Files\Java\jdk-21\bin\instrument.dll
0x00007ffbf5b70000 - 0x00007ffbf5b8f000 	C:\Program Files\Java\jdk-21\bin\java.dll
0x00007ffc00940000 - 0x00007ffc01069000 	C:\WINDOWS\System32\SHELL32.dll
0x00007ffbff010000 - 0x00007ffbff178000 	C:\WINDOWS\System32\wintypes.dll
0x00007ffbfc280000 - 0x00007ffbfcad2000 	C:\WINDOWS\SYSTEM32\windows.storage.dll
0x00007ffc00770000 - 0x00007ffc0085d000 	C:\WINDOWS\System32\SHCORE.dll
0x00007ffbffd80000 - 0x00007ffbffde4000 	C:\WINDOWS\System32\shlwapi.dll
0x00007ffbfe510000 - 0x00007ffbfe53f000 	C:\WINDOWS\SYSTEM32\profapi.dll
0x00007ffbdd0d0000 - 0x00007ffbdd1a7000 	C:\Program Files\Java\jdk-21\bin\jsvml.dll
0x00007ffbee760000 - 0x00007ffbee778000 	C:\Program Files\Java\jdk-21\bin\zip.dll
0x00007ffbf5d60000 - 0x00007ffbf5d70000 	C:\Program Files\Java\jdk-21\bin\net.dll
0x00007ffbea360000 - 0x00007ffbea47d000 	C:\WINDOWS\SYSTEM32\WINHTTP.dll
0x00007ffbfd8d0000 - 0x00007ffbfd93a000 	C:\WINDOWS\system32\mswsock.dll
0x00007ffbee780000 - 0x00007ffbee796000 	C:\Program Files\Java\jdk-21\bin\nio.dll
0x00007ffbdf080000 - 0x00007ffbdf09a000 	C:\Users\pc\AppData\Local\JetBrains\IntelliJ IDEA Community Edition 2024.1.3\bin\breakgen64.dll
0x00007ffbebd10000 - 0x00007ffbebd19000 	C:\Program Files\Java\jdk-21\bin\extnet.dll
0x00007ffbebb60000 - 0x00007ffbebb6a000 	C:\Program Files\Java\jdk-21\bin\management.dll
0x00007ffbe5370000 - 0x00007ffbe537b000 	C:\Program Files\Java\jdk-21\bin\management_ext.dll
0x00007ffbff2d0000 - 0x00007ffbff2d8000 	C:\WINDOWS\System32\PSAPI.DLL
0x00007ffbe30e0000 - 0x00007ffbe30ee000 	C:\Program Files\Java\jdk-21\bin\sunmscapi.dll
0x00007ffbfea90000 - 0x00007ffbfec07000 	C:\WINDOWS\System32\CRYPT32.dll
0x00007ffbfddd0000 - 0x00007ffbfde00000 	C:\WINDOWS\SYSTEM32\ncrypt.dll
0x00007ffbfdd80000 - 0x00007ffbfddbf000 	C:\WINDOWS\SYSTEM32\NTASN1.dll
0x00007ffbfdc80000 - 0x00007ffbfdc9c000 	C:\WINDOWS\SYSTEM32\CRYPTSP.dll
0x00007ffbfd330000 - 0x00007ffbfd36a000 	C:\WINDOWS\system32\rsaenh.dll
0x00007ffbfd970000 - 0x00007ffbfd99b000 	C:\WINDOWS\SYSTEM32\USERENV.dll
0x00007ffbfe4e0000 - 0x00007ffbfe506000 	C:\WINDOWS\SYSTEM32\bcrypt.dll
0x00007ffbfdb00000 - 0x00007ffbfdb0c000 	C:\WINDOWS\SYSTEM32\CRYPTBASE.dll
0x00007ffbfcde0000 - 0x00007ffbfce13000 	C:\WINDOWS\SYSTEM32\IPHLPAPI.DLL
0x00007ffbfff20000 - 0x00007ffbfff2a000 	C:\WINDOWS\System32\NSI.dll
0x00007ffbe25f0000 - 0x00007ffbe2600000 	C:\Program Files\Java\jdk-21\bin\verify.dll
0x00007ffbfce20000 - 0x00007ffbfcf45000 	C:\WINDOWS\SYSTEM32\DNSAPI.dll
0x00007ffbe8300000 - 0x00007ffbe830b000 	C:\Windows\System32\rasadhlp.dll
0x00007ffbe8ab0000 - 0x00007ffbe8b35000 	C:\WINDOWS\System32\fwpuclnt.dll
0x00007ffbd1ef0000 - 0x00007ffbd1ef8000 	C:\WINDOWS\system32\wshunix.dll

dbghelp: loaded successfully - version: 4.0.5 - missing functions: none
symbol engine: initialized successfully - sym options: 0x614 - pdb path: .;C:\Program Files\Java\jdk-21\bin;C:\WINDOWS\SYSTEM32;C:\WINDOWS\WinSxS\amd64_microsoft.windows.common-controls_6595b64144ccf1df_6.0.26100.3624_none_3e086962e3345f24;C:\Program Files\Java\jdk-21\bin\server;C:\Users\pc\AppData\Local\JetBrains\IntelliJ IDEA Community Edition 2024.1.3\bin

VM Arguments:
jvm_args: -javaagent:C:\Users\pc\AppData\Local\JetBrains\IntelliJ IDEA Community Edition 2024.1.3\lib\idea_rt.jar=57138:C:\Users\pc\AppData\Local\JetBrains\IntelliJ IDEA Community Edition 2024.1.3\bin -Dfile.encoding=UTF-8 
java_command: com.TodayTask.Admin.Panel.AdminPanelApplication
java_class_path (initial): E:\oplTask\backend\Admin Panel\Admin-Panel\target\classes;C:\Users\pc\.m2\repository\io\jsonwebtoken\jjwt-impl\0.12.6\jjwt-impl-0.12.6.jar;C:\Users\pc\.m2\repository\io\jsonwebtoken\jjwt-jackson\0.12.6\jjwt-jackson-0.12.6.jar;C:\Users\pc\.m2\repository\com\fasterxml\jackson\core\jackson-databind\2.18.3\jackson-databind-2.18.3.jar;C:\Users\pc\.m2\repository\com\fasterxml\jackson\core\jackson-annotations\2.18.3\jackson-annotations-2.18.3.jar;C:\Users\pc\.m2\repository\com\fasterxml\jackson\core\jackson-core\2.18.3\jackson-core-2.18.3.jar;C:\Users\pc\.m2\repository\io\jsonwebtoken\jjwt-api\0.12.6\jjwt-api-0.12.6.jar;C:\Users\pc\.m2\repository\org\springframework\boot\spring-boot-starter-data-jpa\3.4.4\spring-boot-starter-data-jpa-3.4.4.jar;C:\Users\pc\.m2\repository\org\springframework\boot\spring-boot-starter\3.4.4\spring-boot-starter-3.4.4.jar;C:\Users\pc\.m2\repository\org\springframework\boot\spring-boot-starter-logging\3.4.4\spring-boot-starter-logging-3.4.4.jar;C:\Users\pc\.m2\repository\ch\qos\logback\logback-classic\1.5.18\logback-classic-1.5.18.jar;C:\Users\pc\.m2\repository\ch\qos\logback\logback-core\1.5.18\logback-core-1.5.18.jar;C:\Users\pc\.m2\repository\org\apache\logging\log4j\log4j-to-slf4j\2.24.3\log4j-to-slf4j-2.24.3.jar;C:\Users\pc\.m2\repository\org\apache\logging\log4j\log4j-api\2.24.3\log4j-api-2.24.3.jar;C:\Users\pc\.m2\repository\org\slf4j\jul-to-slf4j\2.0.17\jul-to-slf4j-2.0.17.jar;C:\Users\pc\.m2\repository\jakarta\annotation\jakarta.annotation-api\2.1.1\jakarta.annotation-api-2.1.1.jar;C:\Users\pc\.m2\repository\org\yaml\snakeyaml\2.3\snakeyaml-2.3.jar;C:\Users\pc\.m2\repository\org\springframework\boot\spring-boot-starter-jdbc\3.4.4\spring-boot-starter-jdbc-3.4.4.jar;C:\Users\pc\.m2\repository\com\zaxxer\HikariCP\5.1.0\HikariCP-5.1.0.jar;C:\Users\pc\.m2\repository\org\springframework\spring-jdbc\6.2.5\spring-jdbc-6.2.5.jar;C:\Users\pc\.m2\repository\org\hibernate\orm\hibernate-core\6.6.11.Final\hibernate-core-6.6.11.Final.jar;C:\Users\pc\.m2\repository\jakarta\persistence\jakarta.persistence-api\3.1.0\jakarta.persistence-api-3.1.0.jar;C:\Users\pc\.m2\repository\jakarta\transaction\jakarta.transaction-api\2.0.1\jakarta.transaction-api-2.0.1.jar;C:\Users\pc\.m2\repository\org\jboss\logging\jboss-logging\3.6.1.Final\jboss-logging-3.6.1.Final.jar;C:\Users\pc\.m2\repository\org\hibernate\common\hibernate-commons-annotations\7.0.3.Final\hibernate-commons-annotations-7.0.3.Final.jar;C:\Users\pc\.m2\repository\io\smallrye\jandex\3.2.0\jandex-3.2.0.jar;C:\Users\pc\.m2\repository\com\fasterxml\classmate\1.7.0\classmate-1.7.0.jar;C:\Users\pc\.m2\repository\net\bytebuddy\byte-buddy\1.15.11\byte-buddy-1.15.11.jar;C:\Users\pc\.m2\repository\org\glassfish\jaxb\jaxb-runtime\4.0.5\jaxb-runtime-4.0.5.jar;C:\Users\pc\.m2\repository\org\glassfish\jaxb\jaxb-core\4.0.5\jaxb-core-4.0.5.jar;C:\Users\pc\.m2\repository\org\glassfish\jaxb\txw2\4.0.5\txw2-4.0.5.jar;C:\Users\pc\.m2\repository\com\sun\istack\istack-commons-runtime\4.1.2\istack-commons-runtime-4.1.2.jar;C:\Users\pc\.m2\repository\jakarta\inject\jakarta.inject-api\2.0.1\jakarta.inject-api-2.0.1.jar;C:\Users\pc\.m2\repository\org\antlr\antlr4-runtime\4.13.0\antlr4-runtime-4.13.0.jar;C:\Users\pc\.m2\repository\org\springframework\data\spring-data-jpa\3.4.4\spring-data-jpa-3.4.4.jar;C:\Users\pc\.m2\repository\org\springframework\data\spring-data-commons\3.4.4\spring-data-commons-3.4.4.jar;C:\Users\pc\.m2\repository\org\springframework\spring-orm\6.2.5\spring-orm-6.2.5.jar;C:\Users\pc\.m2\repository\org\springframework\spring-context\6.2.5\spring-context-6.2.5.jar;C:\Users\pc\.m2\repository\org\springframework\spring-tx\6.2.5\spring-tx-6.2.5.jar;C:\Users\pc\.m2\repository\org\springframework\spring-beans\6.2.5\spring-beans-6.2.5.jar;C:\Users\pc\.m2\repository\org\slf4j\slf4j-api\2.0.17\slf4j-api-2.0.17.jar;C:\Users\pc\.m2\repository\org\springframework\spring-aspects\6.2.5\spring-aspects-6.2.5.jar;C:\Users\pc\.m2\repository\org\aspectj\aspectjweaver\1.9.23\aspectjweaver-1.9.23.jar;C:\Users\pc\.m2\repository\org\springframework\boot\spring-boot-starter-security\3.4.4\spring-boot-starter-security-3.4.4.jar;C:\Users\pc\.m2\repository\org\springframework\spring-aop\6.2.5\spring-aop-6.2.5.jar;C:\Users\pc\.m2\repository\org\springframework\security\spring-security-config\6.4.4\spring-security-config-6.4.4.jar;C:\Users\pc\.m2\repository\org\springframework\security\spring-security-web\6.4.4\spring-security-web-6.4.4.jar;C:\Users\pc\.m2\repository\org\springframework\spring-expression\6.2.5\spring-expression-6.2.5.jar;C:\Users\pc\.m2\repository\org\springframework\boot\spring-boot-starter-validation\3.4.4\spring-boot-starter-validation-3.4.4.jar;C:\Users\pc\.m2\repository\org\apache\tomcat\embed\tomcat-embed-el\10.1.39\tomcat-embed-el-10.1.39.jar;C:\Users\pc\.m2\repository\org\hibernate\validator\hibernate-validator\8.0.2.Final\hibernate-validator-8.0.2.Final.jar;C:\Users\pc\.m2\repository\jakarta\validation\jakarta.validation-api\3.0.2\jakarta.validation-api-3.0.2.jar;C:\Users\pc\.m2\repository\org\springframework\boot\spring-boot-starter-web\3.4.4\spring-boot-starter-web-3.4.4.jar;C:\Users\pc\.m2\repository\org\springframework\boot\spring-boot-starter-json\3.4.4\spring-boot-starter-json-3.4.4.jar;C:\Users\pc\.m2\repository\com\fasterxml\jackson\datatype\jackson-datatype-jdk8\2.18.3\jackson-datatype-jdk8-2.18.3.jar;C:\Users\pc\.m2\repository\com\fasterxml\jackson\datatype\jackson-datatype-jsr310\2.18.3\jackson-datatype-jsr310-2.18.3.jar;C:\Users\pc\.m2\repository\com\fasterxml\jackson\module\jackson-module-parameter-names\2.18.3\jackson-module-parameter-names-2.18.3.jar;C:\Users\pc\.m2\repository\org\springframework\boot\spring-boot-starter-tomcat\3.4.4\spring-boot-starter-tomcat-3.4.4.jar;C:\Users\pc\.m2\repository\org\apache\tomcat\embed\tomcat-embed-core\10.1.39\tomcat-embed-core-10.1.39.jar;C:\Users\pc\.m2\repository\org\apache\tomcat\embed\tomcat-embed-websocket\10.1.39\tomcat-embed-websocket-10.1.39.jar;C:\Users\pc\.m2\repository\org\springframework\spring-web\6.2.5\spring-web-6.2.5.jar;C:\Users\pc\.m2\repository\io\micrometer\micrometer-observation\1.14.5\micrometer-observation-1.14.5.jar;C:\Users\pc\.m2\repository\io\micrometer\micrometer-commons\1.14.5\micrometer-commons-1.14.5.jar;C:\Users\pc\.m2\repository\org\springframework\spring-webmvc\6.2.5\spring-webmvc-6.2.5.jar;C:\Users\pc\.m2\repository\org\springframework\boot\spring-boot-devtools\3.4.4\spring-boot-devtools-3.4.4.jar;C:\Users\pc\.m2\repository\org\springframework\boot\spring-boot\3.4.4\spring-boot-3.4.4.jar;C:\Users\pc\.m2\repository\org\springframework\boot\spring-boot-autoconfigure\3.4.4\spring-boot-autoconfigure-3.4.4.jar;C:\Users\pc\.m2\repository\com\mysql\mysql-connector-j\9.1.0\mysql-connector-j-9.1.0.jar;C:\Users\pc\.m2\repository\org\springframework\boot\spring-boot-starter-mail\3.4.4\spring-boot-starter-mail-3.4.4.jar;C:\Users\pc\.m2\repository\org\springframework\spring-context-support\6.2.5\spring-context-support-6.2.5.jar;C:\Users\pc\.m2\repository\org\eclipse\angus\jakarta.mail\2.0.3\jakarta.mail-2.0.3.jar;C:\Users\pc\.m2\repository\jakarta\activation\jakarta.activation-api\2.1.3\jakarta.activation-api-2.1.3.jar;C:\Users\pc\.m2\repository\org\eclipse\angus\angus-activation\2.0.2\angus-activation-2.0.2.jar;C:\Users\pc\.m2\repository\jakarta\xml\bind\jakarta.xml.bind-api\4.0.2\jakarta.xml.bind-api-4.0.2.jar;C:\Users\pc\.m2\repository\org\springframework\spring-core\6.2.5\spring-core-6.2.5.jar;C:\Users\pc\.m2\repository\org\springframework\spring-jcl\6.2.5\spring-jcl-6.2.5.jar;C:\Users\pc\.m2\repository\org\springframework\security\spring-security-core\6.4.4\spring-security-core-6.4.4.jar;C:\Users\pc\.m2\repository\org\springframework\security\spring-security-crypto\6.4.4\spring-security-crypto-6.4.4.jar;C:\Users\pc\.m2\repository\com\github\javafaker\javafaker\1.0.2\javafaker-1.0.2.jar;C:\Users\pc\.m2\repository\org\apache\commons\commons-lang3\3.17.0\commons-lang3-3.17.0.jar;C:\Users\pc\.m2\repository\org\yaml\snakeyaml\1.23\snakeyaml-1.23-android.jar;C:\Users\pc\.m2\repository\com\github\mifmif\generex\1.0.2\generex-1.0.2.jar;C:\Users\pc\.m2\repository\dk\brics\automaton\automaton\1.11-8\automaton-1.11-8.jar
Launcher Type: SUN_STANDARD

[Global flags]
     intx CICompilerCount                          = 4                                         {product} {ergonomic}
     uint ConcGCThreads                            = 2                                         {product} {ergonomic}
     uint G1ConcRefinementThreads                  = 8                                         {product} {ergonomic}
   size_t G1HeapRegionSize                         = 2097152                                   {product} {ergonomic}
    uintx GCDrainStackTargetSize                   = 64                                        {product} {ergonomic}
   size_t InitialHeapSize                          = 266338304                                 {product} {ergonomic}
   size_t MarkStackSize                            = 4194304                                   {product} {ergonomic}
   size_t MaxHeapSize                              = 4259315712                                {product} {ergonomic}
   size_t MaxNewSize                               = 2554331136                                {product} {ergonomic}
   size_t MinHeapDeltaBytes                        = 2097152                                   {product} {ergonomic}
   size_t MinHeapSize                              = 8388608                                   {product} {ergonomic}
    uintx NonNMethodCodeHeapSize                   = 5839372                                {pd product} {ergonomic}
    uintx NonProfiledCodeHeapSize                  = 122909434                              {pd product} {ergonomic}
    uintx ProfiledCodeHeapSize                     = 122909434                              {pd product} {ergonomic}
    uintx ReservedCodeCacheSize                    = 251658240                              {pd product} {ergonomic}
     bool SegmentedCodeCache                       = true                                      {product} {ergonomic}
   size_t SoftMaxHeapSize                          = 4259315712                             {manageable} {ergonomic}
     bool UseCompressedOops                        = true                           {product lp64_product} {ergonomic}
     bool UseG1GC                                  = true                                      {product} {ergonomic}
     bool UseLargePagesIndividualAllocation        = false                                  {pd product} {ergonomic}

Logging:
Log output configuration:
 #0: stdout all=warning uptime,level,tags foldmultilines=false
 #1: stderr all=off uptime,level,tags foldmultilines=false

Environment Variables:
CLASSPATH=C:\Program Files\Java\jdk-17\bin
PATH=C:\Program Files\Common Files\Oracle\Java\javapath;C:\Program Files (x86)\Common Files\Oracle\Java\javapath;C:\Program Files (x86)\VMware\VMware Player\bin\;C:\oraclexe\app\oracle\product\11.2.0\server\bin;C:\WINDOWS\system32;C:\WINDOWS;C:\WINDOWS\System32\Wbem;C:\WINDOWS\System32\WindowsPowerShell\v1.0\;C:\WINDOWS\System32\OpenSSH\;C:\Program Files\dotnet\;C:\Program Files (x86)\Intel\Intel(R) Management Engine Components\DAL;C:\Program Files\Intel\Intel(R) Management Engine Components\DAL;C:\Program Files\Git\cmd;C:\Program Files\nodejs;C:\MinGW\bin;C:\Program Files\Java\jdk1.8.0_202\bin\;D:\software\Nodejs\;C:\Program Files\Microsoft SQL Server\130\Tools\Binn\;E:\XAMPP\mysql\bin;D:\Intelije\IntelliJ IDEA Community Edition 2024.1.3\bin;C:\Program Files\MongoDB\mongosh-2.3.2-win32-x64\bin;C:\Program Files (x86)\Microsoft SQL Server\100\Tools\Binn\;C:\Program Files\Microsoft SQL Server\100\Tools\Binn\;C:\Program Files\Microsoft SQL Server\100\DTS\Binn\;C:\Program Files\Java\jdk-21\bin;C:\Program Files\MySQL\MySQL Shell 8.0\bin\;C:\Users\pc\AppData\Local\Programs\Python\Python312\Scripts\;C:\Users\pc\AppData\Local\Programs\Python\Python312\;C:\Users\pc\AppData\Local\Programs\Python\Launcher\;C:\Users\pc\AppData\Local\Microsoft\WindowsApps;C:\Users\pc\AppData\Local\Programs\Microsoft VS Code\bin;C:\MinGW\bin;C:\Users\pc\AppData\Roaming\npm;C:\Users\pc\AppData\Local\GitHubDesktop\bin;C:\Users\pc\AppData\Local\JetBrains\IntelliJ IDEA Community Edition 2024.1.3\bin;;D:\Nmap;C:\Program Files\Java\jdk-17\bin;D:\Intelije\IntelliJ IDEA Community Edition 2024.1.3\bin;
USERNAME=pc
OS=Windows_NT
PROCESSOR_IDENTIFIER=Intel64 Family 6 Model 142 Stepping 10, GenuineIntel
TMP=C:\Users\pc\AppData\Local\Temp
TEMP=C:\Users\pc\AppData\Local\Temp




Periodic native trim disabled

---------------  S Y S T E M  ---------------

OS:
 Windows 11 , 64 bit Build 26100 (10.0.26100.3775)
OS uptime: 0 days 9:47 hours
Hyper-V role detected

CPU: total 8 (initial active 8) (4 cores per cpu, 2 threads per core) family 6 model 142 stepping 10 microcode 0xf0, cx8, cmov, fxsr, ht, mmx, 3dnowpref, sse, sse2, sse3, ssse3, sse4.1, sse4.2, popcnt, lzcnt, tsc, tscinvbit, avx, avx2, aes, erms, clmul, bmi1, bmi2, rtm, adx, fma, vzeroupper, clflush, clflushopt, hv, rdtscp, f16c
Processor Information for processor 0
  Max Mhz: 2112, Current Mhz: 1508, Mhz Limit: 1900
Processor Information for processor 1
  Max Mhz: 2112, Current Mhz: 1508, Mhz Limit: 1900
Processor Information for processor 2
  Max Mhz: 2112, Current Mhz: 1508, Mhz Limit: 1900
Processor Information for processor 3
  Max Mhz: 2112, Current Mhz: 1508, Mhz Limit: 1900
Processor Information for processor 4
  Max Mhz: 2112, Current Mhz: 1910, Mhz Limit: 1900
Processor Information for processor 5
  Max Mhz: 2112, Current Mhz: 1508, Mhz Limit: 1900
Processor Information for processor 6
  Max Mhz: 2112, Current Mhz: 1910, Mhz Limit: 1900
Processor Information for processor 7
  Max Mhz: 2112, Current Mhz: 1508, Mhz Limit: 1900

Memory: 4k page, system-wide physical 16242M (4481M free)
TotalPageFile size 16242M (AvailPageFile size 2M)
current process WorkingSet (physical memory assigned to process): 250M, peak: 297M
current process commit charge ("private bytes"): 294M, peak: 400M

vm_info: Java HotSpot(TM) 64-Bit Server VM (21.0.6+8-LTS-188) for windows-amd64 JRE (21.0.6+8-LTS-188), built on 2024-12-03T10:50:54Z by "mach5one" with MS VC++ 17.6 (VS2022)

END.
