#
# There is insufficient memory for the Java Runtime Environment to continue.
# Native memory allocation (malloc) failed to allocate 1218416 bytes for Chunk::new
# Possible reasons:
#   The system is out of physical RAM or swap space
#   The process is running with CompressedOops enabled, and the Java Heap may be blocking the growth of the native heap
# Possible solutions:
#   Reduce memory load on the system
#   Increase physical memory or swap space
#   Check if swap backing store is full
#   Decrease Java heap size (-Xmx/-Xms)
#   Decrease number of Java threads
#   Decrease Java thread stack sizes (-Xss)
#   Set larger code cache with -XX:ReservedCodeCacheSize=
#   JVM is running with Zero Based Compressed Oops mode in which the Java heap is
#     placed in the first 32GB address space. The Java Heap base address is the
#     maximum limit for the native heap growth. Please use -XX:HeapBaseMinAddress
#     to set the Java Heap base and to place the Java Heap above 32GB virtual address.
# This output file may be truncated or incomplete.
#
#  Out of Memory Error (arena.cpp:168), pid=37904, tid=4756
#
# JRE version: Java(TM) SE Runtime Environment (21.0.6+8) (build 21.0.6+8-LTS-188)
# Java VM: Java HotSpot(TM) 64-Bit Server VM (21.0.6+8-LTS-188, mixed mode, sharing, tiered, compressed oops, compressed class ptrs, g1 gc, windows-amd64)
# No core dump will be written. Minidumps are not enabled by default on client versions of Windows
#

---------------  S U M M A R Y ------------

Command Line: -javaagent:C:\Users\pc\AppData\Local\JetBrains\IntelliJ IDEA Community Edition 2024.1.3\lib\idea_rt.jar=47773:C:\Users\pc\AppData\Local\JetBrains\IntelliJ IDEA Community Edition 2024.1.3\bin -Dfile.encoding=UTF-8 com.TodayTask.Admin.Panel.AdminPanelApplication

Host: Intel(R) Core(TM) i7-8650U CPU @ 1.90GHz, 8 cores, 15G,  Windows 11 , 64 bit Build 26100 (10.0.26100.3912)
Time: Sun May 11 01:13:52 2025 India Standard Time elapsed time: 1872.226784 seconds (0d 0h 31m 12s)

---------------  T H R E A D  ---------------

Current thread (0x0000022631ba1020):  JavaThread "C2 CompilerThread1" daemon [_thread_in_native, id=4756, stack(0x000000d5e2800000,0x000000d5e2900000) (1024K)]


Current CompileTask:
C2:1872226 12391       4       org.springframework.core.ResolvableType::as (86 bytes)

Stack: [0x000000d5e2800000,0x000000d5e2900000]
Native frames: (J=compiled Java code, j=interpreted, Vv=VM code, C=native code)
V  [jvm.dll+0x6ca6d9]
V  [jvm.dll+0x854f51]
V  [jvm.dll+0x85747e]
V  [jvm.dll+0x857b53]
V  [jvm.dll+0x27dcc6]
V  [jvm.dll+0xc4c2d]
V  [jvm.dll+0xc5163]
V  [jvm.dll+0x3b5122]
V  [jvm.dll+0x1df633]
V  [jvm.dll+0x246a72]
V  [jvm.dll+0x245eff]
V  [jvm.dll+0x1c6d2e]
V  [jvm.dll+0x2554f9]
V  [jvm.dll+0x253a8a]
V  [jvm.dll+0x3ee576]
V  [jvm.dll+0x7ff2fb]
V  [jvm.dll+0x6c8dbd]
C  [ucrtbase.dll+0x37b0]
C  [KERNEL32.DLL+0x2e8d7]
C  [ntdll.dll+0x9c5dc]


---------------  P R O C E S S  ---------------

Threads class SMR info:
_java_thread_list=0x0000022679d6c090, length=32, elements={
0x000002262f1ce3e0, 0x0000022631b780a0, 0x0000022631b7d500, 0x0000022631b7e3e0,
0x0000022631b7ee30, 0x0000022631b809c0, 0x0000022631b9c050, 0x0000022631b9e740,
0x0000022631c82fe0, 0x00000226771f89b0, 0x00000226771f9010, 0x000002267a318d60,
0x00000226795ee920, 0x000002267a5284b0, 0x00000226784ef1f0, 0x00000226784ed120,
0x00000226784ee4d0, 0x00000226784ede40, 0x00000226784ed7b0, 0x00000226796c9b80,
0x00000226796c87d0, 0x00000226796ca210, 0x00000226796caf30, 0x00000226796c8140,
0x00000226796c8e60, 0x00000226796c7ab0, 0x00000226796c94f0, 0x00000226796ca8a0,
0x0000022679c07430, 0x0000022679c07ac0, 0x0000022679c06080, 0x0000022631ba1020
}

Java Threads: ( => current thread )
  0x000002262f1ce3e0 JavaThread "Reference Handler"          daemon [_thread_blocked, id=31492, stack(0x000000d5e3300000,0x000000d5e3400000) (1024K)]
  0x0000022631b780a0 JavaThread "Finalizer"                  daemon [_thread_blocked, id=11644, stack(0x000000d5e3400000,0x000000d5e3500000) (1024K)]
  0x0000022631b7d500 JavaThread "Signal Dispatcher"          daemon [_thread_blocked, id=5536, stack(0x000000d5e3500000,0x000000d5e3600000) (1024K)]
  0x0000022631b7e3e0 JavaThread "Attach Listener"            daemon [_thread_blocked, id=15084, stack(0x000000d5e3600000,0x000000d5e3700000) (1024K)]
  0x0000022631b7ee30 JavaThread "Service Thread"             daemon [_thread_blocked, id=40104, stack(0x000000d5e3700000,0x000000d5e3800000) (1024K)]
  0x0000022631b809c0 JavaThread "Monitor Deflation Thread"   daemon [_thread_blocked, id=31408, stack(0x000000d5e3800000,0x000000d5e3900000) (1024K)]
  0x0000022631b9c050 JavaThread "C2 CompilerThread0"         daemon [_thread_blocked, id=33740, stack(0x000000d5e3900000,0x000000d5e3a00000) (1024K)]
  0x0000022631b9e740 JavaThread "C1 CompilerThread0"         daemon [_thread_blocked, id=30208, stack(0x000000d5e3a00000,0x000000d5e3b00000) (1024K)]
  0x0000022631c82fe0 JavaThread "Common-Cleaner"             daemon [_thread_blocked, id=18796, stack(0x000000d5e3b00000,0x000000d5e3c00000) (1024K)]
  0x00000226771f89b0 JavaThread "Monitor Ctrl-Break"         daemon [_thread_in_native, id=29600, stack(0x000000d5e3e00000,0x000000d5e3f00000) (1024K)]
  0x00000226771f9010 JavaThread "Notification Thread"        daemon [_thread_blocked, id=21340, stack(0x000000d5e3f00000,0x000000d5e4000000) (1024K)]
  0x000002267a318d60 JavaThread "Catalina-utility-1"                [_thread_blocked, id=25120, stack(0x000000d5e4600000,0x000000d5e4700000) (1024K)]
  0x00000226795ee920 JavaThread "Catalina-utility-2"                [_thread_blocked, id=3032, stack(0x000000d5e4b00000,0x000000d5e4c00000) (1024K)]
  0x000002267a5284b0 JavaThread "container-0"                       [_thread_blocked, id=37032, stack(0x000000d5e4c00000,0x000000d5e4d00000) (1024K)]
  0x00000226784ef1f0 JavaThread "mysql-cj-abandoned-connection-cleanup" daemon [_thread_blocked, id=20300, stack(0x000000d5e4d00000,0x000000d5e4e00000) (1024K)]
  0x00000226784ed120 JavaThread "HikariPool-1 housekeeper"   daemon [_thread_blocked, id=11200, stack(0x000000d5e4f00000,0x000000d5e5000000) (1024K)]
  0x00000226784ee4d0 JavaThread "File Watcher"               daemon [_thread_blocked, id=20976, stack(0x000000d5e5000000,0x000000d5e5100000) (1024K)]
  0x00000226784ede40 JavaThread "Live Reload Server"         daemon [_thread_in_native, id=7800, stack(0x000000d5e5200000,0x000000d5e5300000) (1024K)]
  0x00000226784ed7b0 JavaThread "http-nio-8088-exec-1"       daemon [_thread_blocked, id=5408, stack(0x000000d5e5100000,0x000000d5e5200000) (1024K)]
  0x00000226796c9b80 JavaThread "http-nio-8088-exec-2"       daemon [_thread_blocked, id=3524, stack(0x000000d5e5300000,0x000000d5e5400000) (1024K)]
  0x00000226796c87d0 JavaThread "http-nio-8088-exec-3"       daemon [_thread_blocked, id=5580, stack(0x000000d5e5400000,0x000000d5e5500000) (1024K)]
  0x00000226796ca210 JavaThread "http-nio-8088-exec-4"       daemon [_thread_blocked, id=3248, stack(0x000000d5e5500000,0x000000d5e5600000) (1024K)]
  0x00000226796caf30 JavaThread "http-nio-8088-exec-5"       daemon [_thread_blocked, id=32600, stack(0x000000d5e5600000,0x000000d5e5700000) (1024K)]
  0x00000226796c8140 JavaThread "http-nio-8088-exec-6"       daemon [_thread_blocked, id=26284, stack(0x000000d5e5700000,0x000000d5e5800000) (1024K)]
  0x00000226796c8e60 JavaThread "http-nio-8088-exec-7"       daemon [_thread_blocked, id=29940, stack(0x000000d5e5800000,0x000000d5e5900000) (1024K)]
  0x00000226796c7ab0 JavaThread "http-nio-8088-exec-8"       daemon [_thread_blocked, id=15012, stack(0x000000d5e5900000,0x000000d5e5a00000) (1024K)]
  0x00000226796c94f0 JavaThread "http-nio-8088-exec-9"       daemon [_thread_blocked, id=15024, stack(0x000000d5e5a00000,0x000000d5e5b00000) (1024K)]
  0x00000226796ca8a0 JavaThread "http-nio-8088-exec-10"      daemon [_thread_blocked, id=15028, stack(0x000000d5e5b00000,0x000000d5e5c00000) (1024K)]
  0x0000022679c07430 JavaThread "http-nio-8088-Poller"       daemon [_thread_in_native, id=15020, stack(0x000000d5e5c00000,0x000000d5e5d00000) (1024K)]
  0x0000022679c07ac0 JavaThread "http-nio-8088-Acceptor"     daemon [_thread_in_native, id=15040, stack(0x000000d5e5d00000,0x000000d5e5e00000) (1024K)]
  0x0000022679c06080 JavaThread "DestroyJavaVM"                     [_thread_blocked, id=8760, stack(0x000000d5e2b00000,0x000000d5e2c00000) (1024K)]
=>0x0000022631ba1020 JavaThread "C2 CompilerThread1"         daemon [_thread_in_native, id=4756, stack(0x000000d5e2800000,0x000000d5e2900000) (1024K)]
Total: 32

Other Threads:
  0x000002262f1b8060 VMThread "VM Thread"                           [id=34472, stack(0x000000d5e3200000,0x000000d5e3300000) (1024K)]
  0x000002262f1a3810 WatcherThread "VM Periodic Task Thread"        [id=23604, stack(0x000000d5e3100000,0x000000d5e3200000) (1024K)]
  0x000002261292dd20 WorkerThread "GC Thread#0"                     [id=34756, stack(0x000000d5e2c00000,0x000000d5e2d00000) (1024K)]
  0x0000022677580a70 WorkerThread "GC Thread#1"                     [id=21956, stack(0x000000d5e3d00000,0x000000d5e3e00000) (1024K)]
  0x000002267719e820 WorkerThread "GC Thread#2"                     [id=32204, stack(0x000000d5e4000000,0x000000d5e4100000) (1024K)]
  0x00000226779eab00 WorkerThread "GC Thread#3"                     [id=31552, stack(0x000000d5e4100000,0x000000d5e4200000) (1024K)]
  0x0000022677b1f6d0 WorkerThread "GC Thread#4"                     [id=18580, stack(0x000000d5e4200000,0x000000d5e4300000) (1024K)]
  0x0000022677aab0e0 WorkerThread "GC Thread#5"                     [id=22636, stack(0x000000d5e4300000,0x000000d5e4400000) (1024K)]
  0x0000022677e9c020 WorkerThread "GC Thread#6"                     [id=16596, stack(0x000000d5e4700000,0x000000d5e4800000) (1024K)]
  0x0000022677f33e40 WorkerThread "GC Thread#7"                     [id=32616, stack(0x000000d5e4800000,0x000000d5e4900000) (1024K)]
  0x000002261297d410 ConcurrentGCThread "G1 Main Marker"            [id=25576, stack(0x000000d5e2d00000,0x000000d5e2e00000) (1024K)]
  0x000002262efd0820 WorkerThread "G1 Conc#0"                       [id=11824, stack(0x000000d5e2e00000,0x000000d5e2f00000) (1024K)]
  0x00000226780a6580 WorkerThread "G1 Conc#1"                       [id=40732, stack(0x000000d5e4a00000,0x000000d5e4b00000) (1024K)]
  0x000002262f072350 ConcurrentGCThread "G1 Refine#0"               [id=18124, stack(0x000000d5e2f00000,0x000000d5e3000000) (1024K)]
  0x000002262f072ec0 ConcurrentGCThread "G1 Service"                [id=38020, stack(0x000000d5e3000000,0x000000d5e3100000) (1024K)]
Total: 15

Threads with active compile tasks:
C2 CompilerThread1  1872316 12391       4       org.springframework.core.ResolvableType::as (86 bytes)
Total: 1

VM state: not at safepoint (normal execution)

VM Mutex/Monitor currently owned by a thread: None

Heap address: 0x0000000702200000, size: 4062 MB, Compressed Oops mode: Zero based, Oop shift amount: 3

CDS archive(s) mapped at: [0x0000022632000000-0x0000022632c90000-0x0000022632c90000), size 13172736, SharedBaseAddress: 0x0000022632000000, ArchiveRelocationMode: 1.
Compressed class space mapped at: 0x0000022633000000-0x0000022673000000, reserved size: 1073741824
Narrow klass base: 0x0000022632000000, Narrow klass shift: 0, Narrow klass range: 0x100000000

GC Precious Log:
 CardTable entry size: 512
 Card Set container configuration: InlinePtr #cards 4 size 8 Array Of Cards #cards 16 size 48 Howl #buckets 8 coarsen threshold 3686 Howl Bitmap #cards 512 size 80 coarsen threshold 460 Card regions per heap region 1 cards per card region 4096
 CPUs: 8 total, 8 available
 Memory: 16242M
 Large Page Support: Disabled
 NUMA Support: Disabled
 Compressed Oops: Enabled (Zero based)
 Heap Region Size: 2M
 Heap Min Capacity: 8M
 Heap Initial Capacity: 254M
 Heap Max Capacity: 4062M
 Pre-touch: Disabled
 Parallel Workers: 8
 Concurrent Workers: 2
 Concurrent Refinement Workers: 8
 Periodic GC: Disabled

Heap:
 garbage-first heap   total 299008K, used 140341K [0x0000000702200000, 0x0000000800000000)
  region size 2048K, 16 young (32768K), 4 survivors (8192K)
 Metaspace       used 88559K, committed 89408K, reserved 1179648K
  class space    used 11730K, committed 12160K, reserved 1048576K

Heap Regions: E=young(eden), S=young(survivor), O=old, HS=humongous(starts), HC=humongous(continues), CS=collection set, F=free, TAMS=top-at-mark-start, PB=parsable bottom
|   0|0x0000000702200000, 0x0000000702400000, 0x0000000702400000|100%| O|  |TAMS 0x0000000702200000| PB 0x0000000702200000| Untracked 
|   1|0x0000000702400000, 0x0000000702600000, 0x0000000702600000|100%| O|  |TAMS 0x0000000702400000| PB 0x0000000702400000| Untracked 
|   2|0x0000000702600000, 0x0000000702800000, 0x0000000702800000|100%| O|  |TAMS 0x0000000702600000| PB 0x0000000702600000| Untracked 
|   3|0x0000000702800000, 0x0000000702a00000, 0x0000000702a00000|100%| O|  |TAMS 0x0000000702800000| PB 0x0000000702800000| Untracked 
|   4|0x0000000702a00000, 0x0000000702c00000, 0x0000000702c00000|100%| O|  |TAMS 0x0000000702a00000| PB 0x0000000702a00000| Untracked 
|   5|0x0000000702c00000, 0x0000000702e00000, 0x0000000702e00000|100%| O|  |TAMS 0x0000000702c00000| PB 0x0000000702c00000| Untracked 
|   6|0x0000000702e00000, 0x0000000703000000, 0x0000000703000000|100%| O|  |TAMS 0x0000000702e00000| PB 0x0000000702e00000| Untracked 
|   7|0x0000000703000000, 0x0000000703200000, 0x0000000703200000|100%| O|  |TAMS 0x0000000703000000| PB 0x0000000703000000| Untracked 
|   8|0x0000000703200000, 0x0000000703400000, 0x0000000703400000|100%| O|  |TAMS 0x0000000703200000| PB 0x0000000703200000| Untracked 
|   9|0x0000000703400000, 0x0000000703600000, 0x0000000703600000|100%| O|  |TAMS 0x0000000703400000| PB 0x0000000703400000| Untracked 
|  10|0x0000000703600000, 0x0000000703800000, 0x0000000703800000|100%| O|  |TAMS 0x0000000703600000| PB 0x0000000703600000| Untracked 
|  11|0x0000000703800000, 0x0000000703a00000, 0x0000000703a00000|100%| O|  |TAMS 0x0000000703800000| PB 0x0000000703800000| Untracked 
|  12|0x0000000703a00000, 0x0000000703c00000, 0x0000000703c00000|100%| O|  |TAMS 0x0000000703a00000| PB 0x0000000703a00000| Untracked 
|  13|0x0000000703c00000, 0x0000000703e00000, 0x0000000703e00000|100%| O|  |TAMS 0x0000000703c00000| PB 0x0000000703c00000| Untracked 
|  14|0x0000000703e00000, 0x0000000704000000, 0x0000000704000000|100%| O|  |TAMS 0x0000000703e00000| PB 0x0000000703e00000| Untracked 
|  15|0x0000000704000000, 0x000000070404fc58, 0x0000000704200000| 15%| O|  |TAMS 0x0000000704000000| PB 0x0000000704000000| Untracked 
|  16|0x0000000704200000, 0x0000000704400000, 0x0000000704400000|100%| O|Cm|TAMS 0x0000000704200000| PB 0x0000000704200000| Complete 
|  17|0x0000000704400000, 0x0000000704600000, 0x0000000704600000|100%| O|Cm|TAMS 0x0000000704400000| PB 0x0000000704400000| Complete 
|  18|0x0000000704600000, 0x0000000704800000, 0x0000000704800000|100%| O|  |TAMS 0x0000000704600000| PB 0x0000000704600000| Untracked 
|  19|0x0000000704800000, 0x0000000704a00000, 0x0000000704a00000|100%| O|Cm|TAMS 0x0000000704800000| PB 0x0000000704800000| Complete 
|  20|0x0000000704a00000, 0x0000000704c00000, 0x0000000704c00000|100%| O|Cm|TAMS 0x0000000704a00000| PB 0x0000000704a00000| Complete 
|  21|0x0000000704c00000, 0x0000000704c00000, 0x0000000704e00000|  0%| F|  |TAMS 0x0000000704c00000| PB 0x0000000704c00000| Untracked 
|  22|0x0000000704e00000, 0x0000000705000000, 0x0000000705000000|100%| O|Cm|TAMS 0x0000000704e00000| PB 0x0000000704e00000| Complete 
|  23|0x0000000705000000, 0x0000000705200000, 0x0000000705200000|100%| O|Cm|TAMS 0x0000000705000000| PB 0x0000000705000000| Complete 
|  24|0x0000000705200000, 0x0000000705200000, 0x0000000705400000|  0%| F|  |TAMS 0x0000000705200000| PB 0x0000000705200000| Untracked 
|  25|0x0000000705400000, 0x0000000705600000, 0x0000000705600000|100%| O|Cm|TAMS 0x0000000705400000| PB 0x0000000705400000| Complete 
|  26|0x0000000705600000, 0x0000000705800000, 0x0000000705800000|100%| O|Cm|TAMS 0x0000000705600000| PB 0x0000000705600000| Complete 
|  27|0x0000000705800000, 0x0000000705a00000, 0x0000000705a00000|100%|HS|  |TAMS 0x0000000705800000| PB 0x0000000705800000| Complete 
|  28|0x0000000705a00000, 0x0000000705c00000, 0x0000000705c00000|100%|HC|  |TAMS 0x0000000705a00000| PB 0x0000000705a00000| Complete 
|  29|0x0000000705c00000, 0x0000000705e00000, 0x0000000705e00000|100%| O|Cm|TAMS 0x0000000705c00000| PB 0x0000000705c00000| Complete 
|  30|0x0000000705e00000, 0x0000000705e00000, 0x0000000706000000|  0%| F|  |TAMS 0x0000000705e00000| PB 0x0000000705e00000| Untracked 
|  31|0x0000000706000000, 0x0000000706200000, 0x0000000706200000|100%| O|  |TAMS 0x0000000706000000| PB 0x0000000706000000| Untracked 
|  32|0x0000000706200000, 0x0000000706400000, 0x0000000706400000|100%|HS|  |TAMS 0x0000000706200000| PB 0x0000000706200000| Complete 
|  33|0x0000000706400000, 0x0000000706600000, 0x0000000706600000|100%|HC|  |TAMS 0x0000000706400000| PB 0x0000000706400000| Complete 
|  34|0x0000000706600000, 0x0000000706800000, 0x0000000706800000|100%|HS|  |TAMS 0x0000000706600000| PB 0x0000000706600000| Complete 
|  35|0x0000000706800000, 0x0000000706a00000, 0x0000000706a00000|100%|HC|  |TAMS 0x0000000706800000| PB 0x0000000706800000| Complete 
|  36|0x0000000706a00000, 0x0000000706c00000, 0x0000000706c00000|100%|HS|  |TAMS 0x0000000706a00000| PB 0x0000000706a00000| Complete 
|  37|0x0000000706c00000, 0x0000000706e00000, 0x0000000706e00000|100%|HC|  |TAMS 0x0000000706c00000| PB 0x0000000706c00000| Complete 
|  38|0x0000000706e00000, 0x0000000706e00000, 0x0000000707000000|  0%| F|  |TAMS 0x0000000706e00000| PB 0x0000000706e00000| Untracked 
|  39|0x0000000707000000, 0x0000000707200000, 0x0000000707200000|100%| O|  |TAMS 0x0000000707000000| PB 0x0000000707000000| Untracked 
|  40|0x0000000707200000, 0x0000000707200000, 0x0000000707400000|  0%| F|  |TAMS 0x0000000707200000| PB 0x0000000707200000| Untracked 
|  41|0x0000000707400000, 0x0000000707400000, 0x0000000707600000|  0%| F|  |TAMS 0x0000000707400000| PB 0x0000000707400000| Untracked 
|  42|0x0000000707600000, 0x0000000707600000, 0x0000000707800000|  0%| F|  |TAMS 0x0000000707600000| PB 0x0000000707600000| Untracked 
|  43|0x0000000707800000, 0x0000000707800000, 0x0000000707a00000|  0%| F|  |TAMS 0x0000000707800000| PB 0x0000000707800000| Untracked 
|  44|0x0000000707a00000, 0x0000000707c00000, 0x0000000707c00000|100%| O|Cm|TAMS 0x0000000707a00000| PB 0x0000000707a00000| Complete 
|  45|0x0000000707c00000, 0x0000000707e00000, 0x0000000707e00000|100%| O|Cm|TAMS 0x0000000707c00000| PB 0x0000000707c00000| Complete 
|  46|0x0000000707e00000, 0x0000000708000000, 0x0000000708000000|100%| O|Cm|TAMS 0x0000000707e00000| PB 0x0000000707e00000| Complete 
|  47|0x0000000708000000, 0x0000000708200000, 0x0000000708200000|100%| O|Cm|TAMS 0x0000000708000000| PB 0x0000000708000000| Complete 
|  48|0x0000000708200000, 0x0000000708200000, 0x0000000708400000|  0%| F|  |TAMS 0x0000000708200000| PB 0x0000000708200000| Untracked 
|  49|0x0000000708400000, 0x0000000708600000, 0x0000000708600000|100%| O|Cm|TAMS 0x0000000708400000| PB 0x0000000708400000| Complete 
|  50|0x0000000708600000, 0x0000000708800000, 0x0000000708800000|100%| O|Cm|TAMS 0x0000000708600000| PB 0x0000000708600000| Complete 
|  51|0x0000000708800000, 0x0000000708800000, 0x0000000708a00000|  0%| F|  |TAMS 0x0000000708800000| PB 0x0000000708800000| Untracked 
|  52|0x0000000708a00000, 0x0000000708c00000, 0x0000000708c00000|100%| O|Cm|TAMS 0x0000000708a00000| PB 0x0000000708a00000| Complete 
|  53|0x0000000708c00000, 0x0000000708e00000, 0x0000000708e00000|100%| O|Cm|TAMS 0x0000000708c00000| PB 0x0000000708c00000| Complete 
|  54|0x0000000708e00000, 0x0000000708e00000, 0x0000000709000000|  0%| F|  |TAMS 0x0000000708e00000| PB 0x0000000708e00000| Untracked 
|  55|0x0000000709000000, 0x0000000709000000, 0x0000000709200000|  0%| F|  |TAMS 0x0000000709000000| PB 0x0000000709000000| Untracked 
|  56|0x0000000709200000, 0x0000000709400000, 0x0000000709400000|100%| O|Cm|TAMS 0x0000000709200000| PB 0x0000000709200000| Complete 
|  57|0x0000000709400000, 0x0000000709400000, 0x0000000709600000|  0%| F|  |TAMS 0x0000000709400000| PB 0x0000000709400000| Untracked 
|  58|0x0000000709600000, 0x0000000709800000, 0x0000000709800000|100%| O|Cm|TAMS 0x0000000709600000| PB 0x0000000709600000| Complete 
|  59|0x0000000709800000, 0x0000000709a00000, 0x0000000709a00000|100%| O|  |TAMS 0x0000000709800000| PB 0x0000000709800000| Untracked 
|  60|0x0000000709a00000, 0x0000000709c00000, 0x0000000709c00000|100%| O|  |TAMS 0x0000000709a00000| PB 0x0000000709a00000| Untracked 
|  61|0x0000000709c00000, 0x0000000709e00000, 0x0000000709e00000|100%| O|  |TAMS 0x0000000709c00000| PB 0x0000000709c00000| Untracked 
|  62|0x0000000709e00000, 0x000000070a000000, 0x000000070a000000|100%| O|Cm|TAMS 0x0000000709e00000| PB 0x0000000709e00000| Complete 
|  63|0x000000070a000000, 0x000000070a200000, 0x000000070a200000|100%| O|  |TAMS 0x000000070a000000| PB 0x000000070a000000| Untracked 
|  64|0x000000070a200000, 0x000000070a400000, 0x000000070a400000|100%| O|Cm|TAMS 0x000000070a200000| PB 0x000000070a200000| Complete 
|  65|0x000000070a400000, 0x000000070a400000, 0x000000070a600000|  0%| F|  |TAMS 0x000000070a400000| PB 0x000000070a400000| Untracked 
|  66|0x000000070a600000, 0x000000070a800000, 0x000000070a800000|100%| O|Cm|TAMS 0x000000070a600000| PB 0x000000070a600000| Complete 
|  67|0x000000070a800000, 0x000000070a800000, 0x000000070aa00000|  0%| F|  |TAMS 0x000000070a800000| PB 0x000000070a800000| Untracked 
|  68|0x000000070aa00000, 0x000000070aa00000, 0x000000070ac00000|  0%| F|  |TAMS 0x000000070aa00000| PB 0x000000070aa00000| Untracked 
|  69|0x000000070ac00000, 0x000000070ac00000, 0x000000070ae00000|  0%| F|  |TAMS 0x000000070ac00000| PB 0x000000070ac00000| Untracked 
|  70|0x000000070ae00000, 0x000000070ae00000, 0x000000070b000000|  0%| F|  |TAMS 0x000000070ae00000| PB 0x000000070ae00000| Untracked 
|  71|0x000000070b000000, 0x000000070b000000, 0x000000070b200000|  0%| F|  |TAMS 0x000000070b000000| PB 0x000000070b000000| Untracked 
|  72|0x000000070b200000, 0x000000070b200000, 0x000000070b400000|  0%| F|  |TAMS 0x000000070b200000| PB 0x000000070b200000| Untracked 
|  73|0x000000070b400000, 0x000000070b400000, 0x000000070b600000|  0%| F|  |TAMS 0x000000070b400000| PB 0x000000070b400000| Untracked 
|  74|0x000000070b600000, 0x000000070b600000, 0x000000070b800000|  0%| F|  |TAMS 0x000000070b600000| PB 0x000000070b600000| Untracked 
|  75|0x000000070b800000, 0x000000070b800000, 0x000000070ba00000|  0%| F|  |TAMS 0x000000070b800000| PB 0x000000070b800000| Untracked 
|  76|0x000000070ba00000, 0x000000070ba00000, 0x000000070bc00000|  0%| F|  |TAMS 0x000000070ba00000| PB 0x000000070ba00000| Untracked 
|  77|0x000000070bc00000, 0x000000070bc00000, 0x000000070be00000|  0%| F|  |TAMS 0x000000070bc00000| PB 0x000000070bc00000| Untracked 
|  78|0x000000070be00000, 0x000000070be00000, 0x000000070c000000|  0%| F|  |TAMS 0x000000070be00000| PB 0x000000070be00000| Untracked 
|  79|0x000000070c000000, 0x000000070c000000, 0x000000070c200000|  0%| F|  |TAMS 0x000000070c000000| PB 0x000000070c000000| Untracked 
|  80|0x000000070c200000, 0x000000070c400000, 0x000000070c400000|100%| O|  |TAMS 0x000000070c200000| PB 0x000000070c200000| Untracked 
|  81|0x000000070c400000, 0x000000070c400000, 0x000000070c600000|  0%| F|  |TAMS 0x000000070c400000| PB 0x000000070c400000| Untracked 
|  82|0x000000070c600000, 0x000000070c600000, 0x000000070c800000|  0%| F|  |TAMS 0x000000070c600000| PB 0x000000070c600000| Untracked 
|  83|0x000000070c800000, 0x000000070c800000, 0x000000070ca00000|  0%| F|  |TAMS 0x000000070c800000| PB 0x000000070c800000| Untracked 
|  84|0x000000070ca00000, 0x000000070ca00000, 0x000000070cc00000|  0%| F|  |TAMS 0x000000070ca00000| PB 0x000000070ca00000| Untracked 
|  85|0x000000070cc00000, 0x000000070ccbdba0, 0x000000070ce00000| 37%| S|CS|TAMS 0x000000070cc00000| PB 0x000000070cc00000| Complete 
|  86|0x000000070ce00000, 0x000000070d000000, 0x000000070d000000|100%| S|CS|TAMS 0x000000070ce00000| PB 0x000000070ce00000| Complete 
|  87|0x000000070d000000, 0x000000070d200000, 0x000000070d200000|100%| S|CS|TAMS 0x000000070d000000| PB 0x000000070d000000| Complete 
|  88|0x000000070d200000, 0x000000070d400000, 0x000000070d400000|100%| S|CS|TAMS 0x000000070d200000| PB 0x000000070d200000| Complete 
|  89|0x000000070d400000, 0x000000070d400000, 0x000000070d600000|  0%| F|  |TAMS 0x000000070d400000| PB 0x000000070d400000| Untracked 
|  90|0x000000070d600000, 0x000000070d600000, 0x000000070d800000|  0%| F|  |TAMS 0x000000070d600000| PB 0x000000070d600000| Untracked 
|  91|0x000000070d800000, 0x000000070d800000, 0x000000070da00000|  0%| F|  |TAMS 0x000000070d800000| PB 0x000000070d800000| Untracked 
|  92|0x000000070da00000, 0x000000070da00000, 0x000000070dc00000|  0%| F|  |TAMS 0x000000070da00000| PB 0x000000070da00000| Untracked 
|  93|0x000000070dc00000, 0x000000070dc00000, 0x000000070de00000|  0%| F|  |TAMS 0x000000070dc00000| PB 0x000000070dc00000| Untracked 
|  94|0x000000070de00000, 0x000000070de00000, 0x000000070e000000|  0%| F|  |TAMS 0x000000070de00000| PB 0x000000070de00000| Untracked 
|  95|0x000000070e000000, 0x000000070e000000, 0x000000070e200000|  0%| F|  |TAMS 0x000000070e000000| PB 0x000000070e000000| Untracked 
|  96|0x000000070e200000, 0x000000070e200000, 0x000000070e400000|  0%| F|  |TAMS 0x000000070e200000| PB 0x000000070e200000| Untracked 
|  97|0x000000070e400000, 0x000000070e400000, 0x000000070e600000|  0%| F|  |TAMS 0x000000070e400000| PB 0x000000070e400000| Untracked 
|  98|0x000000070e600000, 0x000000070e600000, 0x000000070e800000|  0%| F|  |TAMS 0x000000070e600000| PB 0x000000070e600000| Untracked 
|  99|0x000000070e800000, 0x000000070e800000, 0x000000070ea00000|  0%| F|  |TAMS 0x000000070e800000| PB 0x000000070e800000| Untracked 
| 100|0x000000070ea00000, 0x000000070ea00000, 0x000000070ec00000|  0%| F|  |TAMS 0x000000070ea00000| PB 0x000000070ea00000| Untracked 
| 101|0x000000070ec00000, 0x000000070ec00000, 0x000000070ee00000|  0%| F|  |TAMS 0x000000070ec00000| PB 0x000000070ec00000| Untracked 
| 102|0x000000070ee00000, 0x000000070ee00000, 0x000000070f000000|  0%| F|  |TAMS 0x000000070ee00000| PB 0x000000070ee00000| Untracked 
| 103|0x000000070f000000, 0x000000070f000000, 0x000000070f200000|  0%| F|  |TAMS 0x000000070f000000| PB 0x000000070f000000| Untracked 
| 104|0x000000070f200000, 0x000000070f200000, 0x000000070f400000|  0%| F|  |TAMS 0x000000070f200000| PB 0x000000070f200000| Untracked 
| 105|0x000000070f400000, 0x000000070f400000, 0x000000070f600000|  0%| F|  |TAMS 0x000000070f400000| PB 0x000000070f400000| Untracked 
| 106|0x000000070f600000, 0x000000070f600000, 0x000000070f800000|  0%| F|  |TAMS 0x000000070f600000| PB 0x000000070f600000| Untracked 
| 107|0x000000070f800000, 0x000000070f800000, 0x000000070fa00000|  0%| F|  |TAMS 0x000000070f800000| PB 0x000000070f800000| Untracked 
| 108|0x000000070fa00000, 0x000000070fa00000, 0x000000070fc00000|  0%| F|  |TAMS 0x000000070fa00000| PB 0x000000070fa00000| Untracked 
| 109|0x000000070fc00000, 0x000000070fc00000, 0x000000070fe00000|  0%| F|  |TAMS 0x000000070fc00000| PB 0x000000070fc00000| Untracked 
| 110|0x000000070fe00000, 0x000000070fe00000, 0x0000000710000000|  0%| F|  |TAMS 0x000000070fe00000| PB 0x000000070fe00000| Untracked 
| 111|0x0000000710000000, 0x0000000710000000, 0x0000000710200000|  0%| F|  |TAMS 0x0000000710000000| PB 0x0000000710000000| Untracked 
| 112|0x0000000710200000, 0x0000000710200000, 0x0000000710400000|  0%| F|  |TAMS 0x0000000710200000| PB 0x0000000710200000| Untracked 
| 113|0x0000000710400000, 0x0000000710400000, 0x0000000710600000|  0%| F|  |TAMS 0x0000000710400000| PB 0x0000000710400000| Untracked 
| 114|0x0000000710600000, 0x0000000710600000, 0x0000000710800000|  0%| F|  |TAMS 0x0000000710600000| PB 0x0000000710600000| Untracked 
| 115|0x0000000710800000, 0x0000000710800000, 0x0000000710a00000|  0%| F|  |TAMS 0x0000000710800000| PB 0x0000000710800000| Untracked 
| 116|0x0000000710a00000, 0x0000000710a00000, 0x0000000710c00000|  0%| F|  |TAMS 0x0000000710a00000| PB 0x0000000710a00000| Untracked 
| 117|0x0000000710c00000, 0x0000000710c00000, 0x0000000710e00000|  0%| F|  |TAMS 0x0000000710c00000| PB 0x0000000710c00000| Untracked 
| 118|0x0000000710e00000, 0x0000000710e00000, 0x0000000711000000|  0%| F|  |TAMS 0x0000000710e00000| PB 0x0000000710e00000| Untracked 
| 119|0x0000000711000000, 0x0000000711000000, 0x0000000711200000|  0%| F|  |TAMS 0x0000000711000000| PB 0x0000000711000000| Untracked 
| 120|0x0000000711200000, 0x0000000711200000, 0x0000000711400000|  0%| F|  |TAMS 0x0000000711200000| PB 0x0000000711200000| Untracked 
| 121|0x0000000711400000, 0x0000000711400000, 0x0000000711600000|  0%| F|  |TAMS 0x0000000711400000| PB 0x0000000711400000| Untracked 
| 122|0x0000000711600000, 0x0000000711600000, 0x0000000711800000|  0%| F|  |TAMS 0x0000000711600000| PB 0x0000000711600000| Untracked 
| 123|0x0000000711800000, 0x0000000711800000, 0x0000000711a00000|  0%| F|  |TAMS 0x0000000711800000| PB 0x0000000711800000| Untracked 
| 124|0x0000000711a00000, 0x0000000711a00000, 0x0000000711c00000|  0%| F|  |TAMS 0x0000000711a00000| PB 0x0000000711a00000| Untracked 
| 125|0x0000000711c00000, 0x0000000711c00000, 0x0000000711e00000|  0%| F|  |TAMS 0x0000000711c00000| PB 0x0000000711c00000| Untracked 
| 126|0x0000000711e00000, 0x0000000711e00000, 0x0000000712000000|  0%| F|  |TAMS 0x0000000711e00000| PB 0x0000000711e00000| Untracked 
| 127|0x0000000712000000, 0x0000000712000000, 0x0000000712200000|  0%| F|  |TAMS 0x0000000712000000| PB 0x0000000712000000| Untracked 
| 128|0x0000000712200000, 0x0000000712200000, 0x0000000712400000|  0%| F|  |TAMS 0x0000000712200000| PB 0x0000000712200000| Untracked 
| 129|0x0000000712400000, 0x0000000712400000, 0x0000000712600000|  0%| F|  |TAMS 0x0000000712400000| PB 0x0000000712400000| Untracked 
| 130|0x0000000712600000, 0x0000000712600000, 0x0000000712800000|  0%| F|  |TAMS 0x0000000712600000| PB 0x0000000712600000| Untracked 
| 131|0x0000000712800000, 0x0000000712800000, 0x0000000712a00000|  0%| F|  |TAMS 0x0000000712800000| PB 0x0000000712800000| Untracked 
| 132|0x0000000712a00000, 0x0000000712a00000, 0x0000000712c00000|  0%| F|  |TAMS 0x0000000712a00000| PB 0x0000000712a00000| Untracked 
| 133|0x0000000712c00000, 0x0000000712d00200, 0x0000000712e00000| 50%| E|  |TAMS 0x0000000712c00000| PB 0x0000000712c00000| Complete 
| 134|0x0000000712e00000, 0x0000000713000000, 0x0000000713000000|100%| E|CS|TAMS 0x0000000712e00000| PB 0x0000000712e00000| Complete 
| 135|0x0000000713000000, 0x0000000713200000, 0x0000000713200000|100%| E|CS|TAMS 0x0000000713000000| PB 0x0000000713000000| Complete 
| 136|0x0000000713200000, 0x0000000713400000, 0x0000000713400000|100%| E|CS|TAMS 0x0000000713200000| PB 0x0000000713200000| Complete 
| 137|0x0000000713400000, 0x0000000713600000, 0x0000000713600000|100%| E|CS|TAMS 0x0000000713400000| PB 0x0000000713400000| Complete 
| 138|0x0000000713600000, 0x0000000713800000, 0x0000000713800000|100%| E|CS|TAMS 0x0000000713600000| PB 0x0000000713600000| Complete 
| 139|0x0000000713800000, 0x0000000713a00000, 0x0000000713a00000|100%| E|CS|TAMS 0x0000000713800000| PB 0x0000000713800000| Complete 
| 140|0x0000000713a00000, 0x0000000713c00000, 0x0000000713c00000|100%| E|CS|TAMS 0x0000000713a00000| PB 0x0000000713a00000| Complete 
| 141|0x0000000713c00000, 0x0000000713e00000, 0x0000000713e00000|100%| E|CS|TAMS 0x0000000713c00000| PB 0x0000000713c00000| Complete 
| 142|0x0000000713e00000, 0x0000000714000000, 0x0000000714000000|100%| E|CS|TAMS 0x0000000713e00000| PB 0x0000000713e00000| Complete 
| 143|0x0000000714000000, 0x0000000714200000, 0x0000000714200000|100%| E|CS|TAMS 0x0000000714000000| PB 0x0000000714000000| Complete 
|2029|0x00000007ffc00000, 0x00000007ffe00000, 0x00000007ffe00000|100%| O|  |TAMS 0x00000007ffc00000| PB 0x00000007ffc00000| Untracked 
|2030|0x00000007ffe00000, 0x0000000800000000, 0x0000000800000000|100%| E|CS|TAMS 0x00000007ffe00000| PB 0x00000007ffe00000| Complete 

Card table byte_map: [0x000002262a860000,0x000002262b050000] _byte_map_base: 0x000002262704f000

Marking Bits: (CMBitMap*) 0x000002261292e420
 Bits: [0x000002262b050000, 0x000002262efc8000)

Polling page: 0x00000226107d0000

Metaspace:

Usage:
  Non-class:     75.03 MB used.
      Class:     11.46 MB used.
       Both:     86.48 MB used.

Virtual space:
  Non-class space:      128.00 MB reserved,      75.44 MB ( 59%) committed,  2 nodes.
      Class space:        1.00 GB reserved,      11.88 MB (  1%) committed,  1 nodes.
             Both:        1.12 GB reserved,      87.31 MB (  8%) committed. 

Chunk freelists:
   Non-Class:  4.38 MB
       Class:  4.17 MB
        Both:  8.55 MB

MaxMetaspaceSize: unlimited
CompressedClassSpaceSize: 1.00 GB
Initial GC threshold: 21.00 MB
Current GC threshold: 138.25 MB
CDS: on
 - commit_granule_bytes: 65536.
 - commit_granule_words: 8192.
 - virtual_space_node_default_size: 8388608.
 - enlarge_chunks_in_place: 1.
 - use_allocation_guard: 0.


Internal statistics:

num_allocs_failed_limit: 9.
num_arena_births: 1194.
num_arena_deaths: 0.
num_vsnodes_births: 3.
num_vsnodes_deaths: 0.
num_space_committed: 1397.
num_space_uncommitted: 0.
num_chunks_returned_to_freelist: 9.
num_chunks_taken_from_freelist: 4393.
num_chunk_merges: 6.
num_chunk_splits: 3169.
num_chunks_enlarged: 2445.
num_inconsistent_stats: 0.

CodeHeap 'non-profiled nmethods': size=120000Kb used=7569Kb max_used=7569Kb free=112430Kb
 bounds [0x0000022622810000, 0x0000022622f80000, 0x0000022629d40000]
CodeHeap 'profiled nmethods': size=120000Kb used=23309Kb max_used=23309Kb free=96690Kb
 bounds [0x000002261ad40000, 0x000002261c410000, 0x0000022622270000]
CodeHeap 'non-nmethods': size=5760Kb used=1738Kb max_used=1813Kb free=4021Kb
 bounds [0x0000022622270000, 0x00000226224e0000, 0x0000022622810000]
 total_blobs=11992 nmethods=11238 adapters=657
 compilation: enabled
              stopped_count=0, restarted_count=0
 full_count=0

Compilation events (20 events):
Event: 1870.976 Thread 0x0000022631b9e740 nmethod 12430 0x000002261c3fda10 code [0x000002261c3fdd20, 0x000002261c3ff170]
Event: 1870.976 Thread 0x0000022631b9e740 12431       3       org.hibernate.query.sqm.tree.domain.AbstractSqmPath::getExplicitAlias (5 bytes)
Event: 1870.976 Thread 0x0000022631b9e740 nmethod 12431 0x000002261c3ff690 code [0x000002261c3ff820, 0x000002261c3ff9c8]
Event: 1870.976 Thread 0x0000022631b9e740 12432       3       org.springframework.util.MimeType::equalsTypeAndSubtype (40 bytes)
Event: 1870.977 Thread 0x0000022631b9e740 nmethod 12432 0x000002261c3ffa90 code [0x000002261c3ffc60, 0x000002261c3ffef8]
Event: 1870.982 Thread 0x0000022631b9e740 12433       3       org.springframework.data.jpa.repository.query.PartTreeJpaQuery$QueryPreparer::restrictMaxResultsIfNecessary (167 bytes)
Event: 1870.984 Thread 0x0000022631b9e740 nmethod 12433 0x000002261c400010 code [0x000002261c4003c0, 0x000002261c401fa8]
Event: 1870.998 Thread 0x0000022631b9e740 12434       3       org.springframework.core.MethodParameter::getParameterAnnotation (47 bytes)
Event: 1870.998 Thread 0x0000022631b9e740 nmethod 12434 0x000002261c402790 code [0x000002261c402960, 0x000002261c402cb8]
Event: 1870.998 Thread 0x0000022631b9e740 12435       3       java.util.List::of (9 bytes)
Event: 1870.999 Thread 0x0000022631b9e740 nmethod 12435 0x000002261c402e10 code [0x000002261c403000, 0x000002261c403558]
Event: 1871.023 Thread 0x0000022631b9c050 nmethod 12411 0x0000022622f6f390 code [0x0000022622f6f640, 0x0000022622f71380]
Event: 1871.024 Thread 0x0000022631b9c050 12423       4       java.util.concurrent.ConcurrentMap::computeIfAbsent (51 bytes)
Event: 1871.044 Thread 0x0000022631b9c050 nmethod 12423 0x0000022622f71e90 code [0x0000022622f72100, 0x0000022622f72ae0]
Event: 1871.044 Thread 0x0000022631b9c050 12387       4       com.mysql.cj.jdbc.StatementImpl::checkClosed (29 bytes)
Event: 1871.045 Thread 0x0000022631b9c050 nmethod 12387 0x0000022622f73410 code [0x0000022622f735a0, 0x0000022622f73650]
Event: 1871.045 Thread 0x0000022631b9c050 12351       4       sun.nio.cs.SingleByte$Encoder::encodeLoop (28 bytes)
Event: 1871.049 Thread 0x0000022631b9c050 nmethod 12351 0x0000022622f73710 code [0x0000022622f738e0, 0x0000022622f73e20]
Event: 1871.049 Thread 0x0000022631b9c050 12380       4       org.springframework.web.servlet.mvc.condition.AbstractRequestCondition::hashCode (10 bytes)
Event: 1871.050 Thread 0x0000022631b9c050 nmethod 12380 0x0000022622f74210 code [0x0000022622f743a0, 0x0000022622f74470]

GC Heap History (20 events):
Event: 10.160 GC heap before
{Heap before GC invocations=16 (full 0):
 garbage-first heap   total 112640K, used 91464K [0x0000000702200000, 0x0000000800000000)
  region size 2048K, 15 young (30720K), 3 survivors (6144K)
 Metaspace       used 68450K, committed 69120K, reserved 1114112K
  class space    used 9267K, committed 9536K, reserved 1048576K
}
Event: 10.166 GC heap after
{Heap after GC invocations=17 (full 0):
 garbage-first heap   total 112640K, used 69539K [0x0000000702200000, 0x0000000800000000)
  region size 2048K, 1 young (2048K), 1 survivors (2048K)
 Metaspace       used 68450K, committed 69120K, reserved 1114112K
  class space    used 9267K, committed 9536K, reserved 1048576K
}
Event: 10.365 GC heap before
{Heap before GC invocations=18 (full 0):
 garbage-first heap   total 161792K, used 94115K [0x0000000702200000, 0x0000000800000000)
  region size 2048K, 13 young (26624K), 1 survivors (2048K)
 Metaspace       used 69012K, committed 69696K, reserved 1114112K
  class space    used 9320K, committed 9600K, reserved 1048576K
}
Event: 10.366 GC heap after
{Heap after GC invocations=19 (full 0):
 garbage-first heap   total 161792K, used 69008K [0x0000000702200000, 0x0000000800000000)
  region size 2048K, 1 young (2048K), 1 survivors (2048K)
 Metaspace       used 69012K, committed 69696K, reserved 1114112K
  class space    used 9320K, committed 9600K, reserved 1048576K
}
Event: 10.653 GC heap before
{Heap before GC invocations=19 (full 0):
 garbage-first heap   total 161792K, used 128400K [0x0000000702200000, 0x0000000800000000)
  region size 2048K, 30 young (61440K), 1 survivors (2048K)
 Metaspace       used 70166K, committed 70848K, reserved 1114112K
  class space    used 9642K, committed 9920K, reserved 1048576K
}
Event: 10.657 GC heap after
{Heap after GC invocations=20 (full 0):
 garbage-first heap   total 161792K, used 69958K [0x0000000702200000, 0x0000000800000000)
  region size 2048K, 2 young (4096K), 2 survivors (4096K)
 Metaspace       used 70166K, committed 70848K, reserved 1114112K
  class space    used 9642K, committed 9920K, reserved 1048576K
}
Event: 10.778 GC heap before
{Heap before GC invocations=20 (full 0):
 garbage-first heap   total 161792K, used 131398K [0x0000000702200000, 0x0000000800000000)
  region size 2048K, 32 young (65536K), 2 survivors (4096K)
 Metaspace       used 70169K, committed 70848K, reserved 1114112K
  class space    used 9642K, committed 9920K, reserved 1048576K
}
Event: 10.794 GC heap after
{Heap after GC invocations=21 (full 0):
 garbage-first heap   total 299008K, used 92734K [0x0000000702200000, 0x0000000800000000)
  region size 2048K, 4 young (8192K), 4 survivors (8192K)
 Metaspace       used 70169K, committed 70848K, reserved 1114112K
  class space    used 9642K, committed 9920K, reserved 1048576K
}
Event: 10.843 GC heap before
{Heap before GC invocations=21 (full 0):
 garbage-first heap   total 299008K, used 119358K [0x0000000702200000, 0x0000000800000000)
  region size 2048K, 18 young (36864K), 4 survivors (8192K)
 Metaspace       used 70169K, committed 70848K, reserved 1114112K
  class space    used 9642K, committed 9920K, reserved 1048576K
}
Event: 10.857 GC heap after
{Heap after GC invocations=22 (full 0):
 garbage-first heap   total 299008K, used 105351K [0x0000000702200000, 0x0000000800000000)
  region size 2048K, 10 young (20480K), 10 survivors (20480K)
 Metaspace       used 70169K, committed 70848K, reserved 1114112K
  class space    used 9642K, committed 9920K, reserved 1048576K
}
Event: 11.117 GC heap before
{Heap before GC invocations=23 (full 0):
 garbage-first heap   total 299008K, used 222087K [0x0000000702200000, 0x0000000800000000)
  region size 2048K, 64 young (131072K), 10 survivors (20480K)
 Metaspace       used 70170K, committed 70848K, reserved 1114112K
  class space    used 9642K, committed 9920K, reserved 1048576K
}
Event: 11.149 GC heap after
{Heap after GC invocations=24 (full 0):
 garbage-first heap   total 299008K, used 148124K [0x0000000702200000, 0x0000000800000000)
  region size 2048K, 8 young (16384K), 8 survivors (16384K)
 Metaspace       used 70170K, committed 70848K, reserved 1114112K
  class space    used 9642K, committed 9920K, reserved 1048576K
}
Event: 11.434 GC heap before
{Heap before GC invocations=24 (full 0):
 garbage-first heap   total 299008K, used 221852K [0x0000000702200000, 0x0000000800000000)
  region size 2048K, 44 young (90112K), 8 survivors (16384K)
 Metaspace       used 71933K, committed 72576K, reserved 1114112K
  class space    used 9868K, committed 10176K, reserved 1048576K
}
Event: 11.449 GC heap after
{Heap after GC invocations=25 (full 0):
 garbage-first heap   total 299008K, used 153514K [0x0000000702200000, 0x0000000800000000)
  region size 2048K, 2 young (4096K), 2 survivors (4096K)
 Metaspace       used 71933K, committed 72576K, reserved 1114112K
  class space    used 9868K, committed 10176K, reserved 1048576K
}
Event: 47.261 GC heap before
{Heap before GC invocations=25 (full 0):
 garbage-first heap   total 299008K, used 227242K [0x0000000702200000, 0x0000000800000000)
  region size 2048K, 39 young (79872K), 2 survivors (4096K)
 Metaspace       used 84100K, committed 84864K, reserved 1179648K
  class space    used 11602K, committed 11904K, reserved 1048576K
}
Event: 47.271 GC heap after
{Heap after GC invocations=26 (full 0):
 garbage-first heap   total 299008K, used 157945K [0x0000000702200000, 0x0000000800000000)
  region size 2048K, 4 young (8192K), 4 survivors (8192K)
 Metaspace       used 84100K, committed 84864K, reserved 1179648K
  class space    used 11602K, committed 11904K, reserved 1048576K
}
Event: 774.481 GC heap before
{Heap before GC invocations=27 (full 0):
 garbage-first heap   total 299008K, used 258297K [0x0000000702200000, 0x0000000800000000)
  region size 2048K, 44 young (90112K), 4 survivors (8192K)
 Metaspace       used 86569K, committed 87360K, reserved 1179648K
  class space    used 11689K, committed 12096K, reserved 1048576K
}
Event: 774.488 GC heap after
{Heap after GC invocations=28 (full 0):
 garbage-first heap   total 299008K, used 131952K [0x0000000702200000, 0x0000000800000000)
  region size 2048K, 4 young (8192K), 4 survivors (8192K)
 Metaspace       used 86569K, committed 87360K, reserved 1179648K
  class space    used 11689K, committed 12096K, reserved 1048576K
}
Event: 1754.492 GC heap before
{Heap before GC invocations=28 (full 0):
 garbage-first heap   total 299008K, used 277360K [0x0000000702200000, 0x0000000800000000)
  region size 2048K, 56 young (114688K), 4 survivors (8192K)
 Metaspace       used 88038K, committed 88896K, reserved 1179648K
  class space    used 11726K, committed 12160K, reserved 1048576K
}
Event: 1754.500 GC heap after
{Heap after GC invocations=29 (full 0):
 garbage-first heap   total 299008K, used 101429K [0x0000000702200000, 0x0000000800000000)
  region size 2048K, 4 young (8192K), 4 survivors (8192K)
 Metaspace       used 88038K, committed 88896K, reserved 1179648K
  class space    used 11726K, committed 12160K, reserved 1048576K
}

Dll operation events (14 events):
Event: 0.011 Loaded shared library C:\Program Files\Java\jdk-21\bin\java.dll
Event: 0.048 Loaded shared library C:\Program Files\Java\jdk-21\bin\jsvml.dll
Event: 0.168 Loaded shared library C:\Program Files\Java\jdk-21\bin\zip.dll
Event: 0.171 Loaded shared library C:\Program Files\Java\jdk-21\bin\instrument.dll
Event: 0.175 Loaded shared library C:\Program Files\Java\jdk-21\bin\net.dll
Event: 0.176 Loaded shared library C:\Program Files\Java\jdk-21\bin\nio.dll
Event: 0.181 Loaded shared library C:\Program Files\Java\jdk-21\bin\zip.dll
Event: 0.291 Loaded shared library C:\Users\pc\AppData\Local\JetBrains\IntelliJ IDEA Community Edition 2024.1.3\bin\breakgen64.dll
Event: 0.302 Loaded shared library C:\Program Files\Java\jdk-21\bin\extnet.dll
Event: 0.359 Loaded shared library C:\Program Files\Java\jdk-21\bin\jimage.dll
Event: 0.730 Loaded shared library C:\Program Files\Java\jdk-21\bin\management.dll
Event: 0.735 Loaded shared library C:\Program Files\Java\jdk-21\bin\management_ext.dll
Event: 2.458 Loaded shared library C:\Program Files\Java\jdk-21\bin\sunmscapi.dll
Event: 5.927 Loaded shared library C:\Program Files\Java\jdk-21\bin\verify.dll

Deoptimization events (20 events):
Event: 1768.030 Thread 0x0000022679c0a220 Uncommon trap: trap_request=0xffffff45 fr.pc=0x0000022622f2a914 relative=0x00000000000007d4
Event: 1768.030 Thread 0x0000022679c0a220 Uncommon trap: reason=unstable_if action=reinterpret pc=0x0000022622f2a914 method=com.mysql.cj.util.LazyString.createAndCacheString()Ljava/lang/String; @ 12 c2
Event: 1768.030 Thread 0x0000022679c0a220 DEOPT PACKING pc=0x0000022622f2a914 sp=0x000000d5e29fe6a0
Event: 1768.030 Thread 0x0000022679c0a220 DEOPT UNPACKING pc=0x00000226222c46a2 sp=0x000000d5e29fe698 mode 2
Event: 1768.032 Thread 0x0000022679c0a220 Uncommon trap: trap_request=0xffffff45 fr.pc=0x0000022622e86c5c relative=0x000000000000011c
Event: 1768.032 Thread 0x0000022679c0a220 Uncommon trap: reason=unstable_if action=reinterpret pc=0x0000022622e86c5c method=java.nio.charset.CharsetEncoder.encode(Ljava/nio/CharBuffer;Ljava/nio/ByteBuffer;Z)Ljava/nio/charset/CoderResult; @ 82 c2
Event: 1768.032 Thread 0x0000022679c0a220 DEOPT PACKING pc=0x0000022622e86c5c sp=0x000000d5e29fe790
Event: 1768.032 Thread 0x0000022679c0a220 DEOPT UNPACKING pc=0x00000226222c46a2 sp=0x000000d5e29fe738 mode 2
Event: 1772.459 Thread 0x0000022679c0a220 Uncommon trap: trap_request=0xffffffc6 fr.pc=0x0000022622e58888 relative=0x00000000000008c8
Event: 1772.459 Thread 0x0000022679c0a220 Uncommon trap: reason=bimorphic_or_optimized_type_check action=maybe_recompile pc=0x0000022622e58888 method=java.io.BufferedOutputStream.flushBuffer()V @ 20 c2
Event: 1772.459 Thread 0x0000022679c0a220 DEOPT PACKING pc=0x0000022622e58888 sp=0x000000d5e29fe590
Event: 1772.459 Thread 0x0000022679c0a220 DEOPT UNPACKING pc=0x00000226222c46a2 sp=0x000000d5e29fe490 mode 2
Event: 1772.607 Thread 0x0000022679c0a220 Uncommon trap: trap_request=0xffffffc6 fr.pc=0x0000022622e58888 relative=0x00000000000008c8
Event: 1772.607 Thread 0x0000022679c0a220 Uncommon trap: reason=bimorphic_or_optimized_type_check action=maybe_recompile pc=0x0000022622e58888 method=java.io.BufferedOutputStream.flushBuffer()V @ 20 c2
Event: 1772.607 Thread 0x0000022679c0a220 DEOPT PACKING pc=0x0000022622e58888 sp=0x000000d5e29fe590
Event: 1772.607 Thread 0x0000022679c0a220 DEOPT UNPACKING pc=0x00000226222c46a2 sp=0x000000d5e29fe490 mode 2
Event: 1773.518 Thread 0x0000022679c0a220 Uncommon trap: trap_request=0xffffffc6 fr.pc=0x0000022622e58888 relative=0x00000000000008c8
Event: 1773.518 Thread 0x0000022679c0a220 Uncommon trap: reason=bimorphic_or_optimized_type_check action=maybe_recompile pc=0x0000022622e58888 method=java.io.BufferedOutputStream.flushBuffer()V @ 20 c2
Event: 1773.518 Thread 0x0000022679c0a220 DEOPT PACKING pc=0x0000022622e58888 sp=0x000000d5e29fe590
Event: 1773.518 Thread 0x0000022679c0a220 DEOPT UNPACKING pc=0x00000226222c46a2 sp=0x000000d5e29fe490 mode 2

Classes loaded (20 events):
Event: 551.936 Loading class sun/net/ConnectionResetException
Event: 551.936 Loading class sun/net/ConnectionResetException done
Event: 745.375 Loading class sun/util/resources/LocaleData$CommonResourceBundleProvider
Event: 745.375 Loading class sun/util/resources/LocaleData$LocaleDataResourceBundleProvider
Event: 745.375 Loading class java/util/spi/ResourceBundleProvider
Event: 745.375 Loading class java/util/spi/ResourceBundleProvider done
Event: 745.375 Loading class sun/util/resources/LocaleData$LocaleDataResourceBundleProvider done
Event: 745.376 Loading class sun/util/resources/LocaleData$CommonResourceBundleProvider done
Event: 745.376 Loading class java/util/ArrayList$SubList$1
Event: 745.376 Loading class java/util/ArrayList$SubList$1 done
Event: 745.376 Loading class sun/util/resources/Bundles$2
Event: 745.376 Loading class sun/util/resources/Bundles$2 done
Event: 755.857 Loading class java/io/PushbackInputStream
Event: 755.858 Loading class java/io/PushbackInputStream done
Event: 1767.961 Loading class sun/security/ssl/Alert
Event: 1767.962 Loading class sun/security/ssl/Alert done
Event: 1767.963 Loading class sun/security/ssl/Alert$AlertConsumer
Event: 1767.964 Loading class sun/security/ssl/Alert$AlertConsumer done
Event: 1767.964 Loading class sun/security/ssl/Alert$Level
Event: 1767.964 Loading class sun/security/ssl/Alert$Level done

Classes unloaded (0 events):
No events

Classes redefined (0 events):
No events

Internal exceptions (20 events):
Event: 1786.353 Thread 0x0000022679c0af40 Exception <a 'java/io/IOException'{0x0000000714106470}> (0x0000000714106470) 
thrown [s\open\src\hotspot\share\prims\jni.cpp, line 520]
Event: 1792.137 Thread 0x00000226796ca210 Exception <a 'sun/nio/fs/WindowsException'{0x0000000713835610}> (0x0000000713835610) 
thrown [s\open\src\hotspot\share\prims\jni.cpp, line 520]
Event: 1792.167 Thread 0x00000226796c8140 Exception <a 'sun/nio/fs/WindowsException'{0x0000000713d7c1e0}> (0x0000000713d7c1e0) 
thrown [s\open\src\hotspot\share\prims\jni.cpp, line 520]
Event: 1792.186 Thread 0x00000226796c9b80 Exception <a 'sun/nio/fs/WindowsException'{0x0000000713cd9b78}> (0x0000000713cd9b78) 
thrown [s\open\src\hotspot\share\prims\jni.cpp, line 520]
Event: 1792.204 Thread 0x00000226796c7ab0 Exception <a 'sun/nio/fs/WindowsException'{0x00000007139558b8}> (0x00000007139558b8) 
thrown [s\open\src\hotspot\share\prims\jni.cpp, line 520]
Event: 1792.229 Thread 0x00000226796ca8a0 Exception <a 'sun/nio/fs/WindowsException'{0x00000007139aaf58}> (0x00000007139aaf58) 
thrown [s\open\src\hotspot\share\prims\jni.cpp, line 520]
Event: 1792.251 Thread 0x00000226784ed7b0 Exception <a 'sun/nio/fs/WindowsException'{0x0000000713630098}> (0x0000000713630098) 
thrown [s\open\src\hotspot\share\prims\jni.cpp, line 520]
Event: 1792.268 Thread 0x00000226796caf30 Exception <a 'sun/nio/fs/WindowsException'{0x0000000713a55940}> (0x0000000713a55940) 
thrown [s\open\src\hotspot\share\prims\jni.cpp, line 520]
Event: 1792.282 Thread 0x00000226796c87d0 Exception <a 'sun/nio/fs/WindowsException'{0x0000000713aabe20}> (0x0000000713aabe20) 
thrown [s\open\src\hotspot\share\prims\jni.cpp, line 520]
Event: 1792.293 Thread 0x00000226796ca210 Exception <a 'sun/nio/fs/WindowsException'{0x00000007136ca1e8}> (0x00000007136ca1e8) 
thrown [s\open\src\hotspot\share\prims\jni.cpp, line 520]
Event: 1802.797 Thread 0x0000022679c0a220 Exception <a 'java/net/SocketException'{0x0000000713402da8}: Connection reset by peer: shutdown> (0x0000000713402da8) 
thrown [s\open\src\hotspot\share\prims\jni.cpp, line 539]
Event: 1870.864 Thread 0x00000226796ca8a0 Exception <a 'sun/nio/fs/WindowsException'{0x0000000712e04f60}> (0x0000000712e04f60) 
thrown [s\open\src\hotspot\share\prims\jni.cpp, line 520]
Event: 1870.877 Thread 0x00000226796caf30 Exception <a 'sun/nio/fs/WindowsException'{0x0000000712e5b7c0}> (0x0000000712e5b7c0) 
thrown [s\open\src\hotspot\share\prims\jni.cpp, line 520]
Event: 1870.894 Thread 0x00000226796c94f0 Exception <a 'sun/nio/fs/WindowsException'{0x0000000712ed7420}> (0x0000000712ed7420) 
thrown [s\open\src\hotspot\share\prims\jni.cpp, line 520]
Event: 1870.919 Thread 0x00000226796c87d0 Exception <a 'sun/nio/fs/WindowsException'{0x00000007131b53b8}> (0x00000007131b53b8) 
thrown [s\open\src\hotspot\share\prims\jni.cpp, line 520]
Event: 1870.949 Thread 0x00000226796c8140 Exception <a 'sun/nio/fs/WindowsException'{0x00000007138a7140}> (0x00000007138a7140) 
thrown [s\open\src\hotspot\share\prims\jni.cpp, line 520]
Event: 1870.963 Thread 0x00000226796c9b80 Exception <a 'sun/nio/fs/WindowsException'{0x0000000712feaa68}> (0x0000000712feaa68) 
thrown [s\open\src\hotspot\share\prims\jni.cpp, line 520]
Event: 1870.976 Thread 0x00000226796ca210 Exception <a 'sun/nio/fs/WindowsException'{0x0000000712c2b858}> (0x0000000712c2b858) 
thrown [s\open\src\hotspot\share\prims\jni.cpp, line 520]
Event: 1870.987 Thread 0x00000226796c7ab0 Exception <a 'sun/nio/fs/WindowsException'{0x0000000712c5b230}> (0x0000000712c5b230) 
thrown [s\open\src\hotspot\share\prims\jni.cpp, line 520]
Event: 1870.998 Thread 0x00000226796ca8a0 Exception <a 'sun/nio/fs/WindowsException'{0x0000000712e4e6a0}> (0x0000000712e4e6a0) 
thrown [s\open\src\hotspot\share\prims\jni.cpp, line 520]

ZGC Phase Switch (0 events):
No events

VM Operations (20 events):
Event: 1768.584 Executing VM operation: Cleanup
Event: 1768.584 Executing VM operation: Cleanup done
Event: 1772.631 Executing VM operation: Cleanup
Event: 1772.631 Executing VM operation: Cleanup done
Event: 1773.631 Executing VM operation: Cleanup
Event: 1773.632 Executing VM operation: Cleanup done
Event: 1778.663 Executing VM operation: Cleanup
Event: 1778.664 Executing VM operation: Cleanup done
Event: 1786.717 Executing VM operation: Cleanup
Event: 1786.717 Executing VM operation: Cleanup done
Event: 1792.736 Executing VM operation: Cleanup
Event: 1792.736 Executing VM operation: Cleanup done
Event: 1793.736 Executing VM operation: Cleanup
Event: 1793.737 Executing VM operation: Cleanup done
Event: 1804.311 Executing VM operation: HandshakeAllThreads (HandshakeForDeflation)
Event: 1804.311 Executing VM operation: HandshakeAllThreads (HandshakeForDeflation) done
Event: 1804.311 Executing VM operation: RendezvousGCThreads
Event: 1804.311 Executing VM operation: RendezvousGCThreads done
Event: 1871.743 Executing VM operation: Cleanup
Event: 1871.743 Executing VM operation: Cleanup done

Events (20 events):
Event: 820.438 Thread 0x0000022631ba0280 Thread exited: 0x0000022631ba0280
Event: 890.373 Thread 0x0000022631b9ee10 Thread added: 0x0000022631b9ee10
Event: 895.539 Thread 0x0000022631b9ee10 Thread exited: 0x0000022631b9ee10
Event: 1730.815 Thread 0x0000022631b9fbb0 Thread added: 0x0000022631b9fbb0
Event: 1735.261 Thread 0x0000022631b9fbb0 Thread exited: 0x0000022631b9fbb0
Event: 1767.957 Thread 0x0000022679c0af40 Thread added: 0x0000022679c0af40
Event: 1767.969 Thread 0x0000022679c0a220 Thread added: 0x0000022679c0a220
Event: 1791.355 Thread 0x0000022679c0af40 Thread exited: 0x0000022679c0af40
Event: 1791.435 Thread 0x0000022679c0a220 Thread exited: 0x0000022679c0a220
Event: 1792.127 Thread 0x0000022631ba1020 Thread added: 0x0000022631ba1020
Event: 1792.749 Thread 0x0000022679c0bc60 Thread added: 0x0000022679c0bc60
Event: 1792.750 Thread 0x0000022679c09b90 Thread added: 0x0000022679c09b90
Event: 1792.750 Thread 0x0000022631ba1020 Thread exited: 0x0000022631ba1020
Event: 1797.760 Thread 0x0000022679c0bc60 Thread exited: 0x0000022679c0bc60
Event: 1797.801 Thread 0x0000022679c09b90 Thread exited: 0x0000022679c09b90
Event: 1801.545 Thread 0x0000022679c0a220 Thread added: 0x0000022679c0a220
Event: 1801.547 Thread 0x0000022679c0b5d0 Thread added: 0x0000022679c0b5d0
Event: 1807.813 Thread 0x0000022679c0a220 Thread exited: 0x0000022679c0a220
Event: 1807.877 Thread 0x0000022679c0b5d0 Thread exited: 0x0000022679c0b5d0
Event: 1870.862 Thread 0x0000022631ba1020 Thread added: 0x0000022631ba1020


Dynamic libraries:
0x00007ff7521d0000 - 0x00007ff7521e0000 	C:\Program Files\Java\jdk-21\bin\java.exe
0x00007ffc336e0000 - 0x00007ffc33946000 	C:\WINDOWS\SYSTEM32\ntdll.dll
0x00007ffc31f50000 - 0x00007ffc32019000 	C:\WINDOWS\System32\KERNEL32.DLL
0x00007ffc30bd0000 - 0x00007ffc30f9c000 	C:\WINDOWS\System32\KERNELBASE.dll
0x00007ffc31080000 - 0x00007ffc311cb000 	C:\WINDOWS\System32\ucrtbase.dll
0x00007ffbd88d0000 - 0x00007ffbd88e9000 	C:\Program Files\Java\jdk-21\bin\jli.dll
0x00007ffc14110000 - 0x00007ffc1412b000 	C:\Program Files\Java\jdk-21\bin\VCRUNTIME140.dll
0x00007ffc32020000 - 0x00007ffc320d2000 	C:\WINDOWS\System32\ADVAPI32.dll
0x00007ffc333a0000 - 0x00007ffc33449000 	C:\WINDOWS\System32\msvcrt.dll
0x00007ffc32bc0000 - 0x00007ffc32c66000 	C:\WINDOWS\System32\sechost.dll
0x00007ffc31910000 - 0x00007ffc31a26000 	C:\WINDOWS\System32\RPCRT4.dll
0x00007ffc327c0000 - 0x00007ffc3298a000 	C:\WINDOWS\System32\USER32.dll
0x00007ffc19e90000 - 0x00007ffc1a12a000 	C:\WINDOWS\WinSxS\amd64_microsoft.windows.common-controls_6595b64144ccf1df_6.0.26100.3912_none_3e07963ce335137e\COMCTL32.dll
0x00007ffc31050000 - 0x00007ffc31077000 	C:\WINDOWS\System32\win32u.dll
0x00007ffc318e0000 - 0x00007ffc3190b000 	C:\WINDOWS\System32\GDI32.dll
0x00007ffc30870000 - 0x00007ffc309a2000 	C:\WINDOWS\System32\gdi32full.dll
0x00007ffc24da0000 - 0x00007ffc24dab000 	C:\WINDOWS\SYSTEM32\VERSION.dll
0x00007ffc30fa0000 - 0x00007ffc31043000 	C:\WINDOWS\System32\msvcp_win.dll
0x00007ffc32170000 - 0x00007ffc321a0000 	C:\WINDOWS\System32\IMM32.DLL
0x00007ffc10e00000 - 0x00007ffc10e0c000 	C:\Program Files\Java\jdk-21\bin\vcruntime140_1.dll
0x00007ffb9ffb0000 - 0x00007ffba003e000 	C:\Program Files\Java\jdk-21\bin\msvcp140.dll
0x00007ffb7b2e0000 - 0x00007ffb7bffa000 	C:\Program Files\Java\jdk-21\bin\server\jvm.dll
0x00007ffc31710000 - 0x00007ffc31784000 	C:\WINDOWS\System32\WS2_32.dll
0x00007ffc306e0000 - 0x00007ffc3073e000 	C:\WINDOWS\SYSTEM32\POWRPROF.dll
0x00007ffc19b50000 - 0x00007ffc19b86000 	C:\WINDOWS\SYSTEM32\WINMM.dll
0x00007ffc306c0000 - 0x00007ffc306d4000 	C:\WINDOWS\SYSTEM32\UMPDC.dll
0x00007ffc2f5f0000 - 0x00007ffc2f60a000 	C:\WINDOWS\SYSTEM32\kernel.appcore.dll
0x00007ffc0b830000 - 0x00007ffc0b83a000 	C:\Program Files\Java\jdk-21\bin\jimage.dll
0x00007ffc2dbe0000 - 0x00007ffc2de21000 	C:\WINDOWS\SYSTEM32\DBGHELP.DLL
0x00007ffc31a30000 - 0x00007ffc31db4000 	C:\WINDOWS\System32\combase.dll
0x00007ffc317f0000 - 0x00007ffc318d0000 	C:\WINDOWS\System32\OLEAUT32.dll
0x00007ffc10c70000 - 0x00007ffc10ca9000 	C:\WINDOWS\SYSTEM32\dbgcore.DLL
0x00007ffc30b30000 - 0x00007ffc30bc9000 	C:\WINDOWS\System32\bcryptPrimitives.dll
0x00007ffc28340000 - 0x00007ffc2834f000 	C:\Program Files\Java\jdk-21\bin\instrument.dll
0x00007ffbd88b0000 - 0x00007ffbd88cf000 	C:\Program Files\Java\jdk-21\bin\java.dll
0x00007ffc32c70000 - 0x00007ffc3339d000 	C:\WINDOWS\System32\SHELL32.dll
0x00007ffc309b0000 - 0x00007ffc30b24000 	C:\WINDOWS\System32\wintypes.dll
0x00007ffc2e4c0000 - 0x00007ffc2ed16000 	C:\WINDOWS\SYSTEM32\windows.storage.dll
0x00007ffc31e30000 - 0x00007ffc31f1f000 	C:\WINDOWS\System32\SHCORE.dll
0x00007ffc31dc0000 - 0x00007ffc31e29000 	C:\WINDOWS\System32\shlwapi.dll
0x00007ffc30780000 - 0x00007ffc307af000 	C:\WINDOWS\SYSTEM32\profapi.dll
0x00007ffb92810000 - 0x00007ffb928e7000 	C:\Program Files\Java\jdk-21\bin\jsvml.dll
0x00007ffbbe490000 - 0x00007ffbbe4a8000 	C:\Program Files\Java\jdk-21\bin\zip.dll
0x00007ffc0b610000 - 0x00007ffc0b620000 	C:\Program Files\Java\jdk-21\bin\net.dll
0x00007ffc23030000 - 0x00007ffc2314e000 	C:\WINDOWS\SYSTEM32\WINHTTP.dll
0x00007ffc2fb40000 - 0x00007ffc2fbaa000 	C:\WINDOWS\system32\mswsock.dll
0x00007ffbd17f0000 - 0x00007ffbd1806000 	C:\Program Files\Java\jdk-21\bin\nio.dll
0x00007ffc26290000 - 0x00007ffc262aa000 	C:\Users\pc\AppData\Local\JetBrains\IntelliJ IDEA Community Edition 2024.1.3\bin\breakgen64.dll
0x00007ffc09ab0000 - 0x00007ffc09ab9000 	C:\Program Files\Java\jdk-21\bin\extnet.dll
0x00007ffc262c0000 - 0x00007ffc262ca000 	C:\Program Files\Java\jdk-21\bin\management.dll
0x00007ffc262b0000 - 0x00007ffc262bb000 	C:\Program Files\Java\jdk-21\bin\management_ext.dll
0x00007ffc33450000 - 0x00007ffc33458000 	C:\WINDOWS\System32\PSAPI.DLL
0x00007ffc17580000 - 0x00007ffc1758e000 	C:\Program Files\Java\jdk-21\bin\sunmscapi.dll
0x00007ffc31260000 - 0x00007ffc313d7000 	C:\WINDOWS\System32\CRYPT32.dll
0x00007ffc30050000 - 0x00007ffc30080000 	C:\WINDOWS\SYSTEM32\ncrypt.dll
0x00007ffc30000000 - 0x00007ffc3003f000 	C:\WINDOWS\SYSTEM32\NTASN1.dll
0x00007ffc2ff00000 - 0x00007ffc2ff1c000 	C:\WINDOWS\SYSTEM32\CRYPTSP.dll
0x00007ffc2f550000 - 0x00007ffc2f58a000 	C:\WINDOWS\system32\rsaenh.dll
0x00007ffc2fbe0000 - 0x00007ffc2fc0b000 	C:\WINDOWS\SYSTEM32\USERENV.dll
0x00007ffc30750000 - 0x00007ffc30776000 	C:\WINDOWS\SYSTEM32\bcrypt.dll
0x00007ffc2fd70000 - 0x00007ffc2fd7c000 	C:\WINDOWS\SYSTEM32\CRYPTBASE.dll
0x00007ffc2f010000 - 0x00007ffc2f043000 	C:\WINDOWS\SYSTEM32\IPHLPAPI.DLL
0x00007ffc320e0000 - 0x00007ffc320ea000 	C:\WINDOWS\System32\NSI.dll
0x00007ffbf8360000 - 0x00007ffbf8370000 	C:\Program Files\Java\jdk-21\bin\verify.dll
0x00007ffc2f050000 - 0x00007ffc2f177000 	C:\WINDOWS\SYSTEM32\DNSAPI.dll
0x00007ffc1a4f0000 - 0x00007ffc1a4fb000 	C:\Windows\System32\rasadhlp.dll
0x00007ffc1c350000 - 0x00007ffc1c3d6000 	C:\WINDOWS\System32\fwpuclnt.dll
0x00007ffc11160000 - 0x00007ffc11168000 	C:\WINDOWS\system32\wshunix.dll

dbghelp: loaded successfully - version: 4.0.5 - missing functions: none
symbol engine: initialized successfully - sym options: 0x614 - pdb path: .;C:\Program Files\Java\jdk-21\bin;C:\WINDOWS\SYSTEM32;C:\WINDOWS\WinSxS\amd64_microsoft.windows.common-controls_6595b64144ccf1df_6.0.26100.3912_none_3e07963ce335137e;C:\Program Files\Java\jdk-21\bin\server;C:\Users\pc\AppData\Local\JetBrains\IntelliJ IDEA Community Edition 2024.1.3\bin

VM Arguments:
jvm_args: -javaagent:C:\Users\pc\AppData\Local\JetBrains\IntelliJ IDEA Community Edition 2024.1.3\lib\idea_rt.jar=47773:C:\Users\pc\AppData\Local\JetBrains\IntelliJ IDEA Community Edition 2024.1.3\bin -Dfile.encoding=UTF-8 
java_command: com.TodayTask.Admin.Panel.AdminPanelApplication
java_class_path (initial): E:\crud op\backend\backend\Admin Panel\Admin-Panel\target\classes;C:\Users\pc\.m2\repository\io\jsonwebtoken\jjwt-impl\0.12.6\jjwt-impl-0.12.6.jar;C:\Users\pc\.m2\repository\io\jsonwebtoken\jjwt-jackson\0.12.6\jjwt-jackson-0.12.6.jar;C:\Users\pc\.m2\repository\com\fasterxml\jackson\core\jackson-databind\2.18.3\jackson-databind-2.18.3.jar;C:\Users\pc\.m2\repository\com\fasterxml\jackson\core\jackson-annotations\2.18.3\jackson-annotations-2.18.3.jar;C:\Users\pc\.m2\repository\com\fasterxml\jackson\core\jackson-core\2.18.3\jackson-core-2.18.3.jar;C:\Users\pc\.m2\repository\io\jsonwebtoken\jjwt-api\0.12.6\jjwt-api-0.12.6.jar;C:\Users\pc\.m2\repository\org\apache\poi\poi-ooxml\5.2.3\poi-ooxml-5.2.3.jar;C:\Users\pc\.m2\repository\org\apache\poi\poi\5.2.3\poi-5.2.3.jar;C:\Users\pc\.m2\repository\commons-codec\commons-codec\1.17.2\commons-codec-1.17.2.jar;C:\Users\pc\.m2\repository\org\apache\commons\commons-math3\3.6.1\commons-math3-3.6.1.jar;C:\Users\pc\.m2\repository\com\zaxxer\SparseBitSet\1.2\SparseBitSet-1.2.jar;C:\Users\pc\.m2\repository\org\apache\poi\poi-ooxml-lite\5.2.3\poi-ooxml-lite-5.2.3.jar;C:\Users\pc\.m2\repository\org\apache\xmlbeans\xmlbeans\5.1.1\xmlbeans-5.1.1.jar;C:\Users\pc\.m2\repository\org\apache\commons\commons-compress\1.21\commons-compress-1.21.jar;C:\Users\pc\.m2\repository\commons-io\commons-io\2.11.0\commons-io-2.11.0.jar;C:\Users\pc\.m2\repository\com\github\virtuald\curvesapi\1.07\curvesapi-1.07.jar;C:\Users\pc\.m2\repository\org\apache\logging\log4j\log4j-api\2.24.3\log4j-api-2.24.3.jar;C:\Users\pc\.m2\repository\org\apache\commons\commons-collections4\4.4\commons-collections4-4.4.jar;C:\Users\pc\.m2\repository\org\liquibase\liquibase-core\4.29.2\liquibase-core-4.29.2.jar;C:\Users\pc\.m2\repository\com\opencsv\opencsv\5.9\opencsv-5.9.jar;C:\Users\pc\.m2\repository\org\yaml\snakeyaml\2.3\snakeyaml-2.3.jar;C:\Users\pc\.m2\repository\javax\xml\bind\jaxb-api\2.3.1\jaxb-api-2.3.1.jar;C:\Users\pc\.m2\repository\org\apache\commons\commons-text\1.12.0\commons-text-1.12.0.jar;C:\Users\pc\.m2\repository\org\apache\commons\commons-lang3\3.17.0\commons-lang3-3.17.0.jar;C:\Users\pc\.m2\repository\org\springframework\boot\spring-boot-starter-data-jpa\3.4.4\spring-boot-starter-data-jpa-3.4.4.jar;C:\Users\pc\.m2\repository\org\springframework\boot\spring-boot-starter\3.4.4\spring-boot-starter-3.4.4.jar;C:\Users\pc\.m2\repository\org\springframework\boot\spring-boot-starter-logging\3.4.4\spring-boot-starter-logging-3.4.4.jar;C:\Users\pc\.m2\repository\ch\qos\logback\logback-classic\1.5.18\logback-classic-1.5.18.jar;C:\Users\pc\.m2\repository\ch\qos\logback\logback-core\1.5.18\logback-core-1.5.18.jar;C:\Users\pc\.m2\repository\org\apache\logging\log4j\log4j-to-slf4j\2.24.3\log4j-to-slf4j-2.24.3.jar;C:\Users\pc\.m2\repository\org\slf4j\jul-to-slf4j\2.0.17\jul-to-slf4j-2.0.17.jar;C:\Users\pc\.m2\repository\jakarta\annotation\jakarta.annotation-api\2.1.1\jakarta.annotation-api-2.1.1.jar;C:\Users\pc\.m2\repository\org\springframework\boot\spring-boot-starter-jdbc\3.4.4\spring-boot-starter-jdbc-3.4.4.jar;C:\Users\pc\.m2\repository\com\zaxxer\HikariCP\5.1.0\HikariCP-5.1.0.jar;C:\Users\pc\.m2\repository\org\springframework\spring-jdbc\6.2.5\spring-jdbc-6.2.5.jar;C:\Users\pc\.m2\repository\org\hibernate\orm\hibernate-core\6.6.11.Final\hibernate-core-6.6.11.Final.jar;C:\Users\pc\.m2\repository\jakarta\persistence\jakarta.persistence-api\3.1.0\jakarta.persistence-api-3.1.0.jar;C:\Users\pc\.m2\repository\jakarta\transaction\jakarta.transaction-api\2.0.1\jakarta.transaction-api-2.0.1.jar;C:\Users\pc\.m2\repository\org\jboss\logging\jboss-logging\3.6.1.Final\jboss-logging-3.6.1.Final.jar;C:\Users\pc\.m2\repository\org\hibernate\common\hibernate-commons-annotations\7.0.3.Final\hibernate-commons-annotations-7.0.3.Final.jar;C:\Users\pc\.m2\repository\io\smallrye\jandex\3.2.0\jandex-3.2.0.jar;C:\Users\pc\.m2\repository\com\fasterxml\classmate\1.7.0\classmate-1.7.0.jar;C:\Users\pc\.m2\repository\net\bytebuddy\byte-buddy\1.15.11\byte-buddy-1.15.11.jar;C:\Users\pc\.m2\repository\org\glassfish\jaxb\jaxb-runtime\4.0.5\jaxb-runtime-4.0.5.jar;C:\Users\pc\.m2\repository\org\glassfish\jaxb\jaxb-core\4.0.5\jaxb-core-4.0.5.jar;C:\Users\pc\.m2\repository\org\glassfish\jaxb\txw2\4.0.5\txw2-4.0.5.jar;C:\Users\pc\.m2\repository\com\sun\istack\istack-commons-runtime\4.1.2\istack-commons-runtime-4.1.2.jar;C:\Users\pc\.m2\repository\jakarta\inject\jakarta.inject-api\2.0.1\jakarta.inject-api-2.0.1.jar;C:\Users\pc\.m2\repository\org\antlr\antlr4-runtime\4.13.0\antlr4-runtime-4.13.0.jar;C:\Users\pc\.m2\repository\org\springframework\data\spring-data-jpa\3.4.4\spring-data-jpa-3.4.4.jar;C:\Users\pc\.m2\repository\org\springframework\data\spring-data-commons\3.4.4\spring-data-commons-3.4.4.jar;C:\Users\pc\.m2\repository\org\springframework\spring-orm\6.2.5\spring-orm-6.2.5.jar;C:\Users\pc\.m2\repository\org\springframework\spring-context\6.2.5\spring-context-6.2.5.jar;C:\Users\pc\.m2\repository\org\springframework\spring-tx\6.2.5\spring-tx-6.2.5.jar;C:\Users\pc\.m2\repository\org\springframework\spring-beans\6.2.5\spring-beans-6.2.5.jar;C:\Users\pc\.m2\repository\org\slf4j\slf4j-api\2.0.17\slf4j-api-2.0.17.jar;C:\Users\pc\.m2\repository\org\springframework\spring-aspects\6.2.5\spring-aspects-6.2.5.jar;C:\Users\pc\.m2\repository\org\aspectj\aspectjweaver\1.9.23\aspectjweaver-1.9.23.jar;C:\Users\pc\.m2\repository\org\springframework\boot\spring-boot-starter-security\3.4.4\spring-boot-starter-security-3.4.4.jar;C:\Users\pc\.m2\repository\org\springframework\spring-aop\6.2.5\spring-aop-6.2.5.jar;C:\Users\pc\.m2\repository\org\springframework\security\spring-security-config\6.4.4\spring-security-config-6.4.4.jar;C:\Users\pc\.m2\repository\org\springframework\security\spring-security-web\6.4.4\spring-security-web-6.4.4.jar;C:\Users\pc\.m2\repository\org\springframework\spring-expression\6.2.5\spring-expression-6.2.5.jar;C:\Users\pc\.m2\repository\org\springframework\boot\spring-boot-starter-validation\3.4.4\spring-boot-starter-validation-3.4.4.jar;C:\Users\pc\.m2\repository\org\apache\tomcat\embed\tomcat-embed-el\10.1.39\tomcat-embed-el-10.1.39.jar;C:\Users\pc\.m2\repository\org\hibernate\validator\hibernate-validator\8.0.2.Final\hibernate-validator-8.0.2.Final.jar;C:\Users\pc\.m2\repository\jakarta\validation\jakarta.validation-api\3.0.2\jakarta.validation-api-3.0.2.jar;C:\Users\pc\.m2\repository\org\springframework\boot\spring-boot-starter-web\3.4.4\spring-boot-starter-web-3.4.4.jar;C:\Users\pc\.m2\repository\org\springframework\boot\spring-boot-starter-json\3.4.4\spring-boot-starter-json-3.4.4.jar;C:\Users\pc\.m2\repository\com\fasterxml\jackson\datatype\jackson-datatype-jdk8\2.18.3\jackson-datatype-jdk8-2.18.3.jar;C:\Users\pc\.m2\repository\com\fasterxml\jackson\datatype\jackson-datatype-jsr310\2.18.3\jackson-datatype-jsr310-2.18.3.jar;C:\Users\pc\.m2\repository\com\fasterxml\jackson\module\jackson-module-parameter-names\2.18.3\jackson-module-parameter-names-2.18.3.jar;C:\Users\pc\.m2\repository\org\springframework\boot\spring-boot-starter-tomcat\3.4.4\spring-boot-starter-tomcat-3.4.4.jar;C:\Users\pc\.m2\repository\org\apache\tomcat\embed\tomcat-embed-core\10.1.39\tomcat-embed-core-10.1.39.jar;C:\Users\pc\.m2\repository\org\apache\tomcat\embed\tomcat-embed-websocket\10.1.39\tomcat-embed-websocket-10.1.39.jar;C:\Users\pc\.m2\repository\org\springframework\spring-web\6.2.5\spring-web-6.2.5.jar;C:\Users\pc\.m2\repository\io\micrometer\micrometer-observation\1.14.5\micrometer-observation-1.14.5.jar;C:\Users\pc\.m2\repository\io\micrometer\micrometer-commons\1.14.5\micrometer-commons-1.14.5.jar;C:\Users\pc\.m2\repository\org\springframework\spring-webmvc\6.2.5\spring-webmvc-6.2.5.jar;C:\Users\pc\.m2\repository\org\springframework\boot\spring-boot-devtools\3.4.4\spring-boot-devtools-3.4.4.jar;C:\Users\pc\.m2\repository\org\springframework\boot\spring-boot\3.4.4\spring-boot-3.4.4.jar;C:\Users\pc\.m2\repository\org\springframework\boot\spring-boot-autoconfigure\3.4.4\spring-boot-autoconfigure-3.4.4.jar;C:\Users\pc\.m2\repository\com\mysql\mysql-connector-j\9.1.0\mysql-connector-j-9.1.0.jar;C:\Users\pc\.m2\repository\org\springframework\boot\spring-boot-starter-mail\3.4.4\spring-boot-starter-mail-3.4.4.jar;C:\Users\pc\.m2\repository\org\springframework\spring-context-support\6.2.5\spring-context-support-6.2.5.jar;C:\Users\pc\.m2\repository\org\eclipse\angus\jakarta.mail\2.0.3\jakarta.mail-2.0.3.jar;C:\Users\pc\.m2\repository\jakarta\activation\jakarta.activation-api\2.1.3\jakarta.activation-api-2.1.3.jar;C:\Users\pc\.m2\repository\org\eclipse\angus\angus-activation\2.0.2\angus-activation-2.0.2.jar;C:\Users\pc\.m2\repository\jakarta\xml\bind\jakarta.xml.bind-api\4.0.2\jakarta.xml.bind-api-4.0.2.jar;C:\Users\pc\.m2\repository\org\springframework\spring-core\6.2.5\spring-core-6.2.5.jar;C:\Users\pc\.m2\repository\org\springframework\spring-jcl\6.2.5\spring-jcl-6.2.5.jar;C:\Users\pc\.m2\repository\org\springframework\security\spring-security-core\6.4.4\spring-security-core-6.4.4.jar;C:\Users\pc\.m2\repository\org\springframework\security\spring-security-crypto\6.4.4\spring-security-crypto-6.4.4.jar;C:\Users\pc\.m2\repository\com\github\javafaker\javafaker\1.0.2\javafaker-1.0.2.jar;C:\Users\pc\.m2\repository\org\yaml\snakeyaml\1.23\snakeyaml-1.23-android.jar;C:\Users\pc\.m2\repository\com\github\mifmif\generex\1.0.2\generex-1.0.2.jar;C:\Users\pc\.m2\repository\dk\brics\automaton\automaton\1.11-8\automaton-1.11-8.jar
Launcher Type: SUN_STANDARD

[Global flags]
     intx CICompilerCount                          = 4                                         {product} {ergonomic}
     uint ConcGCThreads                            = 2                                         {product} {ergonomic}
     uint G1ConcRefinementThreads                  = 8                                         {product} {ergonomic}
   size_t G1HeapRegionSize                         = 2097152                                   {product} {ergonomic}
    uintx GCDrainStackTargetSize                   = 64                                        {product} {ergonomic}
   size_t InitialHeapSize                          = 266338304                                 {product} {ergonomic}
   size_t MarkStackSize                            = 4194304                                   {product} {ergonomic}
   size_t MaxHeapSize                              = 4259315712                                {product} {ergonomic}
   size_t MaxNewSize                               = 2554331136                                {product} {ergonomic}
   size_t MinHeapDeltaBytes                        = 2097152                                   {product} {ergonomic}
   size_t MinHeapSize                              = 8388608                                   {product} {ergonomic}
    uintx NonNMethodCodeHeapSize                   = 5839372                                {pd product} {ergonomic}
    uintx NonProfiledCodeHeapSize                  = 122909434                              {pd product} {ergonomic}
    uintx ProfiledCodeHeapSize                     = 122909434                              {pd product} {ergonomic}
    uintx ReservedCodeCacheSize                    = 251658240                              {pd product} {ergonomic}
     bool SegmentedCodeCache                       = true                                      {product} {ergonomic}
   size_t SoftMaxHeapSize                          = 4259315712                             {manageable} {ergonomic}
     bool UseCompressedOops                        = true                           {product lp64_product} {ergonomic}
     bool UseG1GC                                  = true                                      {product} {ergonomic}
     bool UseLargePagesIndividualAllocation        = false                                  {pd product} {ergonomic}

Logging:
Log output configuration:
 #0: stdout all=warning uptime,level,tags foldmultilines=false
 #1: stderr all=off uptime,level,tags foldmultilines=false

Environment Variables:
CLASSPATH=C:\Program Files\Java\jdk-17\bin
PATH=C:\Program Files\Common Files\Oracle\Java\javapath;C:\Program Files (x86)\Common Files\Oracle\Java\javapath;C:\Program Files (x86)\VMware\VMware Player\bin\;C:\oraclexe\app\oracle\product\11.2.0\server\bin;C:\WINDOWS\system32;C:\WINDOWS;C:\WINDOWS\System32\Wbem;C:\WINDOWS\System32\WindowsPowerShell\v1.0\;C:\WINDOWS\System32\OpenSSH\;C:\Program Files\dotnet\;C:\Program Files (x86)\Intel\Intel(R) Management Engine Components\DAL;C:\Program Files\Intel\Intel(R) Management Engine Components\DAL;C:\Program Files\Git\cmd;C:\Program Files\nodejs;C:\MinGW\bin;C:\Program Files\Java\jdk1.8.0_202\bin\;D:\software\Nodejs\;C:\Program Files\Microsoft SQL Server\130\Tools\Binn\;E:\XAMPP\mysql\bin;D:\Intelije\IntelliJ IDEA Community Edition 2024.1.3\bin;C:\Program Files\MongoDB\mongosh-2.3.2-win32-x64\bin;C:\Program Files (x86)\Microsoft SQL Server\100\Tools\Binn\;C:\Program Files\Microsoft SQL Server\100\Tools\Binn\;C:\Program Files\Microsoft SQL Server\100\DTS\Binn\;C:\Program Files\Java\jdk-21\bin;C:\Program Files\MySQL\MySQL Shell 8.0\bin\;C:\Users\pc\AppData\Local\Programs\Python\Python312\Scripts\;C:\Users\pc\AppData\Local\Programs\Python\Python312\;C:\Users\pc\AppData\Local\Programs\Python\Launcher\;C:\Users\pc\AppData\Local\Microsoft\WindowsApps;C:\Users\pc\AppData\Local\Programs\Microsoft VS Code\bin;C:\MinGW\bin;C:\Users\pc\AppData\Roaming\npm;C:\Users\pc\AppData\Local\GitHubDesktop\bin;C:\Users\pc\AppData\Local\JetBrains\IntelliJ IDEA Community Edition 2024.1.3\bin;;D:\Nmap;C:\Program Files\Java\jdk-17\bin;D:\Intelije\IntelliJ IDEA Community Edition 2024.1.3\bin;
USERNAME=pc
OS=Windows_NT
PROCESSOR_IDENTIFIER=Intel64 Family 6 Model 142 Stepping 10, GenuineIntel
TMP=C:\Users\pc\AppData\Local\Temp
TEMP=C:\Users\pc\AppData\Local\Temp




Periodic native trim disabled

---------------  S Y S T E M  ---------------

OS:
 Windows 11 , 64 bit Build 26100 (10.0.26100.3912)
OS uptime: 0 days 2:30 hours
Hyper-V role detected

CPU: total 8 (initial active 8) (4 cores per cpu, 2 threads per core) family 6 model 142 stepping 10 microcode 0xf0, cx8, cmov, fxsr, ht, mmx, 3dnowpref, sse, sse2, sse3, ssse3, sse4.1, sse4.2, popcnt, lzcnt, tsc, tscinvbit, avx, avx2, aes, erms, clmul, bmi1, bmi2, rtm, adx, fma, vzeroupper, clflush, clflushopt, hv, rdtscp, f16c
Processor Information for processor 0
  Max Mhz: 2112, Current Mhz: 1910, Mhz Limit: 1900
Processor Information for processor 1
  Max Mhz: 2112, Current Mhz: 1508, Mhz Limit: 1900
Processor Information for processor 2
  Max Mhz: 2112, Current Mhz: 1910, Mhz Limit: 1900
Processor Information for processor 3
  Max Mhz: 2112, Current Mhz: 1508, Mhz Limit: 1900
Processor Information for processor 4
  Max Mhz: 2112, Current Mhz: 1508, Mhz Limit: 1900
Processor Information for processor 5
  Max Mhz: 2112, Current Mhz: 1910, Mhz Limit: 1900
Processor Information for processor 6
  Max Mhz: 2112, Current Mhz: 1508, Mhz Limit: 1900
Processor Information for processor 7
  Max Mhz: 2112, Current Mhz: 1910, Mhz Limit: 1900

Memory: 4k page, system-wide physical 16242M (3988M free)
TotalPageFile size 16242M (AvailPageFile size 27M)
current process WorkingSet (physical memory assigned to process): 518M, peak: 565M
current process commit charge ("private bytes"): 603M, peak: 614M

vm_info: Java HotSpot(TM) 64-Bit Server VM (21.0.6+8-LTS-188) for windows-amd64 JRE (21.0.6+8-LTS-188), built on 2024-12-03T10:50:54Z by "mach5one" with MS VC++ 17.6 (VS2022)

END.
